#
# A fatal error has been detected by the Java Runtime Environment:
#
#  EXCEPTION_ACCESS_VIOLATION (0xc0000005) at pc=0x00007ff8aa02e878, pid=3744, tid=5208
#
# JRE version: OpenJDK Runtime Environment (15.0.1+9) (build 15.0.1+9-18)
# Java VM: OpenJDK 64-Bit Server VM (15.0.1+9-18, mixed mode, tiered, compressed oops, g1 gc, windows-amd64)
# Problematic frame:
# V  [jvm.dll+0x20e878]
#
# No core dump will be written. Minidumps are not enabled by default on client versions of Windows
#
# If you would like to submit a bug report, please visit:
#   https://bugreport.java.com/bugreport/crash.jsp
#

---------------  S U M M A R Y ------------

Command Line: -XX:+ShowCodeDetailsInExceptionMessages -agentlib:jdwp=transport=dt_socket,suspend=y,address=localhost:52207 -ea -Dfile.encoding=Cp1252 org.testng.remote.RemoteTestNG -serport 52206 -protocol json -d C:\Users\Venkatesh Fin\eclipse-workspace\maven-demo\test-output C:\Users\VENKAT~1\AppData\Local\Temp\testng-eclipse-1950711499\testng-customsuite.xml

Host: Intel(R) Core(TM) i3-3220 CPU @ 3.30GHz, 4 cores, 7G,  Windows 8.1 , 64 bit Build 9600 (6.3.9600.19843)
Time: Mon Mar 15 13:49:19 2021 GMT Standard Time elapsed time: 14351.236281 seconds (0d 3h 59m 11s)

---------------  T H R E A D  ---------------

Current thread (0x000000587fb2e250):  JavaThread "JDWP Transport Listener: dt_socket" daemon [_thread_in_vm, id=5208, stack(0x0000005805170000,0x0000005805270000)] _threads_hazard_ptr=0x00000058063dfbc0

Stack: [0x0000005805170000,0x0000005805270000],  sp=0x000000580526edc8,  free space=1019k
Native frames: (J=compiled Java code, j=interpreted, Vv=VM code, C=native code)
V  [jvm.dll+0x20e878]


siginfo: EXCEPTION_ACCESS_VIOLATION (0xc0000005), reading address 0x0000005807709050


Register to memory mapping:

RIP=0x00007ff8aa02e878 jvm.dll
RAX=0x0000000000194180 is an unknown value
RBX=0x000000580526f070 is pointing into the stack for thread: 0x000000587fb2e250
RCX=0x0000005807574ed0 is pointing into metadata
RDX=0x000000000000ca0b is an unknown value
RSP=0x000000580526edc8 is pointing into the stack for thread: 0x000000587fb2e250
RBP=0x0000000000000001 is an unknown value
RSI=0x0000000000000001 is an unknown value
RDI=0x0000005807232370 is pointing into metadata
R8 =0x0 is NULL
R9 =0x0000005807232370 is pointing into metadata
R10=0x000000580526f070 is pointing into the stack for thread: 0x000000587fb2e250
R11=0x0000005805c5e340 points into unknown readable memory: 0x4700000147000000 | 00 00 00 47 01 00 00 47
R12=0x00007ff8a9e20000 jvm.dll
R13=0x0000005805c5e310 points into unknown readable memory: 0x0000004284febe00 | 00 be fe 84 42 00 00 00
R14=0x0000005807232ab8 is pointing into metadata
R15=0x00000000000000a2 is an unknown value


Registers:
RAX=0x0000000000194180, RBX=0x000000580526f070, RCX=0x0000005807574ed0, RDX=0x000000000000ca0b
RSP=0x000000580526edc8, RBP=0x0000000000000001, RSI=0x0000000000000001, RDI=0x0000005807232370
R8 =0x0000000000000000, R9 =0x0000005807232370, R10=0x000000580526f070, R11=0x0000005805c5e340
R12=0x00007ff8a9e20000, R13=0x0000005805c5e310, R14=0x0000005807232ab8, R15=0x00000000000000a2
RIP=0x00007ff8aa02e878, EFLAGS=0x0000000000010202

Top of Stack: (sp=0x000000580526edc8)
0x000000580526edc8:   00007ff8aa11fcb3 000000580526ee40
0x000000580526edd8:   00007ff8a9f29cfe 000000580526ee40
0x000000580526ede8:   00007ff8a9f2201e 0000000000000000
0x000000580526edf8:   00000000000000a0 000000004600006f
0x000000580526ee08:   00007ff8aa1209b3 00005c28dacbbaf7
0x000000580526ee18:   00005c28dacbbac7 0000005807232ab8
0x000000580526ee28:   00000000000000b2 000000580526f070
0x000000580526ee38:   00007ff8aa1221e2 0000005807232b10
0x000000580526ee48:   000000580526eee0 0000000000000001
0x000000580526ee58:   00007ff8a9f29cfe 0000005800000078
0x000000580526ee68:   0000000000000004 0000005807232b10
0x000000580526ee78:   000000580526eee0 0000000000000004
0x000000580526ee88:   00007ff8a9e2c1a6 0000005807232b10
0x000000580526ee98:   000000580526f070 00000000000000a2
0x000000580526eea8:   00000000000000b2 000000580526f070
0x000000580526eeb8:   00007ff8aa1228ee 000000580526ef10 

Instructions: (pc=0x00007ff8aa02e878)
0x00007ff8aa02e778:   03 03 03 03 03 03 03 03 03 03 03 03 03 03 03 03
0x00007ff8aa02e788:   03 03 03 03 03 03 03 03 03 03 03 03 03 03 03 03
0x00007ff8aa02e798:   03 03 03 03 03 03 03 03 03 03 03 03 03 03 03 03
0x00007ff8aa02e7a8:   03 03 03 03 03 03 03 03 03 03 03 03 03 03 03 03
0x00007ff8aa02e7b8:   03 03 03 02 03 03 02 cc 48 89 5c 24 08 48 89 74
0x00007ff8aa02e7c8:   24 10 57 48 83 ec 20 48 63 da 41 0f b6 f0 48 8b
0x00007ff8aa02e7d8:   f9 85 d2 79 24 4c 8d 0d 9c 97 66 00 ba af 02 00
0x00007ff8aa02e7e8:   00 4c 8d 05 c8 97 66 00 48 8d 0d 41 97 66 00 e8
0x00007ff8aa02e7f8:   54 79 00 00 e8 3f c1 41 00 40 84 f6 75 18 48 8b
0x00007ff8aa02e808:   4f 10 48 85 c9 74 0f 48 8d 43 01 48 c1 e0 05 48
0x00007ff8aa02e818:   8b 04 08 0f b7 d8 48 8b 74 24 38 48 63 c3 48 8b
0x00007ff8aa02e828:   5c 24 30 0f b7 44 c7 48 48 83 c4 20 5f c3 cc cc
0x00007ff8aa02e838:   cc cc cc cc cc cc cc cc 4c 8b c9 45 84 c0 75 41
0x00007ff8aa02e848:   48 8b 49 10 48 85 c9 74 38 85 d2 79 19 f7 d2 8b
0x00007ff8aa02e858:   c2 48 ff c0 48 c1 e0 05 48 8b 04 08 0f b7 c8 41
0x00007ff8aa02e868:   0f b7 44 c9 4a c3 48 63 c2 48 ff c0 48 c1 e0 05
0x00007ff8aa02e878:   48 8b 04 08 0f b7 d0 48 63 c2 41 0f b7 44 c1 4a
0x00007ff8aa02e888:   c3 49 8b 41 08 4c 63 c2 42 0f b6 44 00 04 8d 48
0x00007ff8aa02e898:   ef 80 f9 01 76 0e 3c 6a 74 0a 48 63 c2 41 0f b7
0x00007ff8aa02e8a8:   44 c1 4a c3 43 0f b7 44 c1 4a c3 cc cc cc cc cc
0x00007ff8aa02e8b8:   cc cc cc cc cc cc cc cc 40 53 48 83 ec 20 48 8b
0x00007ff8aa02e8c8:   d9 e8 72 ff ff ff 48 63 d0 0f b7 44 d3 48 48 8b
0x00007ff8aa02e8d8:   44 c3 48 48 83 c4 20 5b c3 cc cc cc cc cc cc cc
0x00007ff8aa02e8e8:   cc cc cc cc cc cc cc cc 40 53 48 83 ec 20 48 8b
0x00007ff8aa02e8f8:   d9 e8 42 ff ff ff 48 63 d0 0f b7 44 d3 4a 48 8b
0x00007ff8aa02e908:   44 c3 48 48 83 c4 20 5b c3 cc cc cc cc cc cc cc
0x00007ff8aa02e918:   cc cc cc cc cc cc cc cc 4c 8b d1 45 84 c9 75 28
0x00007ff8aa02e928:   4c 8b 49 10 4d 85 c9 74 1f 45 85 c0 79 08 41 f7
0x00007ff8aa02e938:   d0 41 8b c0 eb 03 49 63 c0 48 ff c0 48 c1 e0 05
0x00007ff8aa02e948:   4a 8b 04 08 44 0f b7 c0 49 8b 42 08 49 63 c8 0f
0x00007ff8aa02e958:   b6 4c 08 04 48 8b c2 88 0a c3 cc cc cc cc cc cc
0x00007ff8aa02e968:   cc cc cc cc cc cc cc cc 40 56 57 41 54 41 56 41 


Stack slot to memory mapping:
stack at sp + 0 slots: 0x00007ff8aa11fcb3 jvm.dll
stack at sp + 1 slots: 0x000000580526ee40 is pointing into the stack for thread: 0x000000587fb2e250
stack at sp + 2 slots: 0x00007ff8a9f29cfe jvm.dll
stack at sp + 3 slots: 0x000000580526ee40 is pointing into the stack for thread: 0x000000587fb2e250
stack at sp + 4 slots: 0x00007ff8a9f2201e jvm.dll
stack at sp + 5 slots: 0x0 is NULL
stack at sp + 6 slots: 0x00000000000000a0 is an unknown value
stack at sp + 7 slots: 0x000000004600006f is an unknown value


---------------  P R O C E S S  ---------------

Threads class SMR info:
_java_thread_list=0x00000058063dfbc0, length=14, elements={
0x0000005869a63820, 0x000000587f9230f0, 0x000000587f9239b0, 0x000000587f9834b0,
0x000000587f985d80, 0x000000587f988650, 0x000000587f98ca10, 0x000000587f94a8b0,
0x000000587f954dc0, 0x000000587fb2e250, 0x000000587fb503b0, 0x000000587fb52aa0,
0x000000587fb67140, 0x000000587fb71590
}

Java Threads: ( => current thread )
  0x0000005869a63820 JavaThread "main" [_thread_blocked, id=320, stack(0x0000005869100000,0x0000005869200000)]
  0x000000587f9230f0 JavaThread "Reference Handler" daemon [_thread_blocked, id=1180, stack(0x000000587fe00000,0x000000587ff00000)]
  0x000000587f9239b0 JavaThread "Finalizer" daemon [_thread_blocked, id=3712, stack(0x000000587ff00000,0x0000005880000000)]
  0x000000587f9834b0 JavaThread "Signal Dispatcher" daemon [_thread_blocked, id=4968, stack(0x00000058047c0000,0x00000058048c0000)]
  0x000000587f985d80 JavaThread "Attach Listener" daemon [_thread_blocked, id=2236, stack(0x00000058048c0000,0x00000058049c0000)]
  0x000000587f988650 JavaThread "Service Thread" daemon [_thread_blocked, id=1020, stack(0x00000058049c0000,0x0000005804ac0000)]
  0x000000587f98ca10 JavaThread "C2 CompilerThread0" daemon [_thread_blocked, id=1016, stack(0x0000005804ac0000,0x0000005804bc0000)]
  0x000000587f94a8b0 JavaThread "C1 CompilerThread0" daemon [_thread_blocked, id=3816, stack(0x0000005804bc0000,0x0000005804cc0000)]
  0x000000587f954dc0 JavaThread "Sweeper thread" daemon [_thread_blocked, id=1940, stack(0x0000005804cc0000,0x0000005804dc0000)]
=>0x000000587fb2e250 JavaThread "JDWP Transport Listener: dt_socket" daemon [_thread_in_vm, id=5208, stack(0x0000005805170000,0x0000005805270000)]
  0x000000587fb503b0 JavaThread "JDWP Event Helper Thread" daemon [_thread_blocked, id=4064, stack(0x0000005805270000,0x0000005805370000)]
  0x000000587fb52aa0 JavaThread "JDWP Command Reader" daemon [_thread_in_native, id=2152, stack(0x0000005805370000,0x0000005805470000)]
  0x000000587fb67140 JavaThread "Notification Thread" daemon [_thread_blocked, id=6424, stack(0x0000005805470000,0x0000005805570000)]
  0x000000587fb71590 JavaThread "Common-Cleaner" daemon [_thread_blocked, id=5952, stack(0x0000005805670000,0x0000005805770000)]

Other Threads:
  0x000000587f6f89b0 VMThread "VM Thread" [stack: 0x000000587fd00000,0x000000587fe00000] [id=4940]
  0x000000587fb6b620 WatcherThread [stack: 0x0000005805570000,0x0000005805670000] [id=5144]
  0x0000005869aa3f40 GCTaskThread "GC Thread#0" [stack: 0x00000058698b0000,0x00000058699b0000] [id=4776]
  0x00000058058eb7b0 GCTaskThread "GC Thread#1" [stack: 0x0000005807640000,0x0000005807740000] [id=5192]
  0x00000058058e94a0 GCTaskThread "GC Thread#2" [stack: 0x0000005807740000,0x0000005807840000] [id=5712]
  0x00000058058ec470 GCTaskThread "GC Thread#3" [stack: 0x0000005807840000,0x0000005807940000] [id=1008]
  0x0000005869ab50e0 ConcurrentGCThread "G1 Main Marker" [stack: 0x000000587eec0000,0x000000587efc0000] [id=6644]
  0x0000005869ab7940 ConcurrentGCThread "G1 Conc#0" [stack: 0x000000587efc0000,0x000000587f0c0000] [id=3928]
  0x000000587f5220b0 ConcurrentGCThread "G1 Refine#0" [stack: 0x000000587f700000,0x000000587f800000] [id=6664]
  0x00000058061034a0 ConcurrentGCThread "G1 Refine#1" [stack: 0x0000005807940000,0x0000005807a40000] [id=4388]
  0x00000058062f4050 ConcurrentGCThread "G1 Refine#2" [stack: 0x0000005807b40000,0x0000005807c40000] [id=3004]
  0x0000005869afdf30 ConcurrentGCThread "G1 Young RemSet Sampling" [stack: 0x000000587f800000,0x000000587f900000] [id=5668]

Threads with active compile tasks:

VM state: not at safepoint (normal execution)

VM Mutex/Monitor currently owned by a thread: None

Heap address: 0x0000000084a00000, size: 1974 MB, Compressed Oops mode: 32-bit
CDS disabled.
Compressed class space mapped at: 0x0000000100000000-0x0000000140000000, size: 1073741824
Narrow klass base: 0x0000000000000000, Narrow klass shift: 3, Narrow klass range: 0x140000000

GC Precious Log:
 CPUs: 4 total, 4 available
 Memory: 7894M
 Large Page Support: Disabled
 NUMA Support: Disabled
 Compressed Oops: Enabled (32-bit)
 Heap Region Size: 1M
 Heap Min Capacity: 8M
 Heap Initial Capacity: 124M
 Heap Max Capacity: 1974M
 Pre-touch: Disabled
 Parallel Workers: 4
 Concurrent Workers: 1
 Concurrent Refinement Workers: 4
 Periodic GC: Disabled

Heap:
 garbage-first heap   total 126976K, used 10719K [0x0000000084a00000, 0x0000000100000000)
  region size 1024K, 5 young (5120K), 2 survivors (2048K)
 Metaspace       used 13327K, capacity 13482K, committed 13696K, reserved 1060864K
  class space    used 1246K, capacity 1292K, committed 1408K, reserved 1048576K

Heap Regions: E=young(eden), S=young(survivor), O=old, HS=humongous(starts), HC=humongous(continues), CS=collection set, F=free, OA=open archive, CA=closed archive, TAMS=top-at-mark-start (previous, next)
|   0|0x0000000084a00000, 0x0000000084b00000, 0x0000000084b00000|100%|HS|  |TAMS 0x0000000084a00000, 0x0000000084a00000| Complete 
|   1|0x0000000084b00000, 0x0000000084c00000, 0x0000000084c00000|100%|HS|  |TAMS 0x0000000084b00000, 0x0000000084b00000| Complete 
|   2|0x0000000084c00000, 0x0000000084d00000, 0x0000000084d00000|100%|HC|  |TAMS 0x0000000084c00000, 0x0000000084c00000| Complete 
|   3|0x0000000084d00000, 0x0000000084e00000, 0x0000000084e00000|100%|HC|  |TAMS 0x0000000084d00000, 0x0000000084d00000| Complete 
|   4|0x0000000084e00000, 0x0000000084f00000, 0x0000000084f00000|100%| O|  |TAMS 0x0000000084e00000, 0x0000000084e00000| Untracked 
|   5|0x0000000084f00000, 0x0000000085000000, 0x0000000085000000|100%| O|  |TAMS 0x0000000084f00000, 0x0000000084f00000| Untracked 
|   6|0x0000000085000000, 0x0000000085077c00, 0x0000000085100000| 46%| O|  |TAMS 0x0000000085000000, 0x0000000085000000| Untracked 
|   7|0x0000000085100000, 0x0000000085100000, 0x0000000085200000|  0%| F|  |TAMS 0x0000000085100000, 0x0000000085100000| Untracked 
|   8|0x0000000085200000, 0x0000000085200000, 0x0000000085300000|  0%| F|  |TAMS 0x0000000085200000, 0x0000000085200000| Untracked 
|   9|0x0000000085300000, 0x0000000085300000, 0x0000000085400000|  0%| F|  |TAMS 0x0000000085300000, 0x0000000085300000| Untracked 
|  10|0x0000000085400000, 0x0000000085400000, 0x0000000085500000|  0%| F|  |TAMS 0x0000000085400000, 0x0000000085400000| Untracked 
|  11|0x0000000085500000, 0x0000000085500000, 0x0000000085600000|  0%| F|  |TAMS 0x0000000085500000, 0x0000000085500000| Untracked 
|  12|0x0000000085600000, 0x0000000085600000, 0x0000000085700000|  0%| F|  |TAMS 0x0000000085600000, 0x0000000085600000| Untracked 
|  13|0x0000000085700000, 0x0000000085700000, 0x0000000085800000|  0%| F|  |TAMS 0x0000000085700000, 0x0000000085700000| Untracked 
|  14|0x0000000085800000, 0x0000000085800000, 0x0000000085900000|  0%| F|  |TAMS 0x0000000085800000, 0x0000000085800000| Untracked 
|  15|0x0000000085900000, 0x0000000085900000, 0x0000000085a00000|  0%| F|  |TAMS 0x0000000085900000, 0x0000000085900000| Untracked 
|  16|0x0000000085a00000, 0x0000000085a00000, 0x0000000085b00000|  0%| F|  |TAMS 0x0000000085a00000, 0x0000000085a00000| Untracked 
|  17|0x0000000085b00000, 0x0000000085b00000, 0x0000000085c00000|  0%| F|  |TAMS 0x0000000085b00000, 0x0000000085b00000| Untracked 
|  18|0x0000000085c00000, 0x0000000085c00000, 0x0000000085d00000|  0%| F|  |TAMS 0x0000000085c00000, 0x0000000085c00000| Untracked 
|  19|0x0000000085d00000, 0x0000000085d00000, 0x0000000085e00000|  0%| F|  |TAMS 0x0000000085d00000, 0x0000000085d00000| Untracked 
|  20|0x0000000085e00000, 0x0000000085e00000, 0x0000000085f00000|  0%| F|  |TAMS 0x0000000085e00000, 0x0000000085e00000| Untracked 
|  21|0x0000000085f00000, 0x0000000085f00000, 0x0000000086000000|  0%| F|  |TAMS 0x0000000085f00000, 0x0000000085f00000| Untracked 
|  22|0x0000000086000000, 0x0000000086000000, 0x0000000086100000|  0%| F|  |TAMS 0x0000000086000000, 0x0000000086000000| Untracked 
|  23|0x0000000086100000, 0x0000000086100000, 0x0000000086200000|  0%| F|  |TAMS 0x0000000086100000, 0x0000000086100000| Untracked 
|  24|0x0000000086200000, 0x0000000086200000, 0x0000000086300000|  0%| F|  |TAMS 0x0000000086200000, 0x0000000086200000| Untracked 
|  25|0x0000000086300000, 0x0000000086300000, 0x0000000086400000|  0%| F|  |TAMS 0x0000000086300000, 0x0000000086300000| Untracked 
|  26|0x0000000086400000, 0x0000000086400000, 0x0000000086500000|  0%| F|  |TAMS 0x0000000086400000, 0x0000000086400000| Untracked 
|  27|0x0000000086500000, 0x0000000086500000, 0x0000000086600000|  0%| F|  |TAMS 0x0000000086500000, 0x0000000086500000| Untracked 
|  28|0x0000000086600000, 0x0000000086600000, 0x0000000086700000|  0%| F|  |TAMS 0x0000000086600000, 0x0000000086600000| Untracked 
|  29|0x0000000086700000, 0x0000000086700000, 0x0000000086800000|  0%| F|  |TAMS 0x0000000086700000, 0x0000000086700000| Untracked 
|  30|0x0000000086800000, 0x0000000086800000, 0x0000000086900000|  0%| F|  |TAMS 0x0000000086800000, 0x0000000086800000| Untracked 
|  31|0x0000000086900000, 0x0000000086900000, 0x0000000086a00000|  0%| F|  |TAMS 0x0000000086900000, 0x0000000086900000| Untracked 
|  32|0x0000000086a00000, 0x0000000086a00000, 0x0000000086b00000|  0%| F|  |TAMS 0x0000000086a00000, 0x0000000086a00000| Untracked 
|  33|0x0000000086b00000, 0x0000000086b00000, 0x0000000086c00000|  0%| F|  |TAMS 0x0000000086b00000, 0x0000000086b00000| Untracked 
|  34|0x0000000086c00000, 0x0000000086c00000, 0x0000000086d00000|  0%| F|  |TAMS 0x0000000086c00000, 0x0000000086c00000| Untracked 
|  35|0x0000000086d00000, 0x0000000086d00000, 0x0000000086e00000|  0%| F|  |TAMS 0x0000000086d00000, 0x0000000086d00000| Untracked 
|  36|0x0000000086e00000, 0x0000000086e00000, 0x0000000086f00000|  0%| F|  |TAMS 0x0000000086e00000, 0x0000000086e00000| Untracked 
|  37|0x0000000086f00000, 0x0000000086f00000, 0x0000000087000000|  0%| F|  |TAMS 0x0000000086f00000, 0x0000000086f00000| Untracked 
|  38|0x0000000087000000, 0x0000000087000000, 0x0000000087100000|  0%| F|  |TAMS 0x0000000087000000, 0x0000000087000000| Untracked 
|  39|0x0000000087100000, 0x0000000087100000, 0x0000000087200000|  0%| F|  |TAMS 0x0000000087100000, 0x0000000087100000| Untracked 
|  40|0x0000000087200000, 0x0000000087200000, 0x0000000087300000|  0%| F|  |TAMS 0x0000000087200000, 0x0000000087200000| Untracked 
|  41|0x0000000087300000, 0x0000000087300000, 0x0000000087400000|  0%| F|  |TAMS 0x0000000087300000, 0x0000000087300000| Untracked 
|  42|0x0000000087400000, 0x0000000087400000, 0x0000000087500000|  0%| F|  |TAMS 0x0000000087400000, 0x0000000087400000| Untracked 
|  43|0x0000000087500000, 0x0000000087500000, 0x0000000087600000|  0%| F|  |TAMS 0x0000000087500000, 0x0000000087500000| Untracked 
|  44|0x0000000087600000, 0x0000000087600000, 0x0000000087700000|  0%| F|  |TAMS 0x0000000087600000, 0x0000000087600000| Untracked 
|  45|0x0000000087700000, 0x0000000087700000, 0x0000000087800000|  0%| F|  |TAMS 0x0000000087700000, 0x0000000087700000| Untracked 
|  46|0x0000000087800000, 0x0000000087800000, 0x0000000087900000|  0%| F|  |TAMS 0x0000000087800000, 0x0000000087800000| Untracked 
|  47|0x0000000087900000, 0x0000000087900000, 0x0000000087a00000|  0%| F|  |TAMS 0x0000000087900000, 0x0000000087900000| Untracked 
|  48|0x0000000087a00000, 0x0000000087a00000, 0x0000000087b00000|  0%| F|  |TAMS 0x0000000087a00000, 0x0000000087a00000| Untracked 
|  49|0x0000000087b00000, 0x0000000087b00000, 0x0000000087c00000|  0%| F|  |TAMS 0x0000000087b00000, 0x0000000087b00000| Untracked 
|  50|0x0000000087c00000, 0x0000000087c00000, 0x0000000087d00000|  0%| F|  |TAMS 0x0000000087c00000, 0x0000000087c00000| Untracked 
|  51|0x0000000087d00000, 0x0000000087d00000, 0x0000000087e00000|  0%| F|  |TAMS 0x0000000087d00000, 0x0000000087d00000| Untracked 
|  52|0x0000000087e00000, 0x0000000087e00000, 0x0000000087f00000|  0%| F|  |TAMS 0x0000000087e00000, 0x0000000087e00000| Untracked 
|  53|0x0000000087f00000, 0x0000000087f00000, 0x0000000088000000|  0%| F|  |TAMS 0x0000000087f00000, 0x0000000087f00000| Untracked 
|  54|0x0000000088000000, 0x0000000088000000, 0x0000000088100000|  0%| F|  |TAMS 0x0000000088000000, 0x0000000088000000| Untracked 
|  55|0x0000000088100000, 0x0000000088100000, 0x0000000088200000|  0%| F|  |TAMS 0x0000000088100000, 0x0000000088100000| Untracked 
|  56|0x0000000088200000, 0x0000000088200000, 0x0000000088300000|  0%| F|  |TAMS 0x0000000088200000, 0x0000000088200000| Untracked 
|  57|0x0000000088300000, 0x0000000088300000, 0x0000000088400000|  0%| F|  |TAMS 0x0000000088300000, 0x0000000088300000| Untracked 
|  58|0x0000000088400000, 0x0000000088400000, 0x0000000088500000|  0%| F|  |TAMS 0x0000000088400000, 0x0000000088400000| Untracked 
|  59|0x0000000088500000, 0x0000000088500000, 0x0000000088600000|  0%| F|  |TAMS 0x0000000088500000, 0x0000000088500000| Untracked 
|  60|0x0000000088600000, 0x0000000088600000, 0x0000000088700000|  0%| F|  |TAMS 0x0000000088600000, 0x0000000088600000| Untracked 
|  61|0x0000000088700000, 0x0000000088700000, 0x0000000088800000|  0%| F|  |TAMS 0x0000000088700000, 0x0000000088700000| Untracked 
|  62|0x0000000088800000, 0x0000000088800000, 0x0000000088900000|  0%| F|  |TAMS 0x0000000088800000, 0x0000000088800000| Untracked 
|  63|0x0000000088900000, 0x0000000088900000, 0x0000000088a00000|  0%| F|  |TAMS 0x0000000088900000, 0x0000000088900000| Untracked 
|  64|0x0000000088a00000, 0x0000000088a00000, 0x0000000088b00000|  0%| F|  |TAMS 0x0000000088a00000, 0x0000000088a00000| Untracked 
|  65|0x0000000088b00000, 0x0000000088b00000, 0x0000000088c00000|  0%| F|  |TAMS 0x0000000088b00000, 0x0000000088b00000| Untracked 
|  66|0x0000000088c00000, 0x0000000088c00000, 0x0000000088d00000|  0%| F|  |TAMS 0x0000000088c00000, 0x0000000088c00000| Untracked 
|  67|0x0000000088d00000, 0x0000000088d00000, 0x0000000088e00000|  0%| F|  |TAMS 0x0000000088d00000, 0x0000000088d00000| Untracked 
|  68|0x0000000088e00000, 0x0000000088e00000, 0x0000000088f00000|  0%| F|  |TAMS 0x0000000088e00000, 0x0000000088e00000| Untracked 
|  69|0x0000000088f00000, 0x0000000088f00000, 0x0000000089000000|  0%| F|  |TAMS 0x0000000088f00000, 0x0000000088f00000| Untracked 
|  70|0x0000000089000000, 0x0000000089000000, 0x0000000089100000|  0%| F|  |TAMS 0x0000000089000000, 0x0000000089000000| Untracked 
|  71|0x0000000089100000, 0x0000000089100000, 0x0000000089200000|  0%| F|  |TAMS 0x0000000089100000, 0x0000000089100000| Untracked 
|  72|0x0000000089200000, 0x0000000089200000, 0x0000000089300000|  0%| F|  |TAMS 0x0000000089200000, 0x0000000089200000| Untracked 
|  73|0x0000000089300000, 0x0000000089300000, 0x0000000089400000|  0%| F|  |TAMS 0x0000000089300000, 0x0000000089300000| Untracked 
|  74|0x0000000089400000, 0x0000000089400000, 0x0000000089500000|  0%| F|  |TAMS 0x0000000089400000, 0x0000000089400000| Untracked 
|  75|0x0000000089500000, 0x0000000089500000, 0x0000000089600000|  0%| F|  |TAMS 0x0000000089500000, 0x0000000089500000| Untracked 
|  76|0x0000000089600000, 0x0000000089600000, 0x0000000089700000|  0%| F|  |TAMS 0x0000000089600000, 0x0000000089600000| Untracked 
|  77|0x0000000089700000, 0x0000000089700000, 0x0000000089800000|  0%| F|  |TAMS 0x0000000089700000, 0x0000000089700000| Untracked 
|  78|0x0000000089800000, 0x0000000089800000, 0x0000000089900000|  0%| F|  |TAMS 0x0000000089800000, 0x0000000089800000| Untracked 
|  79|0x0000000089900000, 0x0000000089900000, 0x0000000089a00000|  0%| F|  |TAMS 0x0000000089900000, 0x0000000089900000| Untracked 
|  80|0x0000000089a00000, 0x0000000089a00000, 0x0000000089b00000|  0%| F|  |TAMS 0x0000000089a00000, 0x0000000089a00000| Untracked 
|  81|0x0000000089b00000, 0x0000000089b00000, 0x0000000089c00000|  0%| F|  |TAMS 0x0000000089b00000, 0x0000000089b00000| Untracked 
|  82|0x0000000089c00000, 0x0000000089c00000, 0x0000000089d00000|  0%| F|  |TAMS 0x0000000089c00000, 0x0000000089c00000| Untracked 
|  83|0x0000000089d00000, 0x0000000089d00000, 0x0000000089e00000|  0%| F|  |TAMS 0x0000000089d00000, 0x0000000089d00000| Untracked 
|  84|0x0000000089e00000, 0x0000000089e00000, 0x0000000089f00000|  0%| F|  |TAMS 0x0000000089e00000, 0x0000000089e00000| Untracked 
|  85|0x0000000089f00000, 0x0000000089f00000, 0x000000008a000000|  0%| F|  |TAMS 0x0000000089f00000, 0x0000000089f00000| Untracked 
|  86|0x000000008a000000, 0x000000008a000000, 0x000000008a100000|  0%| F|  |TAMS 0x000000008a000000, 0x000000008a000000| Untracked 
|  87|0x000000008a100000, 0x000000008a100000, 0x000000008a200000|  0%| F|  |TAMS 0x000000008a100000, 0x000000008a100000| Untracked 
|  88|0x000000008a200000, 0x000000008a200000, 0x000000008a300000|  0%| F|  |TAMS 0x000000008a200000, 0x000000008a200000| Untracked 
|  89|0x000000008a300000, 0x000000008a300000, 0x000000008a400000|  0%| F|  |TAMS 0x000000008a300000, 0x000000008a300000| Untracked 
|  90|0x000000008a400000, 0x000000008a400000, 0x000000008a500000|  0%| F|  |TAMS 0x000000008a400000, 0x000000008a400000| Untracked 
|  91|0x000000008a500000, 0x000000008a500000, 0x000000008a600000|  0%| F|  |TAMS 0x000000008a500000, 0x000000008a500000| Untracked 
|  92|0x000000008a600000, 0x000000008a600000, 0x000000008a700000|  0%| F|  |TAMS 0x000000008a600000, 0x000000008a600000| Untracked 
|  93|0x000000008a700000, 0x000000008a700000, 0x000000008a800000|  0%| F|  |TAMS 0x000000008a700000, 0x000000008a700000| Untracked 
|  94|0x000000008a800000, 0x000000008a800000, 0x000000008a900000|  0%| F|  |TAMS 0x000000008a800000, 0x000000008a800000| Untracked 
|  95|0x000000008a900000, 0x000000008a900000, 0x000000008aa00000|  0%| F|  |TAMS 0x000000008a900000, 0x000000008a900000| Untracked 
|  96|0x000000008aa00000, 0x000000008aa00000, 0x000000008ab00000|  0%| F|  |TAMS 0x000000008aa00000, 0x000000008aa00000| Untracked 
|  97|0x000000008ab00000, 0x000000008ab00000, 0x000000008ac00000|  0%| F|  |TAMS 0x000000008ab00000, 0x000000008ab00000| Untracked 
|  98|0x000000008ac00000, 0x000000008ac00000, 0x000000008ad00000|  0%| F|  |TAMS 0x000000008ac00000, 0x000000008ac00000| Untracked 
|  99|0x000000008ad00000, 0x000000008ad00000, 0x000000008ae00000|  0%| F|  |TAMS 0x000000008ad00000, 0x000000008ad00000| Untracked 
| 100|0x000000008ae00000, 0x000000008ae00000, 0x000000008af00000|  0%| F|  |TAMS 0x000000008ae00000, 0x000000008ae00000| Untracked 
| 101|0x000000008af00000, 0x000000008af00000, 0x000000008b000000|  0%| F|  |TAMS 0x000000008af00000, 0x000000008af00000| Untracked 
| 102|0x000000008b000000, 0x000000008b000000, 0x000000008b100000|  0%| F|  |TAMS 0x000000008b000000, 0x000000008b000000| Untracked 
| 103|0x000000008b100000, 0x000000008b100000, 0x000000008b200000|  0%| F|  |TAMS 0x000000008b100000, 0x000000008b100000| Untracked 
| 104|0x000000008b200000, 0x000000008b200000, 0x000000008b300000|  0%| F|  |TAMS 0x000000008b200000, 0x000000008b200000| Untracked 
| 105|0x000000008b300000, 0x000000008b300000, 0x000000008b400000|  0%| F|  |TAMS 0x000000008b300000, 0x000000008b300000| Untracked 
| 106|0x000000008b400000, 0x000000008b400000, 0x000000008b500000|  0%| F|  |TAMS 0x000000008b400000, 0x000000008b400000| Untracked 
| 107|0x000000008b500000, 0x000000008b500000, 0x000000008b600000|  0%| F|  |TAMS 0x000000008b500000, 0x000000008b500000| Untracked 
| 108|0x000000008b600000, 0x000000008b600000, 0x000000008b700000|  0%| F|  |TAMS 0x000000008b600000, 0x000000008b600000| Untracked 
| 109|0x000000008b700000, 0x000000008b800000, 0x000000008b800000|100%| S|CS|TAMS 0x000000008b700000, 0x000000008b700000| Complete 
| 110|0x000000008b800000, 0x000000008b900000, 0x000000008b900000|100%| S|CS|TAMS 0x000000008b800000, 0x000000008b800000| Complete 
| 111|0x000000008b900000, 0x000000008b900000, 0x000000008ba00000|  0%| F|  |TAMS 0x000000008b900000, 0x000000008b900000| Untracked 
| 112|0x000000008ba00000, 0x000000008ba00000, 0x000000008bb00000|  0%| F|  |TAMS 0x000000008ba00000, 0x000000008ba00000| Untracked 
| 113|0x000000008bb00000, 0x000000008bb00000, 0x000000008bc00000|  0%| F|  |TAMS 0x000000008bb00000, 0x000000008bb00000| Untracked 
| 114|0x000000008bc00000, 0x000000008bc00000, 0x000000008bd00000|  0%| F|  |TAMS 0x000000008bc00000, 0x000000008bc00000| Untracked 
| 115|0x000000008bd00000, 0x000000008bd00000, 0x000000008be00000|  0%| F|  |TAMS 0x000000008bd00000, 0x000000008bd00000| Untracked 
| 116|0x000000008be00000, 0x000000008be00000, 0x000000008bf00000|  0%| F|  |TAMS 0x000000008be00000, 0x000000008be00000| Untracked 
| 117|0x000000008bf00000, 0x000000008bf00000, 0x000000008c000000|  0%| F|  |TAMS 0x000000008bf00000, 0x000000008bf00000| Untracked 
| 118|0x000000008c000000, 0x000000008c000000, 0x000000008c100000|  0%| F|  |TAMS 0x000000008c000000, 0x000000008c000000| Untracked 
| 119|0x000000008c100000, 0x000000008c100000, 0x000000008c200000|  0%| F|  |TAMS 0x000000008c100000, 0x000000008c100000| Untracked 
| 120|0x000000008c200000, 0x000000008c200000, 0x000000008c300000|  0%| F|  |TAMS 0x000000008c200000, 0x000000008c200000| Untracked 
| 121|0x000000008c300000, 0x000000008c364c60, 0x000000008c400000| 39%| E|  |TAMS 0x000000008c300000, 0x000000008c300000| Complete 
| 122|0x000000008c400000, 0x000000008c500000, 0x000000008c500000|100%| E|CS|TAMS 0x000000008c400000, 0x000000008c400000| Complete 
| 123|0x000000008c500000, 0x000000008c600000, 0x000000008c600000|100%| E|CS|TAMS 0x000000008c500000, 0x000000008c500000| Complete 

Card table byte_map: [0x000000587c820000,0x000000587cc00000] _byte_map_base: 0x000000587c3fb000

Marking Bits (Prev, Next): (CMBitMap*) 0x0000005869aa4400, (CMBitMap*) 0x0000005869aa4440
 Prev Bits: [0x000000587cfe0000, 0x000000587eeb8000)
 Next Bits: [0x0000005800000000, 0x0000005801ed8000)

Polling page: 0x0000005869200000

Metaspace:

Usage:
  Non-class:     11.90 MB capacity,    11.80 MB (>99%) used,    97.44 KB ( <1%) free+waste,    11.69 KB ( <1%) overhead. 
      Class:      1.26 MB capacity,     1.22 MB ( 97%) used,    41.16 KB (  3%) free+waste,     3.88 KB ( <1%) overhead. 
       Both:     13.17 MB capacity,    13.02 MB ( 99%) used,   138.59 KB (  1%) free+waste,    15.56 KB ( <1%) overhead. 

Virtual space:
  Non-class space:       12.00 MB reserved,      12.00 MB (100%) committed 
      Class space:        1.00 GB reserved,       1.38 MB ( <1%) committed 
             Both:        1.01 GB reserved,      13.38 MB (  1%) committed 

Chunk freelists:
   Non-Class:  34.00 KB
       Class:  20.00 KB
        Both:  54.00 KB

MaxMetaspaceSize: 17179869184.00 GB
CompressedClassSpaceSize: 1.00 GB

CodeHeap 'non-profiled nmethods': size=120000Kb used=333Kb max_used=333Kb free=119666Kb
 bounds [0x0000005874f10000, 0x0000005875180000, 0x000000587c440000]
CodeHeap 'profiled nmethods': size=120000Kb used=1674Kb max_used=1674Kb free=118325Kb
 bounds [0x000000586d9e0000, 0x000000586dc50000, 0x0000005874f10000]
CodeHeap 'non-nmethods': size=5760Kb used=1253Kb max_used=1272Kb free=4506Kb
 bounds [0x000000586d440000, 0x000000586d6b0000, 0x000000586d9e0000]
 total_blobs=1392 nmethods=971 adapters=334
 compilation: enabled
              stopped_count=0, restarted_count=0
 full_count=0

Compilation events (20 events):
Event: 0.868 Thread 0x000000587f94a8b0  959       3       org.testng.collections.Lists::newArrayList (8 bytes)
Event: 0.868 Thread 0x000000587f94a8b0 nmethod 959 0x000000586db7ea90 code [0x000000586db7ec40, 0x000000586db7ef58]
Event: 0.878 Thread 0x000000587f98ca10  960       4       java.lang.AbstractStringBuilder::<init> (39 bytes)
Event: 0.878 Thread 0x000000587f94a8b0  961       3       java.lang.StringCoding::newStringUTF8NoRepl (56 bytes)
Event: 0.878 Thread 0x000000587f94a8b0 nmethod 961 0x000000586db7f090 code [0x000000586db7f280, 0x000000586db7f7a8]
Event: 0.880 Thread 0x000000587f98ca10 nmethod 960 0x0000005874f62390 code [0x0000005874f62520, 0x0000005874f62718]
Event: 0.880 Thread 0x000000587f94a8b0  962       3       java.lang.String::valueOf (15 bytes)
Event: 0.880 Thread 0x000000587f94a8b0 nmethod 962 0x000000586db7f990 code [0x000000586db7fb40, 0x000000586db7fd48]
Event: 0.882 Thread 0x000000587f98ca10  963       4       java.lang.String::isEmpty (14 bytes)
Event: 0.882 Thread 0x000000587f98ca10 nmethod 963 0x0000005874f62810 code [0x0000005874f62980, 0x0000005874f62a18]
Event: 0.883 Thread 0x000000587f94a8b0  964       3       java.util.zip.InflaterInputStream::<init> (79 bytes)
Event: 0.883 Thread 0x000000587f94a8b0 nmethod 964 0x000000586db7fe10 code [0x000000586db80020, 0x000000586db80858]
Event: 5280.894 Thread 0x000000587f94a8b0  967       3       java.lang.ref.ReferenceQueue::reallyPoll (65 bytes)
Event: 5280.894 Thread 0x000000587f94a8b0 nmethod 967 0x000000586db80a90 code [0x000000586db80c60, 0x000000586db81158]
Event: 13200.981 Thread 0x000000587f94a8b0  969   !   3       java.lang.ref.ReferenceQueue::remove (125 bytes)
Event: 13201.020 Thread 0x000000587f94a8b0 nmethod 969 0x000000586db81290 code [0x000000586db814c0, 0x000000586db81cd8]
Event: 13260.981 Thread 0x000000587f94a8b0  970   !   3       jdk.internal.ref.PhantomCleanable::isListEmpty (34 bytes)
Event: 13260.981 Thread 0x000000587f94a8b0 nmethod 970 0x000000586db82090 code [0x000000586db82240, 0x000000586db82498]
Event: 13260.981 Thread 0x000000587f94a8b0  971       3       jdk.internal.misc.InnocuousThread::eraseThreadLocals (23 bytes)
Event: 13260.981 Thread 0x000000587f94a8b0 nmethod 971 0x000000586db82610 code [0x000000586db827a0, 0x000000586db82978]

GC Heap History (2 events):
Event: 0.824 GC heap before
{Heap before GC invocations=0 (full 0):
 garbage-first heap   total 126976K, used 17408K [0x0000000084a00000, 0x0000000100000000)
  region size 1024K, 13 young (13312K), 0 survivors (0K)
 Metaspace       used 12631K, capacity 12842K, committed 13056K, reserved 1060864K
  class space    used 1170K, capacity 1228K, committed 1280K, reserved 1048576K
}
Event: 0.830 GC heap after
{Heap after GC invocations=1 (full 0):
 garbage-first heap   total 126976K, used 8671K [0x0000000084a00000, 0x0000000100000000)
  region size 1024K, 2 young (2048K), 2 survivors (2048K)
 Metaspace       used 12631K, capacity 12842K, committed 13056K, reserved 1060864K
  class space    used 1170K, capacity 1228K, committed 1280K, reserved 1048576K
}

Deoptimization events (20 events):
Event: 0.498 Thread 0x0000005869a63820 DEOPT PACKING pc=0x000000586da28473 sp=0x00000058691fc130
Event: 0.498 Thread 0x0000005869a63820 DEOPT UNPACKING pc=0x000000586d48e23f sp=0x00000058691fb590 mode 0
Event: 0.699 Thread 0x0000005869a63820 DEOPT PACKING pc=0x000000586daec80c sp=0x00000058691fe840
Event: 0.699 Thread 0x0000005869a63820 DEOPT UNPACKING pc=0x000000586d48e23f sp=0x00000058691fdd10 mode 1
Event: 0.733 Thread 0x0000005869a63820 DEOPT PACKING pc=0x000000586da23883 sp=0x00000058691f8f00
Event: 0.733 Thread 0x0000005869a63820 DEOPT UNPACKING pc=0x000000586d48e23f sp=0x00000058691f8370 mode 0
Event: 0.779 Thread 0x0000005869a63820 DEOPT PACKING pc=0x000000586dab00e4 sp=0x00000058691fe840
Event: 0.779 Thread 0x0000005869a63820 DEOPT UNPACKING pc=0x000000586d48e23f sp=0x00000058691fdcd8 mode 1
Event: 0.779 Thread 0x0000005869a63820 DEOPT PACKING pc=0x000000586daaf654 sp=0x00000058691fe910
Event: 0.779 Thread 0x0000005869a63820 DEOPT UNPACKING pc=0x000000586d48e23f sp=0x00000058691fddc8 mode 1
Event: 0.780 Thread 0x0000005869a63820 DEOPT PACKING pc=0x000000586dab00e4 sp=0x00000058691fddf0
Event: 0.780 Thread 0x0000005869a63820 DEOPT UNPACKING pc=0x000000586d48e23f sp=0x00000058691fd288 mode 1
Event: 0.780 Thread 0x0000005869a63820 DEOPT PACKING pc=0x000000586daaf654 sp=0x00000058691fdec0
Event: 0.780 Thread 0x0000005869a63820 DEOPT UNPACKING pc=0x000000586d48e23f sp=0x00000058691fd378 mode 1
Event: 0.852 Thread 0x0000005869a63820 Uncommon trap: trap_request=0xffffff45 fr.pc=0x0000005874f60864 relative=0x00000000000002c4
Event: 0.852 Thread 0x0000005869a63820 Uncommon trap: reason=unstable_if action=reinterpret pc=0x0000005874f60864 method=java.util.HashMap.hash(Ljava/lang/Object;)I @ 1 c2
Event: 0.852 Thread 0x0000005869a63820 DEOPT PACKING pc=0x0000005874f60864 sp=0x00000058691fe7f0
Event: 0.852 Thread 0x0000005869a63820 DEOPT UNPACKING pc=0x000000586d48e42f sp=0x00000058691fe708 mode 2
Event: 0.878 Thread 0x0000005869a63820 DEOPT PACKING pc=0x000000586db299c5 sp=0x00000058691fcac0
Event: 0.878 Thread 0x0000005869a63820 DEOPT UNPACKING pc=0x000000586d48e23f sp=0x00000058691fbf20 mode 0

Classes unloaded (0 events):
No events

Classes redefined (2 events):
Event: 4097.150 Thread 0x000000587f6f89b0 redefined class name=com.demo.qa.base.Testbase, count=1
Event: 4600.655 Thread 0x000000587f6f89b0 redefined class name=com.demo.qa.base.Testbase, count=2

Internal exceptions (8 events):
Event: 0.414 Thread 0x0000005869a63820 Exception <a 'java/lang/NoSuchMethodError'{0x000000008c179300}: 'void java.lang.invoke.DirectMethodHandle$Holder.invokeSpecial(java.lang.Object, java.lang.Object, java.lang.Object)'> (0x000000008c179300) 
thrown [./open/src/hotspot/share/interpreter/linkResolver.cpp, line 782]
Event: 0.538 Thread 0x0000005869a63820 Exception <a 'java/lang/NoSuchMethodError'{0x000000008bfe4e40}: 'java.lang.Object java.lang.invoke.DirectMethodHandle$Holder.invokeStatic(java.lang.Object)'> (0x000000008bfe4e40) 
thrown [./open/src/hotspot/share/interpreter/linkResolver.cpp, line 782]
Event: 0.539 Thread 0x0000005869a63820 Exception <a 'java/lang/NoSuchMethodError'{0x000000008bfe8590}: 'java.lang.Object java.lang.invoke.DirectMethodHandle$Holder.invokeStaticInit(java.lang.Object)'> (0x000000008bfe8590) 
thrown [./open/src/hotspot/share/interpreter/linkResolver.cpp, line 782]
Event: 0.561 Thread 0x0000005869a63820 Exception <a 'java/lang/NoSuchMethodError'{0x000000008be0b010}: 'void java.lang.invoke.DirectMethodHandle$Holder.invokeStatic(java.lang.Object, java.lang.Object)'> (0x000000008be0b010) 
thrown [./open/src/hotspot/share/interpreter/linkResolver.cpp, line 782]
Event: 0.659 Thread 0x0000005869a63820 Exception <a 'java/lang/NoSuchMethodError'{0x000000008bd84dc0}: 'void java.lang.invoke.DirectMethodHandle$Holder.invokeStaticInit(java.lang.Object, java.lang.Object)'> (0x000000008bd84dc0) 
thrown [./open/src/hotspot/share/interpreter/linkResolver.cpp, line 782]
Event: 0.666 Thread 0x0000005869a63820 Exception <a 'java/lang/NoSuchMethodError'{0x000000008bdb1d88}: 'java.lang.Object java.lang.invoke.DirectMethodHandle$Holder.invokeStaticInit(java.lang.Object, int, int, int, int)'> (0x000000008bdb1d88) 
thrown [./open/src/hotspot/share/interpreter/linkResolver.cpp, line 782]
Event: 0.692 Thread 0x0000005869a63820 Exception <a 'java/lang/NoSuchMethodError'{0x000000008bc11050}: 'java.lang.Object java.lang.invoke.DirectMethodHandle$Holder.invokeStaticInit(java.lang.Object, java.lang.Object, int, int, int, int)'> (0x000000008bc11050) 
thrown [./open/src/hotspot/share/interpreter/linkResolver.cpp, line 782]
Event: 0.852 Thread 0x0000005869a63820 Implicit null exception at 0x0000005874f605f4 to 0x0000005874f6083c

Events (20 events):
Event: 4600.664 Executing VM operation: ChangeBreakpoints
Event: 4600.664 Executing VM operation: ChangeBreakpoints done
Event: 4600.670 Executing VM operation: ChangeBreakpoints
Event: 4600.670 Executing VM operation: ChangeBreakpoints done
Event: 4600.675 Executing VM operation: ChangeBreakpoints
Event: 4600.675 Executing VM operation: ChangeBreakpoints done
Event: 4600.680 Executing VM operation: ChangeBreakpoints
Event: 4600.680 Executing VM operation: ChangeBreakpoints done
Event: 4600.684 Executing VM operation: ChangeBreakpoints
Event: 4600.685 Executing VM operation: ChangeBreakpoints done
Event: 4600.689 Executing VM operation: ChangeBreakpoints
Event: 4600.689 Executing VM operation: ChangeBreakpoints done
Event: 4600.690 Executing VM operation: GetFrameCount
Event: 4600.690 Executing VM operation: GetFrameCount done
Event: 4600.690 Executing VM operation: GetStackTrace
Event: 4600.690 Executing VM operation: GetStackTrace done
Event: 14351.101 Executing VM operation: GetFrameCount
Event: 14351.163 Executing VM operation: GetFrameCount done
Event: 14351.233 Executing VM operation: GetFrameLocation
Event: 14351.233 Executing VM operation: GetFrameLocation done


Dynamic libraries:
0x00007ff656b00000 - 0x00007ff656b0d000 	C:\Users\Venkatesh Fin\Downloads\eclipse-java-2020-12\eclipse\plugins\org.eclipse.justj.openjdk.hotspot.jre.full.win32.x86_64_15.0.1.v20201027-0507\jre\bin\javaw.exe
0x00007ff8d4e80000 - 0x00007ff8d502d000 	C:\Windows\SYSTEM32\ntdll.dll
0x00007ff8d25d0000 - 0x00007ff8d270f000 	C:\Windows\system32\KERNEL32.DLL
0x00007ff8d21b0000 - 0x00007ff8d22c5000 	C:\Windows\system32\KERNELBASE.dll
0x00007ff8c7300000 - 0x00007ff8c7318000 	C:\Users\Venkatesh Fin\Downloads\eclipse-java-2020-12\eclipse\plugins\org.eclipse.justj.openjdk.hotspot.jre.full.win32.x86_64_15.0.1.v20201027-0507\jre\bin\jli.dll
0x00007ff8c3ea0000 - 0x00007ff8c3eb9000 	C:\Users\Venkatesh Fin\Downloads\eclipse-java-2020-12\eclipse\plugins\org.eclipse.justj.openjdk.hotspot.jre.full.win32.x86_64_15.0.1.v20201027-0507\jre\bin\VCRUNTIME140.dll
0x00007ff8ce2c0000 - 0x00007ff8ce2c4000 	C:\Users\Venkatesh Fin\Downloads\eclipse-java-2020-12\eclipse\plugins\org.eclipse.justj.openjdk.hotspot.jre.full.win32.x86_64_15.0.1.v20201027-0507\jre\bin\api-ms-win-crt-stdio-l1-1-0.dll
0x00007ff8cd2f0000 - 0x00007ff8cd2f4000 	C:\Users\Venkatesh Fin\Downloads\eclipse-java-2020-12\eclipse\plugins\org.eclipse.justj.openjdk.hotspot.jre.full.win32.x86_64_15.0.1.v20201027-0507\jre\bin\api-ms-win-crt-runtime-l1-1-0.dll
0x00007ff8cb9b0000 - 0x00007ff8cb9b3000 	C:\Users\Venkatesh Fin\Downloads\eclipse-java-2020-12\eclipse\plugins\org.eclipse.justj.openjdk.hotspot.jre.full.win32.x86_64_15.0.1.v20201027-0507\jre\bin\api-ms-win-crt-environment-l1-1-0.dll
0x00007ff8c84a0000 - 0x00007ff8c84a5000 	C:\Users\Venkatesh Fin\Downloads\eclipse-java-2020-12\eclipse\plugins\org.eclipse.justj.openjdk.hotspot.jre.full.win32.x86_64_15.0.1.v20201027-0507\jre\bin\api-ms-win-crt-math-l1-1-0.dll
0x00007ff8c72f0000 - 0x00007ff8c72f3000 	C:\Users\Venkatesh Fin\Downloads\eclipse-java-2020-12\eclipse\plugins\org.eclipse.justj.openjdk.hotspot.jre.full.win32.x86_64_15.0.1.v20201027-0507\jre\bin\api-ms-win-crt-locale-l1-1-0.dll
0x00007ff8c5fd0000 - 0x00007ff8c5fd3000 	C:\Users\Venkatesh Fin\Downloads\eclipse-java-2020-12\eclipse\plugins\org.eclipse.justj.openjdk.hotspot.jre.full.win32.x86_64_15.0.1.v20201027-0507\jre\bin\api-ms-win-crt-heap-l1-1-0.dll
0x00007ff8cee50000 - 0x00007ff8cf0cb000 	C:\Windows\WinSxS\amd64_microsoft.windows.common-controls_6595b64144ccf1df_6.0.9600.19394_none_62486577ecb635cf\COMCTL32.dll
0x00007ff8d4650000 - 0x00007ff8d47c7000 	C:\Windows\system32\USER32.dll
0x00007ff8c5e10000 - 0x00007ff8c5e13000 	C:\Users\Venkatesh Fin\Downloads\eclipse-java-2020-12\eclipse\plugins\org.eclipse.justj.openjdk.hotspot.jre.full.win32.x86_64_15.0.1.v20201027-0507\jre\bin\api-ms-win-crt-filesystem-l1-1-0.dll
0x00007ff8c5b70000 - 0x00007ff8c5b74000 	C:\Users\Venkatesh Fin\Downloads\eclipse-java-2020-12\eclipse\plugins\org.eclipse.justj.openjdk.hotspot.jre.full.win32.x86_64_15.0.1.v20201027-0507\jre\bin\api-ms-win-crt-string-l1-1-0.dll
0x00007ff8c3c70000 - 0x00007ff8c3c74000 	C:\Users\Venkatesh Fin\Downloads\eclipse-java-2020-12\eclipse\plugins\org.eclipse.justj.openjdk.hotspot.jre.full.win32.x86_64_15.0.1.v20201027-0507\jre\bin\api-ms-win-crt-convert-l1-1-0.dll
0x00007ff8d47e0000 - 0x00007ff8d488a000 	C:\Windows\system32\msvcrt.dll
0x00007ff8d4cd0000 - 0x00007ff8d4e1d000 	C:\Windows\system32\GDI32.dll
0x00007ff8c1760000 - 0x00007ff8c185a000 	C:\Users\Venkatesh Fin\Downloads\eclipse-java-2020-12\eclipse\plugins\org.eclipse.justj.openjdk.hotspot.jre.full.win32.x86_64_15.0.1.v20201027-0507\jre\bin\ucrtbase.DLL
0x00007ff8d27d0000 - 0x00007ff8d2806000 	C:\Windows\system32\IMM32.DLL
0x00007ff8d4890000 - 0x00007ff8d49e1000 	C:\Windows\system32\MSCTF.dll
0x00007ff8c3c60000 - 0x00007ff8c3c6c000 	C:\Users\Venkatesh Fin\Downloads\eclipse-java-2020-12\eclipse\plugins\org.eclipse.justj.openjdk.hotspot.jre.full.win32.x86_64_15.0.1.v20201027-0507\jre\bin\vcruntime140_1.dll
0x00007ff8c16c0000 - 0x00007ff8c1751000 	C:\Users\Venkatesh Fin\Downloads\eclipse-java-2020-12\eclipse\plugins\org.eclipse.justj.openjdk.hotspot.jre.full.win32.x86_64_15.0.1.v20201027-0507\jre\bin\msvcp140.dll
0x00007ff8c3c50000 - 0x00007ff8c3c53000 	C:\Users\Venkatesh Fin\Downloads\eclipse-java-2020-12\eclipse\plugins\org.eclipse.justj.openjdk.hotspot.jre.full.win32.x86_64_15.0.1.v20201027-0507\jre\bin\api-ms-win-crt-time-l1-1-0.dll
0x00007ff8c16b0000 - 0x00007ff8c16b3000 	C:\Users\Venkatesh Fin\Downloads\eclipse-java-2020-12\eclipse\plugins\org.eclipse.justj.openjdk.hotspot.jre.full.win32.x86_64_15.0.1.v20201027-0507\jre\bin\api-ms-win-crt-utility-l1-1-0.dll
0x00007ff8a9e20000 - 0x00007ff8aa97e000 	C:\Users\Venkatesh Fin\Downloads\eclipse-java-2020-12\eclipse\plugins\org.eclipse.justj.openjdk.hotspot.jre.full.win32.x86_64_15.0.1.v20201027-0507\jre\bin\server\jvm.dll
0x00007ff8d2520000 - 0x00007ff8d25ca000 	C:\Windows\system32\ADVAPI32.dll
0x00007ff8ce2d0000 - 0x00007ff8ce2d9000 	C:\Windows\SYSTEM32\WSOCK32.dll
0x00007ff8c5e70000 - 0x00007ff8c5e92000 	C:\Windows\SYSTEM32\WINMM.dll
0x00007ff8ca430000 - 0x00007ff8ca43a000 	C:\Windows\SYSTEM32\VERSION.dll
0x00007ff8d3dc0000 - 0x00007ff8d3dc7000 	C:\Windows\system32\PSAPI.DLL
0x00007ff8d3dd0000 - 0x00007ff8d3e28000 	C:\Windows\SYSTEM32\sechost.dll
0x00007ff8d4500000 - 0x00007ff8d4640000 	C:\Windows\system32\RPCRT4.dll
0x00007ff8d4e20000 - 0x00007ff8d4e7a000 	C:\Windows\system32\WS2_32.dll
0x00007ff8c5e40000 - 0x00007ff8c5e6a000 	C:\Windows\SYSTEM32\WINMMBASE.dll
0x00007ff8d20d0000 - 0x00007ff8d20fe000 	C:\Windows\system32\SspiCli.dll
0x00007ff8d2810000 - 0x00007ff8d2819000 	C:\Windows\system32\NSI.dll
0x00007ff8d24b0000 - 0x00007ff8d24ff000 	C:\Windows\SYSTEM32\cfgmgr32.dll
0x00007ff8d0dc0000 - 0x00007ff8d0de8000 	C:\Windows\SYSTEM32\DEVOBJ.dll
0x00007ff8cde60000 - 0x00007ff8cde6a000 	C:\Users\Venkatesh Fin\Downloads\eclipse-java-2020-12\eclipse\plugins\org.eclipse.justj.openjdk.hotspot.jre.full.win32.x86_64_15.0.1.v20201027-0507\jre\bin\jimage.dll
0x00007ff8c8e10000 - 0x00007ff8c8f99000 	C:\Windows\SYSTEM32\DBGHELP.DLL
0x00007ff8c0d30000 - 0x00007ff8c0d69000 	C:\Users\Venkatesh Fin\Downloads\eclipse-java-2020-12\eclipse\plugins\org.eclipse.justj.openjdk.hotspot.jre.full.win32.x86_64_15.0.1.v20201027-0507\jre\bin\jdwp.dll
0x00007ff8c6050000 - 0x00007ff8c6075000 	C:\Users\Venkatesh Fin\Downloads\eclipse-java-2020-12\eclipse\plugins\org.eclipse.justj.openjdk.hotspot.jre.full.win32.x86_64_15.0.1.v20201027-0507\jre\bin\java.dll
0x00007ff8cdc00000 - 0x00007ff8cdc18000 	C:\Users\Venkatesh Fin\Downloads\eclipse-java-2020-12\eclipse\plugins\org.eclipse.justj.openjdk.hotspot.jre.full.win32.x86_64_15.0.1.v20201027-0507\jre\bin\zip.dll
0x00007ff8d2820000 - 0x00007ff8d3d4e000 	C:\Windows\system32\SHELL32.dll
0x00007ff8d42e0000 - 0x00007ff8d44f1000 	C:\Windows\SYSTEM32\combase.dll
0x00007ff8d4ab0000 - 0x00007ff8d4b04000 	C:\Windows\system32\SHLWAPI.dll
0x00007ff8d0320000 - 0x00007ff8d03d2000 	C:\Windows\SYSTEM32\SHCORE.dll
0x00007ff8d1fa0000 - 0x00007ff8d1fb5000 	C:\Windows\SYSTEM32\profapi.dll
0x00007ff8c0fe0000 - 0x00007ff8c0feb000 	C:\Users\Venkatesh Fin\Downloads\eclipse-java-2020-12\eclipse\plugins\org.eclipse.justj.openjdk.hotspot.jre.full.win32.x86_64_15.0.1.v20201027-0507\jre\bin\dt_socket.dll
0x00007ff8ccf10000 - 0x00007ff8ccf3a000 	C:\Windows\SYSTEM32\IPHLPAPI.DLL
0x00007ff8ccee0000 - 0x00007ff8cceea000 	C:\Windows\SYSTEM32\WINNSI.DLL
0x00007ff8d17d0000 - 0x00007ff8d1829000 	C:\Windows\system32\mswsock.dll
0x00007ff8d15d0000 - 0x00007ff8d1674000 	C:\Windows\SYSTEM32\DNSAPI.dll
0x0000000075f10000 - 0x0000000075f36000 	C:\Program Files\Bonjour\mdnsNSP.dll
0x00007ff8c7ac0000 - 0x00007ff8c7aca000 	C:\Windows\System32\rasadhlp.dll
0x00007ff8cc7f0000 - 0x00007ff8cc85b000 	C:\Windows\System32\fwpuclnt.dll
0x00007ff8cd0c0000 - 0x00007ff8cd0d9000 	C:\Users\Venkatesh Fin\Downloads\eclipse-java-2020-12\eclipse\plugins\org.eclipse.justj.openjdk.hotspot.jre.full.win32.x86_64_15.0.1.v20201027-0507\jre\bin\net.dll
0x00007ff8ca340000 - 0x00007ff8ca409000 	C:\Windows\SYSTEM32\WINHTTP.dll
0x00007ff8c6030000 - 0x00007ff8c6042000 	C:\Users\Venkatesh Fin\Downloads\eclipse-java-2020-12\eclipse\plugins\org.eclipse.justj.openjdk.hotspot.jre.full.win32.x86_64_15.0.1.v20201027-0507\jre\bin\nio.dll
0x00007ff8d1830000 - 0x00007ff8d1850000 	C:\Windows\SYSTEM32\CRYPTSP.dll
0x00007ff8d1450000 - 0x00007ff8d1486000 	C:\Windows\system32\rsaenh.dll
0x00007ff8d1ad0000 - 0x00007ff8d1af6000 	C:\Windows\SYSTEM32\bcrypt.dll
0x00007ff8d1560000 - 0x00007ff8d1581000 	C:\Windows\SYSTEM32\USERENV.dll
0x00007ff8d1da0000 - 0x00007ff8d1e03000 	C:\Windows\system32\bcryptprimitives.dll
0x00007ff8d1e10000 - 0x00007ff8d1e1b000 	C:\Windows\SYSTEM32\CRYPTBASE.dll
0x00007ff8cc940000 - 0x00007ff8cc956000 	C:\Windows\SYSTEM32\dhcpcsvc6.DLL
0x00007ff8cc920000 - 0x00007ff8cc93a000 	C:\Windows\SYSTEM32\dhcpcsvc.DLL
0x00007ff8cd300000 - 0x00007ff8cd310000 	C:\Users\Venkatesh Fin\Downloads\eclipse-java-2020-12\eclipse\plugins\org.eclipse.justj.openjdk.hotspot.jre.full.win32.x86_64_15.0.1.v20201027-0507\jre\bin\verify.dll

dbghelp: loaded successfully - version: 4.0.5 - missing functions: none
symbol engine: initialized successfully - sym options: 0x614 - pdb path: .;C:\Users\Venkatesh Fin\Downloads\eclipse-java-2020-12\eclipse\plugins\org.eclipse.justj.openjdk.hotspot.jre.full.win32.x86_64_15.0.1.v20201027-0507\jre\bin;C:\Windows\SYSTEM32;C:\Windows\WinSxS\amd64_microsoft.windows.common-controls_6595b64144ccf1df_6.0.9600.19394_none_62486577ecb635cf;C:\Users\Venkatesh Fin\Downloads\eclipse-java-2020-12\eclipse\plugins\org.eclipse.justj.openjdk.hotspot.jre.full.win32.x86_64_15.0.1.v20201027-0507\jre\bin\server;C:\Program Files\Bonjour

VM Arguments:
jvm_args: -XX:+ShowCodeDetailsInExceptionMessages -agentlib:jdwp=transport=dt_socket,suspend=y,address=localhost:52207 -ea -Dfile.encoding=Cp1252 
java_command: org.testng.remote.RemoteTestNG -serport 52206 -protocol json -d C:\Users\Venkatesh Fin\eclipse-workspace\maven-demo\test-output C:\Users\VENKAT~1\AppData\Local\Temp\testng-eclipse-1950711499\testng-customsuite.xml
java_class_path (initial): C:\Users\Venkatesh Fin\Downloads\eclipse-java-2020-12\eclipse\configuration\org.eclipse.osgi\443\0\.cp\lib\testng-remote.jar;C:\Users\Venkatesh Fin\eclipse-workspace\maven-demo\target\test-classes;C:\Users\Venkatesh Fin\eclipse-workspace\maven-demo\target\classes;C:\Users\Venkatesh Fin\.m2\repository\org\seleniumhq\selenium\selenium-java\3.5.3\selenium-java-3.5.3.jar;C:\Users\Venkatesh Fin\.m2\repository\org\seleniumhq\selenium\selenium-api\3.5.3\selenium-api-3.5.3.jar;C:\Users\Venkatesh Fin\.m2\repository\org\seleniumhq\selenium\selenium-chrome-driver\3.5.3\selenium-chrome-driver-3.5.3.jar;C:\Users\Venkatesh Fin\.m2\repository\org\seleniumhq\selenium\selenium-edge-driver\3.5.3\selenium-edge-driver-3.5.3.jar;C:\Users\Venkatesh Fin\.m2\repository\org\seleniumhq\selenium\selenium-firefox-driver\3.5.3\selenium-firefox-driver-3.5.3.jar;C:\Users\Venkatesh Fin\.m2\repository\org\seleniumhq\selenium\selenium-ie-driver\3.5.3\selenium-ie-driver-3.5.3.jar;C:\Users\Venkatesh Fin\.m2\repository\org\seleniumhq\selenium\selenium-opera-driver\3.5.3\selenium-opera-driver-3.5.3.jar;C:\Users\Venkatesh Fin\.m2\repository\org\seleniumhq\selenium\selenium-remote-driver\3.5.3\selenium-remote-driver-3.5.3.jar;C:\Users\Venkatesh Fin\.m2\repository\org\seleniumhq\selenium\selenium-safari-driver\3.5.3\selenium-safari-driver-3.5.3.jar;C:\Users\Venkatesh Fin\.m2\repository\org\seleniumhq\selenium\selenium-support\3.5.3\selenium-support-3.5.3.jar;C:\Users\Venkatesh Fin\.m2\repository\cglib\cglib-nodep\3.2.4\cglib-nodep-3.2.4.jar;C:\Users\Venkatesh Fin\.m2\repository\org\apache\commons\commons-exec\1.3\commons-exec-1.3.jar;C:\Users\Venkatesh Fin\.m2\repository\org\apache\commons\commons-lang3\3.5\commons-lang3-3.5.jar;C:\Users\Venkatesh Fin\.m2\repository\commons-codec\commons-codec\1.10\commons-codec-1.10.jar;C:\Users\Venkatesh Fin\.m2\repository\commons-io\commons-io\2.5\commons-io-2.5.jar;C:\Users\Venkatesh Fin\.m2\repository\commons-logging\commons-logging\1.2\co
Launcher Type: SUN_STANDARD

[Global flags]
     intx CICompilerCount                          = 3                                         {product} {ergonomic}
     uint ConcGCThreads                            = 1                                         {product} {ergonomic}
     uint G1ConcRefinementThreads                  = 4                                         {product} {ergonomic}
   size_t G1HeapRegionSize                         = 1048576                                   {product} {ergonomic}
    uintx GCDrainStackTargetSize                   = 64                                        {product} {ergonomic}
   size_t InitialHeapSize                          = 130023424                                 {product} {ergonomic}
   size_t MarkStackSize                            = 4194304                                   {product} {ergonomic}
   size_t MaxHeapSize                              = 2069889024                                {product} {ergonomic}
   size_t MaxNewSize                               = 1241513984                                {product} {ergonomic}
   size_t MinHeapDeltaBytes                        = 1048576                                   {product} {ergonomic}
   size_t MinHeapSize                              = 8388608                                   {product} {ergonomic}
    uintx NonNMethodCodeHeapSize                   = 5832780                                {pd product} {ergonomic}
    uintx NonProfiledCodeHeapSize                  = 122912730                              {pd product} {ergonomic}
    uintx ProfiledCodeHeapSize                     = 122912730                              {pd product} {ergonomic}
    uintx ReservedCodeCacheSize                    = 251658240                              {pd product} {ergonomic}
     bool SegmentedCodeCache                       = true                                      {product} {ergonomic}
     bool ShowCodeDetailsInExceptionMessages       = true                                   {manageable} {command line}
   size_t SoftMaxHeapSize                          = 2069889024                             {manageable} {ergonomic}
     bool UseCompressedClassPointers               = true                                 {lp64_product} {ergonomic}
     bool UseCompressedOops                        = true                                 {lp64_product} {ergonomic}
     bool UseG1GC                                  = true                                      {product} {ergonomic}
     bool UseLargePagesIndividualAllocation        = false                                  {pd product} {ergonomic}

Logging:
Log output configuration:
 #0: stdout all=warning uptime,level,tags
 #1: stderr all=off uptime,level,tags

Environment Variables:
JAVA_HOME=C:\Program Files\Java\jdk1.8.0_281
PATH=C:\Users\Venkatesh Fin\Downloads\eclipse-java-2020-12\eclipse\plugins\org.eclipse.justj.openjdk.hotspot.jre.full.win32.x86_64_15.0.1.v20201027-0507\jre\bin;C:/Users/Venkatesh Fin/Downloads/eclipse-java-2020-12/eclipse//plugins/org.eclipse.justj.openjdk.hotspot.jre.full.win32.x86_64_15.0.1.v20201027-0507/jre/bin/server;C:/Users/Venkatesh Fin/Downloads/eclipse-java-2020-12/eclipse//plugins/org.eclipse.justj.openjdk.hotspot.jre.full.win32.x86_64_15.0.1.v20201027-0507/jre/bin;C:\Program Files\Java\jdk1.8.0_281\bin;C:\Program Files\nodejs;C:\Users\Venkatesh Fin\Downloads\Android\platform-tools;C:\Users\Venkatesh Fin\Downloads\Android\tools;C:\Program Files\MySQL\MySQL Shell 8.0\bin\;C:\Users\Venkatesh Fin\AppData\Local\Programs\Python\Python38\Scripts\;C:\Users\Venkatesh Fin\AppData\Local\Programs\Python\Python38\;C:\Users\Venkatesh Fin\AppData\Local\Programs\Microsoft VS Code\bin;C:\Users\Venkatesh Fin\AppData\Roaming\npm;C:\Users\Venkatesh Fin\Downloads\eclipse-java-2020-12\eclipse;
USERNAME=Harish
OS=Windows_NT
PROCESSOR_IDENTIFIER=Intel64 Family 6 Model 58 Stepping 9, GenuineIntel



---------------  S Y S T E M  ---------------

OS:
 Windows 8.1 , 64 bit Build 9600 (6.3.9600.19843)
OS uptime: 0 days 8:25 hours

CPU: total 4 (initial active 4) (2 cores per cpu, 2 threads per core) family 6 model 58 stepping 9 microcode 0x1b, cmov, cx8, fxsr, mmx, sse, sse2, sse3, ssse3, sse4.1, sse4.2, popcnt, vzeroupper, avx, clmul, erms, ht, tsc, tscinvbit, tscinv, clflush

Memory: 4k page, system-wide physical 7894M (2021M free)
TotalPageFile size 12992M (AvailPageFile size 2117M)
current process WorkingSet (physical memory assigned to process): 53M, peak: 77M
current process commit charge ("private bytes"): 206M, peak: 214M

vm_info: OpenJDK 64-Bit Server VM (15.0.1+9-18) for windows-amd64 JRE (15.0.1+9-18), built on Sep 15 2020 14:39:31 by "mach5one" with unknown MS VC++:1925

END.
