#
# A fatal error has been detected by the Java Runtime Environment:
#
#  EXCEPTION_ACCESS_VIOLATION (0xc0000005) at pc=0x00007ff8aa02e878, pid=5964, tid=6844
#
# JRE version: OpenJDK Runtime Environment (15.0.1+9) (build 15.0.1+9-18)
# Java VM: OpenJDK 64-Bit Server VM (15.0.1+9-18, mixed mode, tiered, compressed oops, g1 gc, windows-amd64)
# Problematic frame:
# V  [jvm.dll+0x20e878]
#
# No core dump will be written. Minidumps are not enabled by default on client versions of Windows
#
# If you would like to submit a bug report, please visit:
#   https://bugreport.java.com/bugreport/crash.jsp
#

---------------  S U M M A R Y ------------

Command Line: -XX:+ShowCodeDetailsInExceptionMessages -agentlib:jdwp=transport=dt_socket,suspend=y,address=localhost:52461 -ea -Dfile.encoding=Cp1252 org.testng.remote.RemoteTestNG -serport 52459 -protocol json -d C:\Users\Venkatesh Fin\eclipse-workspace\maven-demo\test-output C:\Users\VENKAT~1\AppData\Local\Temp\testng-eclipse-494004546\testng-customsuite.xml

Host: Intel(R) Core(TM) i3-3220 CPU @ 3.30GHz, 4 cores, 7G,  Windows 8.1 , 64 bit Build 9600 (6.3.9600.19843)
Time: Mon Mar 15 13:49:19 2021 GMT Standard Time elapsed time: 14110.261666 seconds (0d 3h 55m 10s)

---------------  T H R E A D  ---------------

Current thread (0x0000001eb932b2b0):  JavaThread "JDWP Transport Listener: dt_socket" daemon [_thread_in_vm, id=6844, stack(0x0000001eba1b0000,0x0000001eba2b0000)] _threads_hazard_ptr=0x0000001ebb185c10

Stack: [0x0000001eba1b0000,0x0000001eba2b0000],  sp=0x0000001eba2aef48,  free space=1019k
Native frames: (J=compiled Java code, j=interpreted, Vv=VM code, C=native code)
V  [jvm.dll+0x20e878]


siginfo: EXCEPTION_ACCESS_VIOLATION (0xc0000005), reading address 0x0000001ebc739050


Register to memory mapping:

RIP=0x00007ff8aa02e878 jvm.dll
RAX=0x0000000000194180 is an unknown value
RBX=0x0000001eba2af1f0 is pointing into the stack for thread: 0x0000001eb932b2b0
RCX=0x0000001ebc5a4ed0 is pointing into metadata
RDX=0x000000000000ca0b is an unknown value
RSP=0x0000001eba2aef48 is pointing into the stack for thread: 0x0000001eb932b2b0
RBP=0x0000000000000001 is an unknown value
RSI=0x0000000000000001 is an unknown value
RDI=0x0000001ebc272370 is pointing into metadata
R8 =0x0 is NULL
R9 =0x0000001ebc272370 is pointing into metadata
R10=0x0000001eba2af1f0 is pointing into the stack for thread: 0x0000001eb932b2b0
R11=0x0000001ebae5d620 points into unknown readable memory: 0x4700000147000000 | 00 00 00 47 01 00 00 47
R12=0x00007ff8a9e20000 jvm.dll
R13=0x0000001ebae5d5f0 points into unknown readable memory: 0x0000004284f93d00 | 00 3d f9 84 42 00 00 00
R14=0x0000001ebc272ab8 is pointing into metadata
R15=0x00000000000000a2 is an unknown value


Registers:
RAX=0x0000000000194180, RBX=0x0000001eba2af1f0, RCX=0x0000001ebc5a4ed0, RDX=0x000000000000ca0b
RSP=0x0000001eba2aef48, RBP=0x0000000000000001, RSI=0x0000000000000001, RDI=0x0000001ebc272370
R8 =0x0000000000000000, R9 =0x0000001ebc272370, R10=0x0000001eba2af1f0, R11=0x0000001ebae5d620
R12=0x00007ff8a9e20000, R13=0x0000001ebae5d5f0, R14=0x0000001ebc272ab8, R15=0x00000000000000a2
RIP=0x00007ff8aa02e878, EFLAGS=0x0000000000010202

Top of Stack: (sp=0x0000001eba2aef48)
0x0000001eba2aef48:   00007ff8aa11fcb3 0000001eba2aefc0
0x0000001eba2aef58:   00007ff8a9f29cfe 0000001eba2aefc0
0x0000001eba2aef68:   00007ff8a9f2201e 0000000000000000
0x0000001eba2aef78:   00000000000000a0 000000004600006f
0x0000001eba2aef88:   00007ff8aa1209b3 0000d27c263ddf6a
0x0000001eba2aef98:   0000d27c263ddf5a 0000001ebc272ab8
0x0000001eba2aefa8:   00000000000000b2 0000001eba2af1f0
0x0000001eba2aefb8:   00007ff8aa1221e2 0000001ebc272b10
0x0000001eba2aefc8:   0000001eba2af060 0000000000000001
0x0000001eba2aefd8:   00007ff8a9f29cfe 0000001e00000078
0x0000001eba2aefe8:   0000000000000004 0000001ebc272b10
0x0000001eba2aeff8:   0000001eba2af060 0000000000000004
0x0000001eba2af008:   00007ff8a9e2c1a6 0000001ebc272b10
0x0000001eba2af018:   0000001eba2af1f0 00000000000000a2
0x0000001eba2af028:   00000000000000b2 0000001eba2af1f0
0x0000001eba2af038:   00007ff8aa1228ee 0000001eba2af090 

Instructions: (pc=0x00007ff8aa02e878)
0x00007ff8aa02e778:   03 03 03 03 03 03 03 03 03 03 03 03 03 03 03 03
0x00007ff8aa02e788:   03 03 03 03 03 03 03 03 03 03 03 03 03 03 03 03
0x00007ff8aa02e798:   03 03 03 03 03 03 03 03 03 03 03 03 03 03 03 03
0x00007ff8aa02e7a8:   03 03 03 03 03 03 03 03 03 03 03 03 03 03 03 03
0x00007ff8aa02e7b8:   03 03 03 02 03 03 02 cc 48 89 5c 24 08 48 89 74
0x00007ff8aa02e7c8:   24 10 57 48 83 ec 20 48 63 da 41 0f b6 f0 48 8b
0x00007ff8aa02e7d8:   f9 85 d2 79 24 4c 8d 0d 9c 97 66 00 ba af 02 00
0x00007ff8aa02e7e8:   00 4c 8d 05 c8 97 66 00 48 8d 0d 41 97 66 00 e8
0x00007ff8aa02e7f8:   54 79 00 00 e8 3f c1 41 00 40 84 f6 75 18 48 8b
0x00007ff8aa02e808:   4f 10 48 85 c9 74 0f 48 8d 43 01 48 c1 e0 05 48
0x00007ff8aa02e818:   8b 04 08 0f b7 d8 48 8b 74 24 38 48 63 c3 48 8b
0x00007ff8aa02e828:   5c 24 30 0f b7 44 c7 48 48 83 c4 20 5f c3 cc cc
0x00007ff8aa02e838:   cc cc cc cc cc cc cc cc 4c 8b c9 45 84 c0 75 41
0x00007ff8aa02e848:   48 8b 49 10 48 85 c9 74 38 85 d2 79 19 f7 d2 8b
0x00007ff8aa02e858:   c2 48 ff c0 48 c1 e0 05 48 8b 04 08 0f b7 c8 41
0x00007ff8aa02e868:   0f b7 44 c9 4a c3 48 63 c2 48 ff c0 48 c1 e0 05
0x00007ff8aa02e878:   48 8b 04 08 0f b7 d0 48 63 c2 41 0f b7 44 c1 4a
0x00007ff8aa02e888:   c3 49 8b 41 08 4c 63 c2 42 0f b6 44 00 04 8d 48
0x00007ff8aa02e898:   ef 80 f9 01 76 0e 3c 6a 74 0a 48 63 c2 41 0f b7
0x00007ff8aa02e8a8:   44 c1 4a c3 43 0f b7 44 c1 4a c3 cc cc cc cc cc
0x00007ff8aa02e8b8:   cc cc cc cc cc cc cc cc 40 53 48 83 ec 20 48 8b
0x00007ff8aa02e8c8:   d9 e8 72 ff ff ff 48 63 d0 0f b7 44 d3 48 48 8b
0x00007ff8aa02e8d8:   44 c3 48 48 83 c4 20 5b c3 cc cc cc cc cc cc cc
0x00007ff8aa02e8e8:   cc cc cc cc cc cc cc cc 40 53 48 83 ec 20 48 8b
0x00007ff8aa02e8f8:   d9 e8 42 ff ff ff 48 63 d0 0f b7 44 d3 4a 48 8b
0x00007ff8aa02e908:   44 c3 48 48 83 c4 20 5b c3 cc cc cc cc cc cc cc
0x00007ff8aa02e918:   cc cc cc cc cc cc cc cc 4c 8b d1 45 84 c9 75 28
0x00007ff8aa02e928:   4c 8b 49 10 4d 85 c9 74 1f 45 85 c0 79 08 41 f7
0x00007ff8aa02e938:   d0 41 8b c0 eb 03 49 63 c0 48 ff c0 48 c1 e0 05
0x00007ff8aa02e948:   4a 8b 04 08 44 0f b7 c0 49 8b 42 08 49 63 c8 0f
0x00007ff8aa02e958:   b6 4c 08 04 48 8b c2 88 0a c3 cc cc cc cc cc cc
0x00007ff8aa02e968:   cc cc cc cc cc cc cc cc 40 56 57 41 54 41 56 41 


Stack slot to memory mapping:
stack at sp + 0 slots: 0x00007ff8aa11fcb3 jvm.dll
stack at sp + 1 slots: 0x0000001eba2aefc0 is pointing into the stack for thread: 0x0000001eb932b2b0
stack at sp + 2 slots: 0x00007ff8a9f29cfe jvm.dll
stack at sp + 3 slots: 0x0000001eba2aefc0 is pointing into the stack for thread: 0x0000001eb932b2b0
stack at sp + 4 slots: 0x00007ff8a9f2201e jvm.dll
stack at sp + 5 slots: 0x0 is NULL
stack at sp + 6 slots: 0x00000000000000a0 is an unknown value
stack at sp + 7 slots: 0x000000004600006f is an unknown value


---------------  P R O C E S S  ---------------

Threads class SMR info:
_java_thread_list=0x0000001ebb185c10, length=14, elements={
0x0000001e9eb74580, 0x0000001eb86d15a0, 0x0000001eb86e8670, 0x0000001eb912c700,
0x0000001eb912d0c0, 0x0000001eb915df60, 0x0000001eb916aad0, 0x0000001eb916db80,
0x0000001eb9178830, 0x0000001eb932b2b0, 0x0000001eb9330a70, 0x0000001eb9330f60,
0x0000001eb9341570, 0x0000001eb936c670
}

Java Threads: ( => current thread )
  0x0000001e9eb74580 JavaThread "main" [_thread_blocked, id=6228, stack(0x0000001e9e210000,0x0000001e9e310000)]
  0x0000001eb86d15a0 JavaThread "Reference Handler" daemon [_thread_blocked, id=5128, stack(0x0000001eb95f0000,0x0000001eb96f0000)]
  0x0000001eb86e8670 JavaThread "Finalizer" daemon [_thread_blocked, id=264, stack(0x0000001eb96f0000,0x0000001eb97f0000)]
  0x0000001eb912c700 JavaThread "Signal Dispatcher" daemon [_thread_blocked, id=2672, stack(0x0000001eb97f0000,0x0000001eb98f0000)]
  0x0000001eb912d0c0 JavaThread "Attach Listener" daemon [_thread_blocked, id=3672, stack(0x0000001eb98f0000,0x0000001eb99f0000)]
  0x0000001eb915df60 JavaThread "Service Thread" daemon [_thread_blocked, id=5924, stack(0x0000001eb99f0000,0x0000001eb9af0000)]
  0x0000001eb916aad0 JavaThread "C2 CompilerThread0" daemon [_thread_blocked, id=404, stack(0x0000001eb9af0000,0x0000001eb9bf0000)]
  0x0000001eb916db80 JavaThread "C1 CompilerThread0" daemon [_thread_blocked, id=6060, stack(0x0000001eb9bf0000,0x0000001eb9cf0000)]
  0x0000001eb9178830 JavaThread "Sweeper thread" daemon [_thread_blocked, id=5704, stack(0x0000001eb9cf0000,0x0000001eb9df0000)]
=>0x0000001eb932b2b0 JavaThread "JDWP Transport Listener: dt_socket" daemon [_thread_in_vm, id=6844, stack(0x0000001eba1b0000,0x0000001eba2b0000)]
  0x0000001eb9330a70 JavaThread "JDWP Event Helper Thread" daemon [_thread_blocked, id=6856, stack(0x0000001eba2b0000,0x0000001eba3b0000)]
  0x0000001eb9330f60 JavaThread "JDWP Command Reader" daemon [_thread_in_native, id=6828, stack(0x0000001eba3b0000,0x0000001eba4b0000)]
  0x0000001eb9341570 JavaThread "Notification Thread" daemon [_thread_blocked, id=6872, stack(0x0000001eba4b0000,0x0000001eba5b0000)]
  0x0000001eb936c670 JavaThread "Common-Cleaner" daemon [_thread_blocked, id=6064, stack(0x0000001eba6b0000,0x0000001eba7b0000)]

Other Threads:
  0x0000001eb86e7ab0 VMThread "VM Thread" [stack: 0x0000001eb94f0000,0x0000001eb95f0000] [id=6204]
  0x0000001eb9353130 WatcherThread [stack: 0x0000001eba5b0000,0x0000001eba6b0000] [id=6876]
  0x0000001e9ebb47f0 GCTaskThread "GC Thread#0" [stack: 0x0000001e9e930000,0x0000001e9ea30000] [id=6224]
  0x0000001eb9307450 GCTaskThread "GC Thread#1" [stack: 0x0000001ebc680000,0x0000001ebc780000] [id=5876]
  0x0000001eb9307ab0 GCTaskThread "GC Thread#2" [stack: 0x0000001ebc780000,0x0000001ebc880000] [id=6680]
  0x0000001eb9307de0 GCTaskThread "GC Thread#3" [stack: 0x0000001ebc880000,0x0000001ebc980000] [id=6756]
  0x0000001e9ebc5990 ConcurrentGCThread "G1 Main Marker" [stack: 0x0000001eb5eb0000,0x0000001eb5fb0000] [id=6172]
  0x0000001e9ebc7680 ConcurrentGCThread "G1 Conc#0" [stack: 0x0000001eb5fb0000,0x0000001eb60b0000] [id=6488]
  0x0000001eb85120b0 ConcurrentGCThread "G1 Refine#0" [stack: 0x0000001eb86f0000,0x0000001eb87f0000] [id=5816]
  0x0000001ebaf1b150 ConcurrentGCThread "G1 Refine#1" [stack: 0x0000001ebc980000,0x0000001ebca80000] [id=4136]
  0x0000001e9ec0eb90 ConcurrentGCThread "G1 Young RemSet Sampling" [stack: 0x0000001eb87f0000,0x0000001eb88f0000] [id=1976]

Threads with active compile tasks:

VM state: not at safepoint (normal execution)

VM Mutex/Monitor currently owned by a thread: None

Heap address: 0x0000000084a00000, size: 1974 MB, Compressed Oops mode: 32-bit
CDS disabled.
Compressed class space mapped at: 0x0000000100000000-0x0000000140000000, size: 1073741824
Narrow klass base: 0x0000000000000000, Narrow klass shift: 3, Narrow klass range: 0x140000000

GC Precious Log:
 CPUs: 4 total, 4 available
 Memory: 7894M
 Large Page Support: Disabled
 NUMA Support: Disabled
 Compressed Oops: Enabled (32-bit)
 Heap Region Size: 1M
 Heap Min Capacity: 8M
 Heap Initial Capacity: 124M
 Heap Max Capacity: 1974M
 Pre-touch: Disabled
 Parallel Workers: 4
 Concurrent Workers: 1
 Concurrent Refinement Workers: 4
 Periodic GC: Disabled

Heap:
 garbage-first heap   total 126976K, used 10588K [0x0000000084a00000, 0x0000000100000000)
  region size 1024K, 5 young (5120K), 2 survivors (2048K)
 Metaspace       used 13322K, capacity 13482K, committed 13696K, reserved 1060864K
  class space    used 1246K, capacity 1292K, committed 1408K, reserved 1048576K

Heap Regions: E=young(eden), S=young(survivor), O=old, HS=humongous(starts), HC=humongous(continues), CS=collection set, F=free, OA=open archive, CA=closed archive, TAMS=top-at-mark-start (previous, next)
|   0|0x0000000084a00000, 0x0000000084b00000, 0x0000000084b00000|100%|HS|  |TAMS 0x0000000084a00000, 0x0000000084a00000| Complete 
|   1|0x0000000084b00000, 0x0000000084c00000, 0x0000000084c00000|100%|HS|  |TAMS 0x0000000084b00000, 0x0000000084b00000| Complete 
|   2|0x0000000084c00000, 0x0000000084d00000, 0x0000000084d00000|100%|HC|  |TAMS 0x0000000084c00000, 0x0000000084c00000| Complete 
|   3|0x0000000084d00000, 0x0000000084e00000, 0x0000000084e00000|100%|HC|  |TAMS 0x0000000084d00000, 0x0000000084d00000| Complete 
|   4|0x0000000084e00000, 0x0000000084f00000, 0x0000000084f00000|100%| O|  |TAMS 0x0000000084e00000, 0x0000000084e00000| Untracked 
|   5|0x0000000084f00000, 0x0000000085000000, 0x0000000085000000|100%| O|  |TAMS 0x0000000084f00000, 0x0000000084f00000| Untracked 
|   6|0x0000000085000000, 0x0000000085057000, 0x0000000085100000| 33%| O|  |TAMS 0x0000000085000000, 0x0000000085000000| Untracked 
|   7|0x0000000085100000, 0x0000000085100000, 0x0000000085200000|  0%| F|  |TAMS 0x0000000085100000, 0x0000000085100000| Untracked 
|   8|0x0000000085200000, 0x0000000085200000, 0x0000000085300000|  0%| F|  |TAMS 0x0000000085200000, 0x0000000085200000| Untracked 
|   9|0x0000000085300000, 0x0000000085300000, 0x0000000085400000|  0%| F|  |TAMS 0x0000000085300000, 0x0000000085300000| Untracked 
|  10|0x0000000085400000, 0x0000000085400000, 0x0000000085500000|  0%| F|  |TAMS 0x0000000085400000, 0x0000000085400000| Untracked 
|  11|0x0000000085500000, 0x0000000085500000, 0x0000000085600000|  0%| F|  |TAMS 0x0000000085500000, 0x0000000085500000| Untracked 
|  12|0x0000000085600000, 0x0000000085600000, 0x0000000085700000|  0%| F|  |TAMS 0x0000000085600000, 0x0000000085600000| Untracked 
|  13|0x0000000085700000, 0x0000000085700000, 0x0000000085800000|  0%| F|  |TAMS 0x0000000085700000, 0x0000000085700000| Untracked 
|  14|0x0000000085800000, 0x0000000085800000, 0x0000000085900000|  0%| F|  |TAMS 0x0000000085800000, 0x0000000085800000| Untracked 
|  15|0x0000000085900000, 0x0000000085900000, 0x0000000085a00000|  0%| F|  |TAMS 0x0000000085900000, 0x0000000085900000| Untracked 
|  16|0x0000000085a00000, 0x0000000085a00000, 0x0000000085b00000|  0%| F|  |TAMS 0x0000000085a00000, 0x0000000085a00000| Untracked 
|  17|0x0000000085b00000, 0x0000000085b00000, 0x0000000085c00000|  0%| F|  |TAMS 0x0000000085b00000, 0x0000000085b00000| Untracked 
|  18|0x0000000085c00000, 0x0000000085c00000, 0x0000000085d00000|  0%| F|  |TAMS 0x0000000085c00000, 0x0000000085c00000| Untracked 
|  19|0x0000000085d00000, 0x0000000085d00000, 0x0000000085e00000|  0%| F|  |TAMS 0x0000000085d00000, 0x0000000085d00000| Untracked 
|  20|0x0000000085e00000, 0x0000000085e00000, 0x0000000085f00000|  0%| F|  |TAMS 0x0000000085e00000, 0x0000000085e00000| Untracked 
|  21|0x0000000085f00000, 0x0000000085f00000, 0x0000000086000000|  0%| F|  |TAMS 0x0000000085f00000, 0x0000000085f00000| Untracked 
|  22|0x0000000086000000, 0x0000000086000000, 0x0000000086100000|  0%| F|  |TAMS 0x0000000086000000, 0x0000000086000000| Untracked 
|  23|0x0000000086100000, 0x0000000086100000, 0x0000000086200000|  0%| F|  |TAMS 0x0000000086100000, 0x0000000086100000| Untracked 
|  24|0x0000000086200000, 0x0000000086200000, 0x0000000086300000|  0%| F|  |TAMS 0x0000000086200000, 0x0000000086200000| Untracked 
|  25|0x0000000086300000, 0x0000000086300000, 0x0000000086400000|  0%| F|  |TAMS 0x0000000086300000, 0x0000000086300000| Untracked 
|  26|0x0000000086400000, 0x0000000086400000, 0x0000000086500000|  0%| F|  |TAMS 0x0000000086400000, 0x0000000086400000| Untracked 
|  27|0x0000000086500000, 0x0000000086500000, 0x0000000086600000|  0%| F|  |TAMS 0x0000000086500000, 0x0000000086500000| Untracked 
|  28|0x0000000086600000, 0x0000000086600000, 0x0000000086700000|  0%| F|  |TAMS 0x0000000086600000, 0x0000000086600000| Untracked 
|  29|0x0000000086700000, 0x0000000086700000, 0x0000000086800000|  0%| F|  |TAMS 0x0000000086700000, 0x0000000086700000| Untracked 
|  30|0x0000000086800000, 0x0000000086800000, 0x0000000086900000|  0%| F|  |TAMS 0x0000000086800000, 0x0000000086800000| Untracked 
|  31|0x0000000086900000, 0x0000000086900000, 0x0000000086a00000|  0%| F|  |TAMS 0x0000000086900000, 0x0000000086900000| Untracked 
|  32|0x0000000086a00000, 0x0000000086a00000, 0x0000000086b00000|  0%| F|  |TAMS 0x0000000086a00000, 0x0000000086a00000| Untracked 
|  33|0x0000000086b00000, 0x0000000086b00000, 0x0000000086c00000|  0%| F|  |TAMS 0x0000000086b00000, 0x0000000086b00000| Untracked 
|  34|0x0000000086c00000, 0x0000000086c00000, 0x0000000086d00000|  0%| F|  |TAMS 0x0000000086c00000, 0x0000000086c00000| Untracked 
|  35|0x0000000086d00000, 0x0000000086d00000, 0x0000000086e00000|  0%| F|  |TAMS 0x0000000086d00000, 0x0000000086d00000| Untracked 
|  36|0x0000000086e00000, 0x0000000086e00000, 0x0000000086f00000|  0%| F|  |TAMS 0x0000000086e00000, 0x0000000086e00000| Untracked 
|  37|0x0000000086f00000, 0x0000000086f00000, 0x0000000087000000|  0%| F|  |TAMS 0x0000000086f00000, 0x0000000086f00000| Untracked 
|  38|0x0000000087000000, 0x0000000087000000, 0x0000000087100000|  0%| F|  |TAMS 0x0000000087000000, 0x0000000087000000| Untracked 
|  39|0x0000000087100000, 0x0000000087100000, 0x0000000087200000|  0%| F|  |TAMS 0x0000000087100000, 0x0000000087100000| Untracked 
|  40|0x0000000087200000, 0x0000000087200000, 0x0000000087300000|  0%| F|  |TAMS 0x0000000087200000, 0x0000000087200000| Untracked 
|  41|0x0000000087300000, 0x0000000087300000, 0x0000000087400000|  0%| F|  |TAMS 0x0000000087300000, 0x0000000087300000| Untracked 
|  42|0x0000000087400000, 0x0000000087400000, 0x0000000087500000|  0%| F|  |TAMS 0x0000000087400000, 0x0000000087400000| Untracked 
|  43|0x0000000087500000, 0x0000000087500000, 0x0000000087600000|  0%| F|  |TAMS 0x0000000087500000, 0x0000000087500000| Untracked 
|  44|0x0000000087600000, 0x0000000087600000, 0x0000000087700000|  0%| F|  |TAMS 0x0000000087600000, 0x0000000087600000| Untracked 
|  45|0x0000000087700000, 0x0000000087700000, 0x0000000087800000|  0%| F|  |TAMS 0x0000000087700000, 0x0000000087700000| Untracked 
|  46|0x0000000087800000, 0x0000000087800000, 0x0000000087900000|  0%| F|  |TAMS 0x0000000087800000, 0x0000000087800000| Untracked 
|  47|0x0000000087900000, 0x0000000087900000, 0x0000000087a00000|  0%| F|  |TAMS 0x0000000087900000, 0x0000000087900000| Untracked 
|  48|0x0000000087a00000, 0x0000000087a00000, 0x0000000087b00000|  0%| F|  |TAMS 0x0000000087a00000, 0x0000000087a00000| Untracked 
|  49|0x0000000087b00000, 0x0000000087b00000, 0x0000000087c00000|  0%| F|  |TAMS 0x0000000087b00000, 0x0000000087b00000| Untracked 
|  50|0x0000000087c00000, 0x0000000087c00000, 0x0000000087d00000|  0%| F|  |TAMS 0x0000000087c00000, 0x0000000087c00000| Untracked 
|  51|0x0000000087d00000, 0x0000000087d00000, 0x0000000087e00000|  0%| F|  |TAMS 0x0000000087d00000, 0x0000000087d00000| Untracked 
|  52|0x0000000087e00000, 0x0000000087e00000, 0x0000000087f00000|  0%| F|  |TAMS 0x0000000087e00000, 0x0000000087e00000| Untracked 
|  53|0x0000000087f00000, 0x0000000087f00000, 0x0000000088000000|  0%| F|  |TAMS 0x0000000087f00000, 0x0000000087f00000| Untracked 
|  54|0x0000000088000000, 0x0000000088000000, 0x0000000088100000|  0%| F|  |TAMS 0x0000000088000000, 0x0000000088000000| Untracked 
|  55|0x0000000088100000, 0x0000000088100000, 0x0000000088200000|  0%| F|  |TAMS 0x0000000088100000, 0x0000000088100000| Untracked 
|  56|0x0000000088200000, 0x0000000088200000, 0x0000000088300000|  0%| F|  |TAMS 0x0000000088200000, 0x0000000088200000| Untracked 
|  57|0x0000000088300000, 0x0000000088300000, 0x0000000088400000|  0%| F|  |TAMS 0x0000000088300000, 0x0000000088300000| Untracked 
|  58|0x0000000088400000, 0x0000000088400000, 0x0000000088500000|  0%| F|  |TAMS 0x0000000088400000, 0x0000000088400000| Untracked 
|  59|0x0000000088500000, 0x0000000088500000, 0x0000000088600000|  0%| F|  |TAMS 0x0000000088500000, 0x0000000088500000| Untracked 
|  60|0x0000000088600000, 0x0000000088600000, 0x0000000088700000|  0%| F|  |TAMS 0x0000000088600000, 0x0000000088600000| Untracked 
|  61|0x0000000088700000, 0x0000000088700000, 0x0000000088800000|  0%| F|  |TAMS 0x0000000088700000, 0x0000000088700000| Untracked 
|  62|0x0000000088800000, 0x0000000088800000, 0x0000000088900000|  0%| F|  |TAMS 0x0000000088800000, 0x0000000088800000| Untracked 
|  63|0x0000000088900000, 0x0000000088900000, 0x0000000088a00000|  0%| F|  |TAMS 0x0000000088900000, 0x0000000088900000| Untracked 
|  64|0x0000000088a00000, 0x0000000088a00000, 0x0000000088b00000|  0%| F|  |TAMS 0x0000000088a00000, 0x0000000088a00000| Untracked 
|  65|0x0000000088b00000, 0x0000000088b00000, 0x0000000088c00000|  0%| F|  |TAMS 0x0000000088b00000, 0x0000000088b00000| Untracked 
|  66|0x0000000088c00000, 0x0000000088c00000, 0x0000000088d00000|  0%| F|  |TAMS 0x0000000088c00000, 0x0000000088c00000| Untracked 
|  67|0x0000000088d00000, 0x0000000088d00000, 0x0000000088e00000|  0%| F|  |TAMS 0x0000000088d00000, 0x0000000088d00000| Untracked 
|  68|0x0000000088e00000, 0x0000000088e00000, 0x0000000088f00000|  0%| F|  |TAMS 0x0000000088e00000, 0x0000000088e00000| Untracked 
|  69|0x0000000088f00000, 0x0000000088f00000, 0x0000000089000000|  0%| F|  |TAMS 0x0000000088f00000, 0x0000000088f00000| Untracked 
|  70|0x0000000089000000, 0x0000000089000000, 0x0000000089100000|  0%| F|  |TAMS 0x0000000089000000, 0x0000000089000000| Untracked 
|  71|0x0000000089100000, 0x0000000089100000, 0x0000000089200000|  0%| F|  |TAMS 0x0000000089100000, 0x0000000089100000| Untracked 
|  72|0x0000000089200000, 0x0000000089200000, 0x0000000089300000|  0%| F|  |TAMS 0x0000000089200000, 0x0000000089200000| Untracked 
|  73|0x0000000089300000, 0x0000000089300000, 0x0000000089400000|  0%| F|  |TAMS 0x0000000089300000, 0x0000000089300000| Untracked 
|  74|0x0000000089400000, 0x0000000089400000, 0x0000000089500000|  0%| F|  |TAMS 0x0000000089400000, 0x0000000089400000| Untracked 
|  75|0x0000000089500000, 0x0000000089500000, 0x0000000089600000|  0%| F|  |TAMS 0x0000000089500000, 0x0000000089500000| Untracked 
|  76|0x0000000089600000, 0x0000000089600000, 0x0000000089700000|  0%| F|  |TAMS 0x0000000089600000, 0x0000000089600000| Untracked 
|  77|0x0000000089700000, 0x0000000089700000, 0x0000000089800000|  0%| F|  |TAMS 0x0000000089700000, 0x0000000089700000| Untracked 
|  78|0x0000000089800000, 0x0000000089800000, 0x0000000089900000|  0%| F|  |TAMS 0x0000000089800000, 0x0000000089800000| Untracked 
|  79|0x0000000089900000, 0x0000000089900000, 0x0000000089a00000|  0%| F|  |TAMS 0x0000000089900000, 0x0000000089900000| Untracked 
|  80|0x0000000089a00000, 0x0000000089a00000, 0x0000000089b00000|  0%| F|  |TAMS 0x0000000089a00000, 0x0000000089a00000| Untracked 
|  81|0x0000000089b00000, 0x0000000089b00000, 0x0000000089c00000|  0%| F|  |TAMS 0x0000000089b00000, 0x0000000089b00000| Untracked 
|  82|0x0000000089c00000, 0x0000000089c00000, 0x0000000089d00000|  0%| F|  |TAMS 0x0000000089c00000, 0x0000000089c00000| Untracked 
|  83|0x0000000089d00000, 0x0000000089d00000, 0x0000000089e00000|  0%| F|  |TAMS 0x0000000089d00000, 0x0000000089d00000| Untracked 
|  84|0x0000000089e00000, 0x0000000089e00000, 0x0000000089f00000|  0%| F|  |TAMS 0x0000000089e00000, 0x0000000089e00000| Untracked 
|  85|0x0000000089f00000, 0x0000000089f00000, 0x000000008a000000|  0%| F|  |TAMS 0x0000000089f00000, 0x0000000089f00000| Untracked 
|  86|0x000000008a000000, 0x000000008a000000, 0x000000008a100000|  0%| F|  |TAMS 0x000000008a000000, 0x000000008a000000| Untracked 
|  87|0x000000008a100000, 0x000000008a100000, 0x000000008a200000|  0%| F|  |TAMS 0x000000008a100000, 0x000000008a100000| Untracked 
|  88|0x000000008a200000, 0x000000008a200000, 0x000000008a300000|  0%| F|  |TAMS 0x000000008a200000, 0x000000008a200000| Untracked 
|  89|0x000000008a300000, 0x000000008a300000, 0x000000008a400000|  0%| F|  |TAMS 0x000000008a300000, 0x000000008a300000| Untracked 
|  90|0x000000008a400000, 0x000000008a400000, 0x000000008a500000|  0%| F|  |TAMS 0x000000008a400000, 0x000000008a400000| Untracked 
|  91|0x000000008a500000, 0x000000008a500000, 0x000000008a600000|  0%| F|  |TAMS 0x000000008a500000, 0x000000008a500000| Untracked 
|  92|0x000000008a600000, 0x000000008a600000, 0x000000008a700000|  0%| F|  |TAMS 0x000000008a600000, 0x000000008a600000| Untracked 
|  93|0x000000008a700000, 0x000000008a700000, 0x000000008a800000|  0%| F|  |TAMS 0x000000008a700000, 0x000000008a700000| Untracked 
|  94|0x000000008a800000, 0x000000008a800000, 0x000000008a900000|  0%| F|  |TAMS 0x000000008a800000, 0x000000008a800000| Untracked 
|  95|0x000000008a900000, 0x000000008a900000, 0x000000008aa00000|  0%| F|  |TAMS 0x000000008a900000, 0x000000008a900000| Untracked 
|  96|0x000000008aa00000, 0x000000008aa00000, 0x000000008ab00000|  0%| F|  |TAMS 0x000000008aa00000, 0x000000008aa00000| Untracked 
|  97|0x000000008ab00000, 0x000000008ab00000, 0x000000008ac00000|  0%| F|  |TAMS 0x000000008ab00000, 0x000000008ab00000| Untracked 
|  98|0x000000008ac00000, 0x000000008ac00000, 0x000000008ad00000|  0%| F|  |TAMS 0x000000008ac00000, 0x000000008ac00000| Untracked 
|  99|0x000000008ad00000, 0x000000008ad00000, 0x000000008ae00000|  0%| F|  |TAMS 0x000000008ad00000, 0x000000008ad00000| Untracked 
| 100|0x000000008ae00000, 0x000000008ae00000, 0x000000008af00000|  0%| F|  |TAMS 0x000000008ae00000, 0x000000008ae00000| Untracked 
| 101|0x000000008af00000, 0x000000008af00000, 0x000000008b000000|  0%| F|  |TAMS 0x000000008af00000, 0x000000008af00000| Untracked 
| 102|0x000000008b000000, 0x000000008b000000, 0x000000008b100000|  0%| F|  |TAMS 0x000000008b000000, 0x000000008b000000| Untracked 
| 103|0x000000008b100000, 0x000000008b100000, 0x000000008b200000|  0%| F|  |TAMS 0x000000008b100000, 0x000000008b100000| Untracked 
| 104|0x000000008b200000, 0x000000008b200000, 0x000000008b300000|  0%| F|  |TAMS 0x000000008b200000, 0x000000008b200000| Untracked 
| 105|0x000000008b300000, 0x000000008b300000, 0x000000008b400000|  0%| F|  |TAMS 0x000000008b300000, 0x000000008b300000| Untracked 
| 106|0x000000008b400000, 0x000000008b400000, 0x000000008b500000|  0%| F|  |TAMS 0x000000008b400000, 0x000000008b400000| Untracked 
| 107|0x000000008b500000, 0x000000008b500000, 0x000000008b600000|  0%| F|  |TAMS 0x000000008b500000, 0x000000008b500000| Untracked 
| 108|0x000000008b600000, 0x000000008b600000, 0x000000008b700000|  0%| F|  |TAMS 0x000000008b600000, 0x000000008b600000| Untracked 
| 109|0x000000008b700000, 0x000000008b800000, 0x000000008b800000|100%| S|CS|TAMS 0x000000008b700000, 0x000000008b700000| Complete 
| 110|0x000000008b800000, 0x000000008b900000, 0x000000008b900000|100%| S|CS|TAMS 0x000000008b800000, 0x000000008b800000| Complete 
| 111|0x000000008b900000, 0x000000008b900000, 0x000000008ba00000|  0%| F|  |TAMS 0x000000008b900000, 0x000000008b900000| Untracked 
| 112|0x000000008ba00000, 0x000000008ba00000, 0x000000008bb00000|  0%| F|  |TAMS 0x000000008ba00000, 0x000000008ba00000| Untracked 
| 113|0x000000008bb00000, 0x000000008bb00000, 0x000000008bc00000|  0%| F|  |TAMS 0x000000008bb00000, 0x000000008bb00000| Untracked 
| 114|0x000000008bc00000, 0x000000008bc00000, 0x000000008bd00000|  0%| F|  |TAMS 0x000000008bc00000, 0x000000008bc00000| Untracked 
| 115|0x000000008bd00000, 0x000000008bd00000, 0x000000008be00000|  0%| F|  |TAMS 0x000000008bd00000, 0x000000008bd00000| Untracked 
| 116|0x000000008be00000, 0x000000008be00000, 0x000000008bf00000|  0%| F|  |TAMS 0x000000008be00000, 0x000000008be00000| Untracked 
| 117|0x000000008bf00000, 0x000000008bf00000, 0x000000008c000000|  0%| F|  |TAMS 0x000000008bf00000, 0x000000008bf00000| Untracked 
| 118|0x000000008c000000, 0x000000008c000000, 0x000000008c100000|  0%| F|  |TAMS 0x000000008c000000, 0x000000008c000000| Untracked 
| 119|0x000000008c100000, 0x000000008c100000, 0x000000008c200000|  0%| F|  |TAMS 0x000000008c100000, 0x000000008c100000| Untracked 
| 120|0x000000008c200000, 0x000000008c200000, 0x000000008c300000|  0%| F|  |TAMS 0x000000008c200000, 0x000000008c200000| Untracked 
| 121|0x000000008c300000, 0x000000008c365850, 0x000000008c400000| 39%| E|  |TAMS 0x000000008c300000, 0x000000008c300000| Complete 
| 122|0x000000008c400000, 0x000000008c500000, 0x000000008c500000|100%| E|CS|TAMS 0x000000008c400000, 0x000000008c400000| Complete 
| 123|0x000000008c500000, 0x000000008c600000, 0x000000008c600000|100%| E|CS|TAMS 0x000000008c500000, 0x000000008c500000| Complete 

Card table byte_map: [0x0000001eb1930000,0x0000001eb1d10000] _byte_map_base: 0x0000001eb150b000

Marking Bits (Prev, Next): (CMBitMap*) 0x0000001e9ebb4cb0, (CMBitMap*) 0x0000001e9ebb4cf0
 Prev Bits: [0x0000001eb20f0000, 0x0000001eb3fc8000)
 Next Bits: [0x0000001eb3fd0000, 0x0000001eb5ea8000)

Polling page: 0x0000001e9ca00000

Metaspace:

Usage:
  Non-class:     11.90 MB capacity,    11.79 MB (>99%) used,   102.39 KB ( <1%) free+waste,    11.69 KB ( <1%) overhead. 
      Class:      1.26 MB capacity,     1.22 MB ( 97%) used,    41.16 KB (  3%) free+waste,     3.88 KB ( <1%) overhead. 
       Both:     13.17 MB capacity,    13.01 MB ( 99%) used,   143.55 KB (  1%) free+waste,    15.56 KB ( <1%) overhead. 

Virtual space:
  Non-class space:       12.00 MB reserved,      12.00 MB (100%) committed 
      Class space:        1.00 GB reserved,       1.38 MB ( <1%) committed 
             Both:        1.01 GB reserved,      13.38 MB (  1%) committed 

Chunk freelists:
   Non-Class:  34.00 KB
       Class:  20.00 KB
        Both:  54.00 KB

MaxMetaspaceSize: 17179869184.00 GB
CompressedClassSpaceSize: 1.00 GB

CodeHeap 'non-profiled nmethods': size=120000Kb used=323Kb max_used=323Kb free=119677Kb
 bounds [0x0000001eaa020000, 0x0000001eaa290000, 0x0000001eb1550000]
CodeHeap 'profiled nmethods': size=120000Kb used=1655Kb max_used=1655Kb free=118344Kb
 bounds [0x0000001ea2af0000, 0x0000001ea2d60000, 0x0000001eaa020000]
CodeHeap 'non-nmethods': size=5760Kb used=1253Kb max_used=1272Kb free=4506Kb
 bounds [0x0000001ea2550000, 0x0000001ea27c0000, 0x0000001ea2af0000]
 total_blobs=1391 nmethods=970 adapters=334
 compilation: enabled
              stopped_count=0, restarted_count=0
 full_count=0

Compilation events (20 events):
Event: 0.897 Thread 0x0000001eb916db80  958       3       java.util.zip.InflaterInputStream::<init> (79 bytes)
Event: 0.897 Thread 0x0000001eb916db80 nmethod 958 0x0000001ea2c86b10 code [0x0000001ea2c86d20, 0x0000001ea2c87558]
Event: 0.897 Thread 0x0000001eb916db80  959       3       java.util.zip.ZipFile$InflaterCleanupAction::<init> (15 bytes)
Event: 0.897 Thread 0x0000001eb916db80 nmethod 959 0x0000001ea2c87790 code [0x0000001ea2c87940, 0x0000001ea2c87b58]
Event: 0.898 Thread 0x0000001eb916db80  960       3       java.util.zip.ZipFile$ZipFileInflaterInputStream::fill (80 bytes)
Event: 0.898 Thread 0x0000001eb916db80 nmethod 960 0x0000001ea2c87c10 code [0x0000001ea2c87e00, 0x0000001ea2c881a8]
Event: 0.898 Thread 0x0000001eb916db80  961       3       java.net.URLStreamHandler::toExternalForm (156 bytes)
Event: 0.899 Thread 0x0000001eb916db80 nmethod 961 0x0000001ea2c88390 code [0x0000001ea2c887a0, 0x0000001ea2c89f78]
Event: 0.899 Thread 0x0000001eb916db80  962       3       java.util.zip.ZipFile$ZipFileInputStream::initDataOffset (117 bytes)
Event: 0.899 Thread 0x0000001eb916db80 nmethod 962 0x0000001ea2c8a790 code [0x0000001ea2c8a9c0, 0x0000001ea2c8b168]
Event: 0.899 Thread 0x0000001eb916db80  963   !   3       java.util.zip.ZipFile$Source::readAt (39 bytes)
Event: 0.900 Thread 0x0000001eb916db80 nmethod 963 0x0000001ea2c8b490 code [0x0000001ea2c8b680, 0x0000001ea2c8bb68]
Event: 3720.876 Thread 0x0000001eb916db80  965       3       java.lang.ref.ReferenceQueue::reallyPoll (65 bytes)
Event: 3720.876 Thread 0x0000001eb916db80 nmethod 965 0x0000001ea2c8be90 code [0x0000001ea2c8c060, 0x0000001ea2c8c558]
Event: 13200.981 Thread 0x0000001eb916db80  968   !   3       java.lang.ref.ReferenceQueue::remove (125 bytes)
Event: 13201.024 Thread 0x0000001eb916db80 nmethod 968 0x0000001ea2c8c690 code [0x0000001ea2c8c8c0, 0x0000001ea2c8d0d8]
Event: 13260.982 Thread 0x0000001eb916db80  969   !   3       jdk.internal.ref.PhantomCleanable::isListEmpty (34 bytes)
Event: 13260.983 Thread 0x0000001eb916db80 nmethod 969 0x0000001ea2c8d490 code [0x0000001ea2c8d640, 0x0000001ea2c8d898]
Event: 13260.983 Thread 0x0000001eb916db80  970       3       jdk.internal.misc.InnocuousThread::eraseThreadLocals (23 bytes)
Event: 13260.983 Thread 0x0000001eb916db80 nmethod 970 0x0000001ea2c8da10 code [0x0000001ea2c8dba0, 0x0000001ea2c8dd78]

GC Heap History (2 events):
Event: 0.833 GC heap before
{Heap before GC invocations=0 (full 0):
 garbage-first heap   total 126976K, used 17408K [0x0000000084a00000, 0x0000000100000000)
  region size 1024K, 13 young (13312K), 0 survivors (0K)
 Metaspace       used 12626K, capacity 12778K, committed 13056K, reserved 1060864K
  class space    used 1170K, capacity 1228K, committed 1280K, reserved 1048576K
}
Event: 0.839 GC heap after
{Heap after GC invocations=1 (full 0):
 garbage-first heap   total 126976K, used 8540K [0x0000000084a00000, 0x0000000100000000)
  region size 1024K, 2 young (2048K), 2 survivors (2048K)
 Metaspace       used 12626K, capacity 12778K, committed 13056K, reserved 1060864K
  class space    used 1170K, capacity 1228K, committed 1280K, reserved 1048576K
}

Deoptimization events (20 events):
Event: 0.474 Thread 0x0000001e9eb74580 DEOPT PACKING pc=0x0000001ea2b3aff3 sp=0x0000001e9e30dd30
Event: 0.474 Thread 0x0000001e9eb74580 DEOPT UNPACKING pc=0x0000001ea259e23f sp=0x0000001e9e30d190 mode 0
Event: 0.716 Thread 0x0000001e9eb74580 DEOPT PACKING pc=0x0000001ea2bf890c sp=0x0000001e9e30e810
Event: 0.716 Thread 0x0000001e9eb74580 DEOPT UNPACKING pc=0x0000001ea259e23f sp=0x0000001e9e30dce0 mode 1
Event: 0.763 Thread 0x0000001e9eb74580 DEOPT PACKING pc=0x0000001ea2b33403 sp=0x0000001e9e30c290
Event: 0.763 Thread 0x0000001e9eb74580 DEOPT UNPACKING pc=0x0000001ea259e23f sp=0x0000001e9e30b700 mode 0
Event: 0.789 Thread 0x0000001e9eb74580 DEOPT PACKING pc=0x0000001ea2bc0f64 sp=0x0000001e9e30e810
Event: 0.789 Thread 0x0000001e9eb74580 DEOPT UNPACKING pc=0x0000001ea259e23f sp=0x0000001e9e30dca8 mode 1
Event: 0.789 Thread 0x0000001e9eb74580 DEOPT PACKING pc=0x0000001ea2bc04d4 sp=0x0000001e9e30e8e0
Event: 0.789 Thread 0x0000001e9eb74580 DEOPT UNPACKING pc=0x0000001ea259e23f sp=0x0000001e9e30dd98 mode 1
Event: 0.789 Thread 0x0000001e9eb74580 DEOPT PACKING pc=0x0000001ea2bc0f64 sp=0x0000001e9e30ddc0
Event: 0.789 Thread 0x0000001e9eb74580 DEOPT UNPACKING pc=0x0000001ea259e23f sp=0x0000001e9e30d258 mode 1
Event: 0.789 Thread 0x0000001e9eb74580 DEOPT PACKING pc=0x0000001ea2bc04d4 sp=0x0000001e9e30de90
Event: 0.789 Thread 0x0000001e9eb74580 DEOPT UNPACKING pc=0x0000001ea259e23f sp=0x0000001e9e30d348 mode 1
Event: 0.865 Thread 0x0000001e9eb74580 Uncommon trap: trap_request=0xffffff45 fr.pc=0x0000001eaa06ddec relative=0x00000000000002cc
Event: 0.865 Thread 0x0000001e9eb74580 Uncommon trap: reason=unstable_if action=reinterpret pc=0x0000001eaa06ddec method=java.util.HashMap.hash(Ljava/lang/Object;)I @ 1 c2
Event: 0.865 Thread 0x0000001e9eb74580 DEOPT PACKING pc=0x0000001eaa06ddec sp=0x0000001e9e30e7c0
Event: 0.865 Thread 0x0000001e9eb74580 DEOPT UNPACKING pc=0x0000001ea259e42f sp=0x0000001e9e30e6d8 mode 2
Event: 0.891 Thread 0x0000001e9eb74580 DEOPT PACKING pc=0x0000001ea2ba7c45 sp=0x0000001e9e30d950
Event: 0.891 Thread 0x0000001e9eb74580 DEOPT UNPACKING pc=0x0000001ea259e23f sp=0x0000001e9e30cdb0 mode 0

Classes unloaded (0 events):
No events

Classes redefined (2 events):
Event: 3856.352 Thread 0x0000001eb86e7ab0 redefined class name=com.demo.qa.base.Testbase, count=1
Event: 4359.795 Thread 0x0000001eb86e7ab0 redefined class name=com.demo.qa.base.Testbase, count=2

Internal exceptions (8 events):
Event: 0.397 Thread 0x0000001e9eb74580 Exception <a 'java/lang/NoSuchMethodError'{0x000000008c1793e0}: 'void java.lang.invoke.DirectMethodHandle$Holder.invokeSpecial(java.lang.Object, java.lang.Object, java.lang.Object)'> (0x000000008c1793e0) 
thrown [./open/src/hotspot/share/interpreter/linkResolver.cpp, line 782]
Event: 0.509 Thread 0x0000001e9eb74580 Exception <a 'java/lang/NoSuchMethodError'{0x000000008bfe4458}: 'java.lang.Object java.lang.invoke.DirectMethodHandle$Holder.invokeStatic(java.lang.Object)'> (0x000000008bfe4458) 
thrown [./open/src/hotspot/share/interpreter/linkResolver.cpp, line 782]
Event: 0.510 Thread 0x0000001e9eb74580 Exception <a 'java/lang/NoSuchMethodError'{0x000000008bfe7ba8}: 'java.lang.Object java.lang.invoke.DirectMethodHandle$Holder.invokeStaticInit(java.lang.Object)'> (0x000000008bfe7ba8) 
thrown [./open/src/hotspot/share/interpreter/linkResolver.cpp, line 782]
Event: 0.530 Thread 0x0000001e9eb74580 Exception <a 'java/lang/NoSuchMethodError'{0x000000008be0a2a0}: 'void java.lang.invoke.DirectMethodHandle$Holder.invokeStatic(java.lang.Object, java.lang.Object)'> (0x000000008be0a2a0) 
thrown [./open/src/hotspot/share/interpreter/linkResolver.cpp, line 782]
Event: 0.671 Thread 0x0000001e9eb74580 Exception <a 'java/lang/NoSuchMethodError'{0x000000008bd83f20}: 'void java.lang.invoke.DirectMethodHandle$Holder.invokeStaticInit(java.lang.Object, java.lang.Object)'> (0x000000008bd83f20) 
thrown [./open/src/hotspot/share/interpreter/linkResolver.cpp, line 782]
Event: 0.680 Thread 0x0000001e9eb74580 Exception <a 'java/lang/NoSuchMethodError'{0x000000008bdb0ec8}: 'java.lang.Object java.lang.invoke.DirectMethodHandle$Holder.invokeStaticInit(java.lang.Object, int, int, int, int)'> (0x000000008bdb0ec8) 
thrown [./open/src/hotspot/share/interpreter/linkResolver.cpp, line 782]
Event: 0.709 Thread 0x0000001e9eb74580 Exception <a 'java/lang/NoSuchMethodError'{0x000000008bc10d68}: 'java.lang.Object java.lang.invoke.DirectMethodHandle$Holder.invokeStaticInit(java.lang.Object, java.lang.Object, int, int, int, int)'> (0x000000008bc10d68) 
thrown [./open/src/hotspot/share/interpreter/linkResolver.cpp, line 782]
Event: 0.865 Thread 0x0000001e9eb74580 Implicit null exception at 0x0000001eaa06db74 to 0x0000001eaa06ddc4

Events (20 events):
Event: 4359.801 Executing VM operation: ChangeBreakpoints
Event: 4359.802 Executing VM operation: ChangeBreakpoints done
Event: 4359.805 Executing VM operation: ChangeBreakpoints
Event: 4359.806 Executing VM operation: ChangeBreakpoints done
Event: 4359.809 Executing VM operation: ChangeBreakpoints
Event: 4359.810 Executing VM operation: ChangeBreakpoints done
Event: 4359.813 Executing VM operation: ChangeBreakpoints
Event: 4359.813 Executing VM operation: ChangeBreakpoints done
Event: 4359.817 Executing VM operation: ChangeBreakpoints
Event: 4359.818 Executing VM operation: ChangeBreakpoints done
Event: 4359.821 Executing VM operation: ChangeBreakpoints
Event: 4359.821 Executing VM operation: ChangeBreakpoints done
Event: 4359.822 Executing VM operation: GetFrameCount
Event: 4359.822 Executing VM operation: GetFrameCount done
Event: 4359.823 Executing VM operation: GetStackTrace
Event: 4359.823 Executing VM operation: GetStackTrace done
Event: 14109.937 Executing VM operation: GetFrameCount
Event: 14110.000 Executing VM operation: GetFrameCount done
Event: 14110.258 Executing VM operation: GetFrameLocation
Event: 14110.258 Executing VM operation: GetFrameLocation done


Dynamic libraries:
0x00007ff656b00000 - 0x00007ff656b0d000 	C:\Users\Venkatesh Fin\Downloads\eclipse-java-2020-12\eclipse\plugins\org.eclipse.justj.openjdk.hotspot.jre.full.win32.x86_64_15.0.1.v20201027-0507\jre\bin\javaw.exe
0x00007ff8d4e80000 - 0x00007ff8d502d000 	C:\Windows\SYSTEM32\ntdll.dll
0x00007ff8d25d0000 - 0x00007ff8d270f000 	C:\Windows\system32\KERNEL32.DLL
0x00007ff8d21b0000 - 0x00007ff8d22c5000 	C:\Windows\system32\KERNELBASE.dll
0x00007ff8c7300000 - 0x00007ff8c7318000 	C:\Users\Venkatesh Fin\Downloads\eclipse-java-2020-12\eclipse\plugins\org.eclipse.justj.openjdk.hotspot.jre.full.win32.x86_64_15.0.1.v20201027-0507\jre\bin\jli.dll
0x00007ff8c3ea0000 - 0x00007ff8c3eb9000 	C:\Users\Venkatesh Fin\Downloads\eclipse-java-2020-12\eclipse\plugins\org.eclipse.justj.openjdk.hotspot.jre.full.win32.x86_64_15.0.1.v20201027-0507\jre\bin\VCRUNTIME140.dll
0x00007ff8ce2c0000 - 0x00007ff8ce2c4000 	C:\Users\Venkatesh Fin\Downloads\eclipse-java-2020-12\eclipse\plugins\org.eclipse.justj.openjdk.hotspot.jre.full.win32.x86_64_15.0.1.v20201027-0507\jre\bin\api-ms-win-crt-stdio-l1-1-0.dll
0x00007ff8cd2f0000 - 0x00007ff8cd2f4000 	C:\Users\Venkatesh Fin\Downloads\eclipse-java-2020-12\eclipse\plugins\org.eclipse.justj.openjdk.hotspot.jre.full.win32.x86_64_15.0.1.v20201027-0507\jre\bin\api-ms-win-crt-runtime-l1-1-0.dll
0x00007ff8cb9b0000 - 0x00007ff8cb9b3000 	C:\Users\Venkatesh Fin\Downloads\eclipse-java-2020-12\eclipse\plugins\org.eclipse.justj.openjdk.hotspot.jre.full.win32.x86_64_15.0.1.v20201027-0507\jre\bin\api-ms-win-crt-environment-l1-1-0.dll
0x00007ff8c84a0000 - 0x00007ff8c84a5000 	C:\Users\Venkatesh Fin\Downloads\eclipse-java-2020-12\eclipse\plugins\org.eclipse.justj.openjdk.hotspot.jre.full.win32.x86_64_15.0.1.v20201027-0507\jre\bin\api-ms-win-crt-math-l1-1-0.dll
0x00007ff8c72f0000 - 0x00007ff8c72f3000 	C:\Users\Venkatesh Fin\Downloads\eclipse-java-2020-12\eclipse\plugins\org.eclipse.justj.openjdk.hotspot.jre.full.win32.x86_64_15.0.1.v20201027-0507\jre\bin\api-ms-win-crt-locale-l1-1-0.dll
0x00007ff8c5fd0000 - 0x00007ff8c5fd3000 	C:\Users\Venkatesh Fin\Downloads\eclipse-java-2020-12\eclipse\plugins\org.eclipse.justj.openjdk.hotspot.jre.full.win32.x86_64_15.0.1.v20201027-0507\jre\bin\api-ms-win-crt-heap-l1-1-0.dll
0x00007ff8cee50000 - 0x00007ff8cf0cb000 	C:\Windows\WinSxS\amd64_microsoft.windows.common-controls_6595b64144ccf1df_6.0.9600.19394_none_62486577ecb635cf\COMCTL32.dll
0x00007ff8d4650000 - 0x00007ff8d47c7000 	C:\Windows\system32\USER32.dll
0x00007ff8c5e10000 - 0x00007ff8c5e13000 	C:\Users\Venkatesh Fin\Downloads\eclipse-java-2020-12\eclipse\plugins\org.eclipse.justj.openjdk.hotspot.jre.full.win32.x86_64_15.0.1.v20201027-0507\jre\bin\api-ms-win-crt-filesystem-l1-1-0.dll
0x00007ff8c5b70000 - 0x00007ff8c5b74000 	C:\Users\Venkatesh Fin\Downloads\eclipse-java-2020-12\eclipse\plugins\org.eclipse.justj.openjdk.hotspot.jre.full.win32.x86_64_15.0.1.v20201027-0507\jre\bin\api-ms-win-crt-string-l1-1-0.dll
0x00007ff8c3c70000 - 0x00007ff8c3c74000 	C:\Users\Venkatesh Fin\Downloads\eclipse-java-2020-12\eclipse\plugins\org.eclipse.justj.openjdk.hotspot.jre.full.win32.x86_64_15.0.1.v20201027-0507\jre\bin\api-ms-win-crt-convert-l1-1-0.dll
0x00007ff8d47e0000 - 0x00007ff8d488a000 	C:\Windows\system32\msvcrt.dll
0x00007ff8d4cd0000 - 0x00007ff8d4e1d000 	C:\Windows\system32\GDI32.dll
0x00007ff8c1760000 - 0x00007ff8c185a000 	C:\Users\Venkatesh Fin\Downloads\eclipse-java-2020-12\eclipse\plugins\org.eclipse.justj.openjdk.hotspot.jre.full.win32.x86_64_15.0.1.v20201027-0507\jre\bin\ucrtbase.DLL
0x00007ff8d27d0000 - 0x00007ff8d2806000 	C:\Windows\system32\IMM32.DLL
0x00007ff8d4890000 - 0x00007ff8d49e1000 	C:\Windows\system32\MSCTF.dll
0x00007ff8c3c60000 - 0x00007ff8c3c6c000 	C:\Users\Venkatesh Fin\Downloads\eclipse-java-2020-12\eclipse\plugins\org.eclipse.justj.openjdk.hotspot.jre.full.win32.x86_64_15.0.1.v20201027-0507\jre\bin\vcruntime140_1.dll
0x00007ff8c16c0000 - 0x00007ff8c1751000 	C:\Users\Venkatesh Fin\Downloads\eclipse-java-2020-12\eclipse\plugins\org.eclipse.justj.openjdk.hotspot.jre.full.win32.x86_64_15.0.1.v20201027-0507\jre\bin\msvcp140.dll
0x00007ff8c3c50000 - 0x00007ff8c3c53000 	C:\Users\Venkatesh Fin\Downloads\eclipse-java-2020-12\eclipse\plugins\org.eclipse.justj.openjdk.hotspot.jre.full.win32.x86_64_15.0.1.v20201027-0507\jre\bin\api-ms-win-crt-time-l1-1-0.dll
0x00007ff8c16b0000 - 0x00007ff8c16b3000 	C:\Users\Venkatesh Fin\Downloads\eclipse-java-2020-12\eclipse\plugins\org.eclipse.justj.openjdk.hotspot.jre.full.win32.x86_64_15.0.1.v20201027-0507\jre\bin\api-ms-win-crt-utility-l1-1-0.dll
0x00007ff8a9e20000 - 0x00007ff8aa97e000 	C:\Users\Venkatesh Fin\Downloads\eclipse-java-2020-12\eclipse\plugins\org.eclipse.justj.openjdk.hotspot.jre.full.win32.x86_64_15.0.1.v20201027-0507\jre\bin\server\jvm.dll
0x00007ff8d2520000 - 0x00007ff8d25ca000 	C:\Windows\system32\ADVAPI32.dll
0x00007ff8ce2d0000 - 0x00007ff8ce2d9000 	C:\Windows\SYSTEM32\WSOCK32.dll
0x00007ff8c5e70000 - 0x00007ff8c5e92000 	C:\Windows\SYSTEM32\WINMM.dll
0x00007ff8ca430000 - 0x00007ff8ca43a000 	C:\Windows\SYSTEM32\VERSION.dll
0x00007ff8d3dc0000 - 0x00007ff8d3dc7000 	C:\Windows\system32\PSAPI.DLL
0x00007ff8d3dd0000 - 0x00007ff8d3e28000 	C:\Windows\SYSTEM32\sechost.dll
0x00007ff8d4500000 - 0x00007ff8d4640000 	C:\Windows\system32\RPCRT4.dll
0x00007ff8d4e20000 - 0x00007ff8d4e7a000 	C:\Windows\system32\WS2_32.dll
0x00007ff8c5e40000 - 0x00007ff8c5e6a000 	C:\Windows\SYSTEM32\WINMMBASE.dll
0x00007ff8d20d0000 - 0x00007ff8d20fe000 	C:\Windows\system32\SspiCli.dll
0x00007ff8d2810000 - 0x00007ff8d2819000 	C:\Windows\system32\NSI.dll
0x00007ff8d24b0000 - 0x00007ff8d24ff000 	C:\Windows\SYSTEM32\cfgmgr32.dll
0x00007ff8d0dc0000 - 0x00007ff8d0de8000 	C:\Windows\SYSTEM32\DEVOBJ.dll
0x00007ff8cde60000 - 0x00007ff8cde6a000 	C:\Users\Venkatesh Fin\Downloads\eclipse-java-2020-12\eclipse\plugins\org.eclipse.justj.openjdk.hotspot.jre.full.win32.x86_64_15.0.1.v20201027-0507\jre\bin\jimage.dll
0x00007ff8c8e10000 - 0x00007ff8c8f99000 	C:\Windows\SYSTEM32\DBGHELP.DLL
0x00007ff8c0d30000 - 0x00007ff8c0d69000 	C:\Users\Venkatesh Fin\Downloads\eclipse-java-2020-12\eclipse\plugins\org.eclipse.justj.openjdk.hotspot.jre.full.win32.x86_64_15.0.1.v20201027-0507\jre\bin\jdwp.dll
0x00007ff8c6050000 - 0x00007ff8c6075000 	C:\Users\Venkatesh Fin\Downloads\eclipse-java-2020-12\eclipse\plugins\org.eclipse.justj.openjdk.hotspot.jre.full.win32.x86_64_15.0.1.v20201027-0507\jre\bin\java.dll
0x00007ff8cdc00000 - 0x00007ff8cdc18000 	C:\Users\Venkatesh Fin\Downloads\eclipse-java-2020-12\eclipse\plugins\org.eclipse.justj.openjdk.hotspot.jre.full.win32.x86_64_15.0.1.v20201027-0507\jre\bin\zip.dll
0x00007ff8d2820000 - 0x00007ff8d3d4e000 	C:\Windows\system32\SHELL32.dll
0x00007ff8d42e0000 - 0x00007ff8d44f1000 	C:\Windows\SYSTEM32\combase.dll
0x00007ff8d4ab0000 - 0x00007ff8d4b04000 	C:\Windows\system32\SHLWAPI.dll
0x00007ff8d0320000 - 0x00007ff8d03d2000 	C:\Windows\SYSTEM32\SHCORE.dll
0x00007ff8d1fa0000 - 0x00007ff8d1fb5000 	C:\Windows\SYSTEM32\profapi.dll
0x00007ff8c0fe0000 - 0x00007ff8c0feb000 	C:\Users\Venkatesh Fin\Downloads\eclipse-java-2020-12\eclipse\plugins\org.eclipse.justj.openjdk.hotspot.jre.full.win32.x86_64_15.0.1.v20201027-0507\jre\bin\dt_socket.dll
0x00007ff8ccf10000 - 0x00007ff8ccf3a000 	C:\Windows\SYSTEM32\IPHLPAPI.DLL
0x00007ff8ccee0000 - 0x00007ff8cceea000 	C:\Windows\SYSTEM32\WINNSI.DLL
0x00007ff8d17d0000 - 0x00007ff8d1829000 	C:\Windows\system32\mswsock.dll
0x00007ff8d15d0000 - 0x00007ff8d1674000 	C:\Windows\SYSTEM32\DNSAPI.dll
0x0000000075f10000 - 0x0000000075f36000 	C:\Program Files\Bonjour\mdnsNSP.dll
0x00007ff8c7ac0000 - 0x00007ff8c7aca000 	C:\Windows\System32\rasadhlp.dll
0x00007ff8cc7f0000 - 0x00007ff8cc85b000 	C:\Windows\System32\fwpuclnt.dll
0x00007ff8cd0c0000 - 0x00007ff8cd0d9000 	C:\Users\Venkatesh Fin\Downloads\eclipse-java-2020-12\eclipse\plugins\org.eclipse.justj.openjdk.hotspot.jre.full.win32.x86_64_15.0.1.v20201027-0507\jre\bin\net.dll
0x00007ff8ca340000 - 0x00007ff8ca409000 	C:\Windows\SYSTEM32\WINHTTP.dll
0x00007ff8c6030000 - 0x00007ff8c6042000 	C:\Users\Venkatesh Fin\Downloads\eclipse-java-2020-12\eclipse\plugins\org.eclipse.justj.openjdk.hotspot.jre.full.win32.x86_64_15.0.1.v20201027-0507\jre\bin\nio.dll
0x00007ff8d1830000 - 0x00007ff8d1850000 	C:\Windows\SYSTEM32\CRYPTSP.dll
0x00007ff8d1450000 - 0x00007ff8d1486000 	C:\Windows\system32\rsaenh.dll
0x00007ff8d1ad0000 - 0x00007ff8d1af6000 	C:\Windows\SYSTEM32\bcrypt.dll
0x00007ff8d1560000 - 0x00007ff8d1581000 	C:\Windows\SYSTEM32\USERENV.dll
0x00007ff8d1da0000 - 0x00007ff8d1e03000 	C:\Windows\system32\bcryptprimitives.dll
0x00007ff8d1e10000 - 0x00007ff8d1e1b000 	C:\Windows\SYSTEM32\CRYPTBASE.dll
0x00007ff8cc940000 - 0x00007ff8cc956000 	C:\Windows\SYSTEM32\dhcpcsvc6.DLL
0x00007ff8cc920000 - 0x00007ff8cc93a000 	C:\Windows\SYSTEM32\dhcpcsvc.DLL
0x00007ff8cd300000 - 0x00007ff8cd310000 	C:\Users\Venkatesh Fin\Downloads\eclipse-java-2020-12\eclipse\plugins\org.eclipse.justj.openjdk.hotspot.jre.full.win32.x86_64_15.0.1.v20201027-0507\jre\bin\verify.dll

dbghelp: loaded successfully - version: 4.0.5 - missing functions: none
symbol engine: initialized successfully - sym options: 0x614 - pdb path: .;C:\Users\Venkatesh Fin\Downloads\eclipse-java-2020-12\eclipse\plugins\org.eclipse.justj.openjdk.hotspot.jre.full.win32.x86_64_15.0.1.v20201027-0507\jre\bin;C:\Windows\SYSTEM32;C:\Windows\WinSxS\amd64_microsoft.windows.common-controls_6595b64144ccf1df_6.0.9600.19394_none_62486577ecb635cf;C:\Users\Venkatesh Fin\Downloads\eclipse-java-2020-12\eclipse\plugins\org.eclipse.justj.openjdk.hotspot.jre.full.win32.x86_64_15.0.1.v20201027-0507\jre\bin\server;C:\Program Files\Bonjour

VM Arguments:
jvm_args: -XX:+ShowCodeDetailsInExceptionMessages -agentlib:jdwp=transport=dt_socket,suspend=y,address=localhost:52461 -ea -Dfile.encoding=Cp1252 
java_command: org.testng.remote.RemoteTestNG -serport 52459 -protocol json -d C:\Users\Venkatesh Fin\eclipse-workspace\maven-demo\test-output C:\Users\VENKAT~1\AppData\Local\Temp\testng-eclipse-494004546\testng-customsuite.xml
java_class_path (initial): C:\Users\Venkatesh Fin\Downloads\eclipse-java-2020-12\eclipse\configuration\org.eclipse.osgi\443\0\.cp\lib\testng-remote.jar;C:\Users\Venkatesh Fin\eclipse-workspace\maven-demo\target\test-classes;C:\Users\Venkatesh Fin\eclipse-workspace\maven-demo\target\classes;C:\Users\Venkatesh Fin\.m2\repository\org\seleniumhq\selenium\selenium-java\3.5.3\selenium-java-3.5.3.jar;C:\Users\Venkatesh Fin\.m2\repository\org\seleniumhq\selenium\selenium-api\3.5.3\selenium-api-3.5.3.jar;C:\Users\Venkatesh Fin\.m2\repository\org\seleniumhq\selenium\selenium-chrome-driver\3.5.3\selenium-chrome-driver-3.5.3.jar;C:\Users\Venkatesh Fin\.m2\repository\org\seleniumhq\selenium\selenium-edge-driver\3.5.3\selenium-edge-driver-3.5.3.jar;C:\Users\Venkatesh Fin\.m2\repository\org\seleniumhq\selenium\selenium-firefox-driver\3.5.3\selenium-firefox-driver-3.5.3.jar;C:\Users\Venkatesh Fin\.m2\repository\org\seleniumhq\selenium\selenium-ie-driver\3.5.3\selenium-ie-driver-3.5.3.jar;C:\Users\Venkatesh Fin\.m2\repository\org\seleniumhq\selenium\selenium-opera-driver\3.5.3\selenium-opera-driver-3.5.3.jar;C:\Users\Venkatesh Fin\.m2\repository\org\seleniumhq\selenium\selenium-remote-driver\3.5.3\selenium-remote-driver-3.5.3.jar;C:\Users\Venkatesh Fin\.m2\repository\org\seleniumhq\selenium\selenium-safari-driver\3.5.3\selenium-safari-driver-3.5.3.jar;C:\Users\Venkatesh Fin\.m2\repository\org\seleniumhq\selenium\selenium-support\3.5.3\selenium-support-3.5.3.jar;C:\Users\Venkatesh Fin\.m2\repository\cglib\cglib-nodep\3.2.4\cglib-nodep-3.2.4.jar;C:\Users\Venkatesh Fin\.m2\repository\org\apache\commons\commons-exec\1.3\commons-exec-1.3.jar;C:\Users\Venkatesh Fin\.m2\repository\org\apache\commons\commons-lang3\3.5\commons-lang3-3.5.jar;C:\Users\Venkatesh Fin\.m2\repository\commons-codec\commons-codec\1.10\commons-codec-1.10.jar;C:\Users\Venkatesh Fin\.m2\repository\commons-io\commons-io\2.5\commons-io-2.5.jar;C:\Users\Venkatesh Fin\.m2\repository\commons-logging\commons-logging\1.2\co
Launcher Type: SUN_STANDARD

[Global flags]
     intx CICompilerCount                          = 3                                         {product} {ergonomic}
     uint ConcGCThreads                            = 1                                         {product} {ergonomic}
     uint G1ConcRefinementThreads                  = 4                                         {product} {ergonomic}
   size_t G1HeapRegionSize                         = 1048576                                   {product} {ergonomic}
    uintx GCDrainStackTargetSize                   = 64                                        {product} {ergonomic}
   size_t InitialHeapSize                          = 130023424                                 {product} {ergonomic}
   size_t MarkStackSize                            = 4194304                                   {product} {ergonomic}
   size_t MaxHeapSize                              = 2069889024                                {product} {ergonomic}
   size_t MaxNewSize                               = 1241513984                                {product} {ergonomic}
   size_t MinHeapDeltaBytes                        = 1048576                                   {product} {ergonomic}
   size_t MinHeapSize                              = 8388608                                   {product} {ergonomic}
    uintx NonNMethodCodeHeapSize                   = 5832780                                {pd product} {ergonomic}
    uintx NonProfiledCodeHeapSize                  = 122912730                              {pd product} {ergonomic}
    uintx ProfiledCodeHeapSize                     = 122912730                              {pd product} {ergonomic}
    uintx ReservedCodeCacheSize                    = 251658240                              {pd product} {ergonomic}
     bool SegmentedCodeCache                       = true                                      {product} {ergonomic}
     bool ShowCodeDetailsInExceptionMessages       = true                                   {manageable} {command line}
   size_t SoftMaxHeapSize                          = 2069889024                             {manageable} {ergonomic}
     bool UseCompressedClassPointers               = true                                 {lp64_product} {ergonomic}
     bool UseCompressedOops                        = true                                 {lp64_product} {ergonomic}
     bool UseG1GC                                  = true                                      {product} {ergonomic}
     bool UseLargePagesIndividualAllocation        = false                                  {pd product} {ergonomic}

Logging:
Log output configuration:
 #0: stdout all=warning uptime,level,tags
 #1: stderr all=off uptime,level,tags

Environment Variables:
JAVA_HOME=C:\Program Files\Java\jdk1.8.0_281
PATH=C:\Users\Venkatesh Fin\Downloads\eclipse-java-2020-12\eclipse\plugins\org.eclipse.justj.openjdk.hotspot.jre.full.win32.x86_64_15.0.1.v20201027-0507\jre\bin;C:/Users/Venkatesh Fin/Downloads/eclipse-java-2020-12/eclipse//plugins/org.eclipse.justj.openjdk.hotspot.jre.full.win32.x86_64_15.0.1.v20201027-0507/jre/bin/server;C:/Users/Venkatesh Fin/Downloads/eclipse-java-2020-12/eclipse//plugins/org.eclipse.justj.openjdk.hotspot.jre.full.win32.x86_64_15.0.1.v20201027-0507/jre/bin;C:\Program Files\Java\jdk1.8.0_281\bin;C:\Program Files\nodejs;C:\Users\Venkatesh Fin\Downloads\Android\platform-tools;C:\Users\Venkatesh Fin\Downloads\Android\tools;C:\Program Files\MySQL\MySQL Shell 8.0\bin\;C:\Users\Venkatesh Fin\AppData\Local\Programs\Python\Python38\Scripts\;C:\Users\Venkatesh Fin\AppData\Local\Programs\Python\Python38\;C:\Users\Venkatesh Fin\AppData\Local\Programs\Microsoft VS Code\bin;C:\Users\Venkatesh Fin\AppData\Roaming\npm;C:\Users\Venkatesh Fin\Downloads\eclipse-java-2020-12\eclipse;
USERNAME=Harish
OS=Windows_NT
PROCESSOR_IDENTIFIER=Intel64 Family 6 Model 58 Stepping 9, GenuineIntel



---------------  S Y S T E M  ---------------

OS:
 Windows 8.1 , 64 bit Build 9600 (6.3.9600.19843)
OS uptime: 0 days 8:25 hours

CPU: total 4 (initial active 4) (2 cores per cpu, 2 threads per core) family 6 model 58 stepping 9 microcode 0x1b, cmov, cx8, fxsr, mmx, sse, sse2, sse3, ssse3, sse4.1, sse4.2, popcnt, vzeroupper, avx, clmul, erms, ht, tsc, tscinvbit, tscinv, clflush

Memory: 4k page, system-wide physical 7894M (2070M free)
TotalPageFile size 12992M (AvailPageFile size 2326M)
current process WorkingSet (physical memory assigned to process): 53M, peak: 75M
current process commit charge ("private bytes"): 207M, peak: 211M

vm_info: OpenJDK 64-Bit Server VM (15.0.1+9-18) for windows-amd64 JRE (15.0.1+9-18), built on Sep 15 2020 14:39:31 by "mach5one" with unknown MS VC++:1925

END.
