#
# A fatal error has been detected by the Java Runtime Environment:
#
#  EXCEPTION_ACCESS_VIOLATION (0xc0000005) at pc=0x00007ff8aa02e878, pid=3392, tid=3160
#
# JRE version: OpenJDK Runtime Environment (15.0.1+9) (build 15.0.1+9-18)
# Java VM: OpenJDK 64-Bit Server VM (15.0.1+9-18, mixed mode, tiered, compressed oops, g1 gc, windows-amd64)
# Problematic frame:
# V  [jvm.dll+0x20e878]
#
# No core dump will be written. Minidumps are not enabled by default on client versions of Windows
#
# If you would like to submit a bug report, please visit:
#   https://bugreport.java.com/bugreport/crash.jsp
#

---------------  S U M M A R Y ------------

Command Line: -XX:+ShowCodeDetailsInExceptionMessages -agentlib:jdwp=transport=dt_socket,suspend=y,address=localhost:52427 -ea -Dfile.encoding=Cp1252 org.testng.remote.RemoteTestNG -serport 52425 -protocol json -d C:\Users\Venkatesh Fin\eclipse-workspace\maven-demo\test-output C:\Users\VENKAT~1\AppData\Local\Temp\testng-eclipse-677468474\testng-customsuite.xml

Host: Intel(R) Core(TM) i3-3220 CPU @ 3.30GHz, 4 cores, 7G,  Windows 8.1 , 64 bit Build 9600 (6.3.9600.19843)
Time: Mon Mar 15 13:49:18 2021 GMT Standard Time elapsed time: 14146.035832 seconds (0d 3h 55m 46s)

---------------  T H R E A D  ---------------

Current thread (0x000000497aff5220):  JavaThread "JDWP Transport Listener: dt_socket" daemon [_thread_in_vm, id=3160, stack(0x000000497bbd0000,0x000000497bcd0000)] _threads_hazard_ptr=0x000000497cf5f200

Stack: [0x000000497bbd0000,0x000000497bcd0000],  sp=0x000000497bcced38,  free space=1019k
Native frames: (J=compiled Java code, j=interpreted, Vv=VM code, C=native code)
V  [jvm.dll+0x20e878]


siginfo: EXCEPTION_ACCESS_VIOLATION (0xc0000005), reading address 0x000000497e539050


Register to memory mapping:

RIP=0x00007ff8aa02e878 jvm.dll
RAX=0x0000000000194180 is an unknown value
RBX=0x000000497bccefe0 is pointing into the stack for thread: 0x000000497aff5220
RCX=0x000000497e3a4ed0 is pointing into metadata
RDX=0x000000000000ca0b is an unknown value
RSP=0x000000497bcced38 is pointing into the stack for thread: 0x000000497aff5220
RBP=0x0000000000000001 is an unknown value
RSI=0x0000000000000001 is an unknown value
RDI=0x000000497e062370 is pointing into metadata
R8 =0x0 is NULL
R9 =0x000000497e062370 is pointing into metadata
R10=0x000000497bccefe0 is pointing into the stack for thread: 0x000000497aff5220
R11=0x000000497c743430 points into unknown readable memory: 0x4700000147000000 | 00 00 00 47 01 00 00 47
R12=0x00007ff8a9e20000 jvm.dll
R13=0x000000497c743400 points into unknown readable memory: 0x0000004284ff2100 | 00 21 ff 84 42 00 00 00
R14=0x000000497e062ab8 is pointing into metadata
R15=0x00000000000000a2 is an unknown value


Registers:
RAX=0x0000000000194180, RBX=0x000000497bccefe0, RCX=0x000000497e3a4ed0, RDX=0x000000000000ca0b
RSP=0x000000497bcced38, RBP=0x0000000000000001, RSI=0x0000000000000001, RDI=0x000000497e062370
R8 =0x0000000000000000, R9 =0x000000497e062370, R10=0x000000497bccefe0, R11=0x000000497c743430
R12=0x00007ff8a9e20000, R13=0x000000497c743400, R14=0x000000497e062ab8, R15=0x00000000000000a2
RIP=0x00007ff8aa02e878, EFLAGS=0x0000000000010202

Top of Stack: (sp=0x000000497bcced38)
0x000000497bcced38:   00007ff8aa11fcb3 000000497bccedb0
0x000000497bcced48:   00007ff8a9f29cfe 000000497bccedb0
0x000000497bcced58:   00007ff8a9f2201e 0000000000000000
0x000000497bcced68:   00000000000000a0 000000004600006f
0x000000497bcced78:   00007ff8aa1209b3 0000368c0e0708f8
0x000000497bcced88:   0000368c0e0708e8 000000497e062ab8
0x000000497bcced98:   00000000000000b2 000000497bccefe0
0x000000497bcceda8:   00007ff8aa1221e2 000000497e062b10
0x000000497bccedb8:   000000497bccee50 0000000000000001
0x000000497bccedc8:   00007ff8a9f29cfe 0000004900000078
0x000000497bccedd8:   0000000000000004 000000497e062b10
0x000000497bccede8:   000000497bccee50 0000000000000004
0x000000497bccedf8:   00007ff8a9e2c1a6 000000497e062b10
0x000000497bccee08:   000000497bccefe0 00000000000000a2
0x000000497bccee18:   00000000000000b2 000000497bccefe0
0x000000497bccee28:   00007ff8aa1228ee 000000497bccee80 

Instructions: (pc=0x00007ff8aa02e878)
0x00007ff8aa02e778:   03 03 03 03 03 03 03 03 03 03 03 03 03 03 03 03
0x00007ff8aa02e788:   03 03 03 03 03 03 03 03 03 03 03 03 03 03 03 03
0x00007ff8aa02e798:   03 03 03 03 03 03 03 03 03 03 03 03 03 03 03 03
0x00007ff8aa02e7a8:   03 03 03 03 03 03 03 03 03 03 03 03 03 03 03 03
0x00007ff8aa02e7b8:   03 03 03 02 03 03 02 cc 48 89 5c 24 08 48 89 74
0x00007ff8aa02e7c8:   24 10 57 48 83 ec 20 48 63 da 41 0f b6 f0 48 8b
0x00007ff8aa02e7d8:   f9 85 d2 79 24 4c 8d 0d 9c 97 66 00 ba af 02 00
0x00007ff8aa02e7e8:   00 4c 8d 05 c8 97 66 00 48 8d 0d 41 97 66 00 e8
0x00007ff8aa02e7f8:   54 79 00 00 e8 3f c1 41 00 40 84 f6 75 18 48 8b
0x00007ff8aa02e808:   4f 10 48 85 c9 74 0f 48 8d 43 01 48 c1 e0 05 48
0x00007ff8aa02e818:   8b 04 08 0f b7 d8 48 8b 74 24 38 48 63 c3 48 8b
0x00007ff8aa02e828:   5c 24 30 0f b7 44 c7 48 48 83 c4 20 5f c3 cc cc
0x00007ff8aa02e838:   cc cc cc cc cc cc cc cc 4c 8b c9 45 84 c0 75 41
0x00007ff8aa02e848:   48 8b 49 10 48 85 c9 74 38 85 d2 79 19 f7 d2 8b
0x00007ff8aa02e858:   c2 48 ff c0 48 c1 e0 05 48 8b 04 08 0f b7 c8 41
0x00007ff8aa02e868:   0f b7 44 c9 4a c3 48 63 c2 48 ff c0 48 c1 e0 05
0x00007ff8aa02e878:   48 8b 04 08 0f b7 d0 48 63 c2 41 0f b7 44 c1 4a
0x00007ff8aa02e888:   c3 49 8b 41 08 4c 63 c2 42 0f b6 44 00 04 8d 48
0x00007ff8aa02e898:   ef 80 f9 01 76 0e 3c 6a 74 0a 48 63 c2 41 0f b7
0x00007ff8aa02e8a8:   44 c1 4a c3 43 0f b7 44 c1 4a c3 cc cc cc cc cc
0x00007ff8aa02e8b8:   cc cc cc cc cc cc cc cc 40 53 48 83 ec 20 48 8b
0x00007ff8aa02e8c8:   d9 e8 72 ff ff ff 48 63 d0 0f b7 44 d3 48 48 8b
0x00007ff8aa02e8d8:   44 c3 48 48 83 c4 20 5b c3 cc cc cc cc cc cc cc
0x00007ff8aa02e8e8:   cc cc cc cc cc cc cc cc 40 53 48 83 ec 20 48 8b
0x00007ff8aa02e8f8:   d9 e8 42 ff ff ff 48 63 d0 0f b7 44 d3 4a 48 8b
0x00007ff8aa02e908:   44 c3 48 48 83 c4 20 5b c3 cc cc cc cc cc cc cc
0x00007ff8aa02e918:   cc cc cc cc cc cc cc cc 4c 8b d1 45 84 c9 75 28
0x00007ff8aa02e928:   4c 8b 49 10 4d 85 c9 74 1f 45 85 c0 79 08 41 f7
0x00007ff8aa02e938:   d0 41 8b c0 eb 03 49 63 c0 48 ff c0 48 c1 e0 05
0x00007ff8aa02e948:   4a 8b 04 08 44 0f b7 c0 49 8b 42 08 49 63 c8 0f
0x00007ff8aa02e958:   b6 4c 08 04 48 8b c2 88 0a c3 cc cc cc cc cc cc
0x00007ff8aa02e968:   cc cc cc cc cc cc cc cc 40 56 57 41 54 41 56 41 


Stack slot to memory mapping:
stack at sp + 0 slots: 0x00007ff8aa11fcb3 jvm.dll
stack at sp + 1 slots: 0x000000497bccedb0 is pointing into the stack for thread: 0x000000497aff5220
stack at sp + 2 slots: 0x00007ff8a9f29cfe jvm.dll
stack at sp + 3 slots: 0x000000497bccedb0 is pointing into the stack for thread: 0x000000497aff5220
stack at sp + 4 slots: 0x00007ff8a9f2201e jvm.dll
stack at sp + 5 slots: 0x0 is NULL
stack at sp + 6 slots: 0x00000000000000a0 is an unknown value
stack at sp + 7 slots: 0x000000004600006f is an unknown value


---------------  P R O C E S S  ---------------

Threads class SMR info:
_java_thread_list=0x000000497cf5f200, length=15, elements={
0x0000004960874580, 0x000000497a3d05a0, 0x000000497ae3d010, 0x000000497ae24020,
0x000000497ae248e0, 0x000000497ae271b0, 0x000000497ae28e60, 0x000000497aea7660,
0x000000497ae2b820, 0x000000497aff5220, 0x000000497b014fe0, 0x000000497b0154d0,
0x000000497b031af0, 0x000000497b05f1f0, 0x000000497ca6a8e0
}

Java Threads: ( => current thread )
  0x0000004960874580 JavaThread "main" [_thread_blocked, id=4764, stack(0x000000495ff10000,0x0000004960010000)]
  0x000000497a3d05a0 JavaThread "Reference Handler" daemon [_thread_blocked, id=3520, stack(0x000000497b2f0000,0x000000497b3f0000)]
  0x000000497ae3d010 JavaThread "Finalizer" daemon [_thread_blocked, id=812, stack(0x000000497b3f0000,0x000000497b4f0000)]
  0x000000497ae24020 JavaThread "Signal Dispatcher" daemon [_thread_blocked, id=5124, stack(0x000000497b5d0000,0x000000497b6d0000)]
  0x000000497ae248e0 JavaThread "Attach Listener" daemon [_thread_blocked, id=6072, stack(0x000000497b6d0000,0x000000497b7d0000)]
  0x000000497ae271b0 JavaThread "Service Thread" daemon [_thread_blocked, id=3400, stack(0x000000497b7d0000,0x000000497b8d0000)]
  0x000000497ae28e60 JavaThread "C2 CompilerThread0" daemon [_thread_blocked, id=3416, stack(0x000000497b8d0000,0x000000497b9d0000)]
  0x000000497aea7660 JavaThread "C1 CompilerThread0" daemon [_thread_blocked, id=5672, stack(0x000000497b9d0000,0x000000497bad0000)]
  0x000000497ae2b820 JavaThread "Sweeper thread" daemon [_thread_blocked, id=5572, stack(0x000000497bad0000,0x000000497bbd0000)]
=>0x000000497aff5220 JavaThread "JDWP Transport Listener: dt_socket" daemon [_thread_in_vm, id=3160, stack(0x000000497bbd0000,0x000000497bcd0000)]
  0x000000497b014fe0 JavaThread "JDWP Event Helper Thread" daemon [_thread_blocked, id=6292, stack(0x000000497c0a0000,0x000000497c1a0000)]
  0x000000497b0154d0 JavaThread "JDWP Command Reader" daemon [_thread_in_native, id=632, stack(0x000000497c1a0000,0x000000497c2a0000)]
  0x000000497b031af0 JavaThread "Notification Thread" daemon [_thread_blocked, id=2292, stack(0x000000497c2a0000,0x000000497c3a0000)]
  0x000000497b05f1f0 JavaThread "Common-Cleaner" daemon [_thread_blocked, id=4816, stack(0x000000497c4a0000,0x000000497c5a0000)]
  0x000000497ca6a8e0 JavaThread "ReaderThread" [_thread_in_native, id=3056, stack(0x000000497e170000,0x000000497e270000)]

Other Threads:
  0x000000497a3e6ab0 VMThread "VM Thread" [stack: 0x000000497b1f0000,0x000000497b2f0000] [id=5856]
  0x000000497b031fc0 WatcherThread [stack: 0x000000497c3a0000,0x000000497c4a0000] [id=7100]
  0x00000049608b47f0 GCTaskThread "GC Thread#0" [stack: 0x00000049606b0000,0x00000049607b0000] [id=6900]
  0x000000497c703dd0 GCTaskThread "GC Thread#1" [stack: 0x000000497e470000,0x000000497e570000] [id=5388]
  0x000000497c702120 GCTaskThread "GC Thread#2" [stack: 0x000000497e570000,0x000000497e670000] [id=6028]
  0x000000497c702ab0 GCTaskThread "GC Thread#3" [stack: 0x000000497e670000,0x000000497e770000] [id=5080]
  0x00000049608c4dd0 ConcurrentGCThread "G1 Main Marker" [stack: 0x0000004977bb0000,0x0000004977cb0000] [id=5220]
  0x00000049608c66a0 ConcurrentGCThread "G1 Conc#0" [stack: 0x0000004977cb0000,0x0000004977db0000] [id=4088]
  0x000000497a217000 ConcurrentGCThread "G1 Refine#0" [stack: 0x000000497a3f0000,0x000000497a4f0000] [id=6256]
  0x000000497cf67ca0 ConcurrentGCThread "G1 Refine#1" [stack: 0x000000497e770000,0x000000497e870000] [id=5576]
  0x000000497cf68000 ConcurrentGCThread "G1 Refine#2" [stack: 0x000000497e970000,0x000000497ea70000] [id=5236]
  0x000000497a2178d0 ConcurrentGCThread "G1 Young RemSet Sampling" [stack: 0x000000497a4f0000,0x000000497a5f0000] [id=4416]

Threads with active compile tasks:

VM state: not at safepoint (normal execution)

VM Mutex/Monitor currently owned by a thread: None

Heap address: 0x0000000084a00000, size: 1974 MB, Compressed Oops mode: 32-bit
CDS disabled.
Compressed class space mapped at: 0x0000000100000000-0x0000000140000000, size: 1073741824
Narrow klass base: 0x0000000000000000, Narrow klass shift: 3, Narrow klass range: 0x140000000

GC Precious Log:
 CPUs: 4 total, 4 available
 Memory: 7894M
 Large Page Support: Disabled
 NUMA Support: Disabled
 Compressed Oops: Enabled (32-bit)
 Heap Region Size: 1M
 Heap Min Capacity: 8M
 Heap Initial Capacity: 124M
 Heap Max Capacity: 1974M
 Pre-touch: Disabled
 Parallel Workers: 4
 Concurrent Workers: 1
 Concurrent Refinement Workers: 4
 Periodic GC: Disabled

Heap:
 garbage-first heap   total 126976K, used 10803K [0x0000000084a00000, 0x0000000100000000)
  region size 1024K, 5 young (5120K), 2 survivors (2048K)
 Metaspace       used 13313K, capacity 13482K, committed 13696K, reserved 1060864K
  class space    used 1245K, capacity 1292K, committed 1408K, reserved 1048576K

Heap Regions: E=young(eden), S=young(survivor), O=old, HS=humongous(starts), HC=humongous(continues), CS=collection set, F=free, OA=open archive, CA=closed archive, TAMS=top-at-mark-start (previous, next)
|   0|0x0000000084a00000, 0x0000000084b00000, 0x0000000084b00000|100%|HS|  |TAMS 0x0000000084a00000, 0x0000000084a00000| Complete 
|   1|0x0000000084b00000, 0x0000000084c00000, 0x0000000084c00000|100%|HS|  |TAMS 0x0000000084b00000, 0x0000000084b00000| Complete 
|   2|0x0000000084c00000, 0x0000000084d00000, 0x0000000084d00000|100%|HC|  |TAMS 0x0000000084c00000, 0x0000000084c00000| Complete 
|   3|0x0000000084d00000, 0x0000000084e00000, 0x0000000084e00000|100%|HC|  |TAMS 0x0000000084d00000, 0x0000000084d00000| Complete 
|   4|0x0000000084e00000, 0x0000000084f00000, 0x0000000084f00000|100%| O|  |TAMS 0x0000000084e00000, 0x0000000084e00000| Untracked 
|   5|0x0000000084f00000, 0x0000000085000000, 0x0000000085000000|100%| O|  |TAMS 0x0000000084f00000, 0x0000000084f00000| Untracked 
|   6|0x0000000085000000, 0x000000008508ce00, 0x0000000085100000| 55%| O|  |TAMS 0x0000000085000000, 0x0000000085000000| Untracked 
|   7|0x0000000085100000, 0x0000000085100000, 0x0000000085200000|  0%| F|  |TAMS 0x0000000085100000, 0x0000000085100000| Untracked 
|   8|0x0000000085200000, 0x0000000085200000, 0x0000000085300000|  0%| F|  |TAMS 0x0000000085200000, 0x0000000085200000| Untracked 
|   9|0x0000000085300000, 0x0000000085300000, 0x0000000085400000|  0%| F|  |TAMS 0x0000000085300000, 0x0000000085300000| Untracked 
|  10|0x0000000085400000, 0x0000000085400000, 0x0000000085500000|  0%| F|  |TAMS 0x0000000085400000, 0x0000000085400000| Untracked 
|  11|0x0000000085500000, 0x0000000085500000, 0x0000000085600000|  0%| F|  |TAMS 0x0000000085500000, 0x0000000085500000| Untracked 
|  12|0x0000000085600000, 0x0000000085600000, 0x0000000085700000|  0%| F|  |TAMS 0x0000000085600000, 0x0000000085600000| Untracked 
|  13|0x0000000085700000, 0x0000000085700000, 0x0000000085800000|  0%| F|  |TAMS 0x0000000085700000, 0x0000000085700000| Untracked 
|  14|0x0000000085800000, 0x0000000085800000, 0x0000000085900000|  0%| F|  |TAMS 0x0000000085800000, 0x0000000085800000| Untracked 
|  15|0x0000000085900000, 0x0000000085900000, 0x0000000085a00000|  0%| F|  |TAMS 0x0000000085900000, 0x0000000085900000| Untracked 
|  16|0x0000000085a00000, 0x0000000085a00000, 0x0000000085b00000|  0%| F|  |TAMS 0x0000000085a00000, 0x0000000085a00000| Untracked 
|  17|0x0000000085b00000, 0x0000000085b00000, 0x0000000085c00000|  0%| F|  |TAMS 0x0000000085b00000, 0x0000000085b00000| Untracked 
|  18|0x0000000085c00000, 0x0000000085c00000, 0x0000000085d00000|  0%| F|  |TAMS 0x0000000085c00000, 0x0000000085c00000| Untracked 
|  19|0x0000000085d00000, 0x0000000085d00000, 0x0000000085e00000|  0%| F|  |TAMS 0x0000000085d00000, 0x0000000085d00000| Untracked 
|  20|0x0000000085e00000, 0x0000000085e00000, 0x0000000085f00000|  0%| F|  |TAMS 0x0000000085e00000, 0x0000000085e00000| Untracked 
|  21|0x0000000085f00000, 0x0000000085f00000, 0x0000000086000000|  0%| F|  |TAMS 0x0000000085f00000, 0x0000000085f00000| Untracked 
|  22|0x0000000086000000, 0x0000000086000000, 0x0000000086100000|  0%| F|  |TAMS 0x0000000086000000, 0x0000000086000000| Untracked 
|  23|0x0000000086100000, 0x0000000086100000, 0x0000000086200000|  0%| F|  |TAMS 0x0000000086100000, 0x0000000086100000| Untracked 
|  24|0x0000000086200000, 0x0000000086200000, 0x0000000086300000|  0%| F|  |TAMS 0x0000000086200000, 0x0000000086200000| Untracked 
|  25|0x0000000086300000, 0x0000000086300000, 0x0000000086400000|  0%| F|  |TAMS 0x0000000086300000, 0x0000000086300000| Untracked 
|  26|0x0000000086400000, 0x0000000086400000, 0x0000000086500000|  0%| F|  |TAMS 0x0000000086400000, 0x0000000086400000| Untracked 
|  27|0x0000000086500000, 0x0000000086500000, 0x0000000086600000|  0%| F|  |TAMS 0x0000000086500000, 0x0000000086500000| Untracked 
|  28|0x0000000086600000, 0x0000000086600000, 0x0000000086700000|  0%| F|  |TAMS 0x0000000086600000, 0x0000000086600000| Untracked 
|  29|0x0000000086700000, 0x0000000086700000, 0x0000000086800000|  0%| F|  |TAMS 0x0000000086700000, 0x0000000086700000| Untracked 
|  30|0x0000000086800000, 0x0000000086800000, 0x0000000086900000|  0%| F|  |TAMS 0x0000000086800000, 0x0000000086800000| Untracked 
|  31|0x0000000086900000, 0x0000000086900000, 0x0000000086a00000|  0%| F|  |TAMS 0x0000000086900000, 0x0000000086900000| Untracked 
|  32|0x0000000086a00000, 0x0000000086a00000, 0x0000000086b00000|  0%| F|  |TAMS 0x0000000086a00000, 0x0000000086a00000| Untracked 
|  33|0x0000000086b00000, 0x0000000086b00000, 0x0000000086c00000|  0%| F|  |TAMS 0x0000000086b00000, 0x0000000086b00000| Untracked 
|  34|0x0000000086c00000, 0x0000000086c00000, 0x0000000086d00000|  0%| F|  |TAMS 0x0000000086c00000, 0x0000000086c00000| Untracked 
|  35|0x0000000086d00000, 0x0000000086d00000, 0x0000000086e00000|  0%| F|  |TAMS 0x0000000086d00000, 0x0000000086d00000| Untracked 
|  36|0x0000000086e00000, 0x0000000086e00000, 0x0000000086f00000|  0%| F|  |TAMS 0x0000000086e00000, 0x0000000086e00000| Untracked 
|  37|0x0000000086f00000, 0x0000000086f00000, 0x0000000087000000|  0%| F|  |TAMS 0x0000000086f00000, 0x0000000086f00000| Untracked 
|  38|0x0000000087000000, 0x0000000087000000, 0x0000000087100000|  0%| F|  |TAMS 0x0000000087000000, 0x0000000087000000| Untracked 
|  39|0x0000000087100000, 0x0000000087100000, 0x0000000087200000|  0%| F|  |TAMS 0x0000000087100000, 0x0000000087100000| Untracked 
|  40|0x0000000087200000, 0x0000000087200000, 0x0000000087300000|  0%| F|  |TAMS 0x0000000087200000, 0x0000000087200000| Untracked 
|  41|0x0000000087300000, 0x0000000087300000, 0x0000000087400000|  0%| F|  |TAMS 0x0000000087300000, 0x0000000087300000| Untracked 
|  42|0x0000000087400000, 0x0000000087400000, 0x0000000087500000|  0%| F|  |TAMS 0x0000000087400000, 0x0000000087400000| Untracked 
|  43|0x0000000087500000, 0x0000000087500000, 0x0000000087600000|  0%| F|  |TAMS 0x0000000087500000, 0x0000000087500000| Untracked 
|  44|0x0000000087600000, 0x0000000087600000, 0x0000000087700000|  0%| F|  |TAMS 0x0000000087600000, 0x0000000087600000| Untracked 
|  45|0x0000000087700000, 0x0000000087700000, 0x0000000087800000|  0%| F|  |TAMS 0x0000000087700000, 0x0000000087700000| Untracked 
|  46|0x0000000087800000, 0x0000000087800000, 0x0000000087900000|  0%| F|  |TAMS 0x0000000087800000, 0x0000000087800000| Untracked 
|  47|0x0000000087900000, 0x0000000087900000, 0x0000000087a00000|  0%| F|  |TAMS 0x0000000087900000, 0x0000000087900000| Untracked 
|  48|0x0000000087a00000, 0x0000000087a00000, 0x0000000087b00000|  0%| F|  |TAMS 0x0000000087a00000, 0x0000000087a00000| Untracked 
|  49|0x0000000087b00000, 0x0000000087b00000, 0x0000000087c00000|  0%| F|  |TAMS 0x0000000087b00000, 0x0000000087b00000| Untracked 
|  50|0x0000000087c00000, 0x0000000087c00000, 0x0000000087d00000|  0%| F|  |TAMS 0x0000000087c00000, 0x0000000087c00000| Untracked 
|  51|0x0000000087d00000, 0x0000000087d00000, 0x0000000087e00000|  0%| F|  |TAMS 0x0000000087d00000, 0x0000000087d00000| Untracked 
|  52|0x0000000087e00000, 0x0000000087e00000, 0x0000000087f00000|  0%| F|  |TAMS 0x0000000087e00000, 0x0000000087e00000| Untracked 
|  53|0x0000000087f00000, 0x0000000087f00000, 0x0000000088000000|  0%| F|  |TAMS 0x0000000087f00000, 0x0000000087f00000| Untracked 
|  54|0x0000000088000000, 0x0000000088000000, 0x0000000088100000|  0%| F|  |TAMS 0x0000000088000000, 0x0000000088000000| Untracked 
|  55|0x0000000088100000, 0x0000000088100000, 0x0000000088200000|  0%| F|  |TAMS 0x0000000088100000, 0x0000000088100000| Untracked 
|  56|0x0000000088200000, 0x0000000088200000, 0x0000000088300000|  0%| F|  |TAMS 0x0000000088200000, 0x0000000088200000| Untracked 
|  57|0x0000000088300000, 0x0000000088300000, 0x0000000088400000|  0%| F|  |TAMS 0x0000000088300000, 0x0000000088300000| Untracked 
|  58|0x0000000088400000, 0x0000000088400000, 0x0000000088500000|  0%| F|  |TAMS 0x0000000088400000, 0x0000000088400000| Untracked 
|  59|0x0000000088500000, 0x0000000088500000, 0x0000000088600000|  0%| F|  |TAMS 0x0000000088500000, 0x0000000088500000| Untracked 
|  60|0x0000000088600000, 0x0000000088600000, 0x0000000088700000|  0%| F|  |TAMS 0x0000000088600000, 0x0000000088600000| Untracked 
|  61|0x0000000088700000, 0x0000000088700000, 0x0000000088800000|  0%| F|  |TAMS 0x0000000088700000, 0x0000000088700000| Untracked 
|  62|0x0000000088800000, 0x0000000088800000, 0x0000000088900000|  0%| F|  |TAMS 0x0000000088800000, 0x0000000088800000| Untracked 
|  63|0x0000000088900000, 0x0000000088900000, 0x0000000088a00000|  0%| F|  |TAMS 0x0000000088900000, 0x0000000088900000| Untracked 
|  64|0x0000000088a00000, 0x0000000088a00000, 0x0000000088b00000|  0%| F|  |TAMS 0x0000000088a00000, 0x0000000088a00000| Untracked 
|  65|0x0000000088b00000, 0x0000000088b00000, 0x0000000088c00000|  0%| F|  |TAMS 0x0000000088b00000, 0x0000000088b00000| Untracked 
|  66|0x0000000088c00000, 0x0000000088c00000, 0x0000000088d00000|  0%| F|  |TAMS 0x0000000088c00000, 0x0000000088c00000| Untracked 
|  67|0x0000000088d00000, 0x0000000088d00000, 0x0000000088e00000|  0%| F|  |TAMS 0x0000000088d00000, 0x0000000088d00000| Untracked 
|  68|0x0000000088e00000, 0x0000000088e00000, 0x0000000088f00000|  0%| F|  |TAMS 0x0000000088e00000, 0x0000000088e00000| Untracked 
|  69|0x0000000088f00000, 0x0000000088f00000, 0x0000000089000000|  0%| F|  |TAMS 0x0000000088f00000, 0x0000000088f00000| Untracked 
|  70|0x0000000089000000, 0x0000000089000000, 0x0000000089100000|  0%| F|  |TAMS 0x0000000089000000, 0x0000000089000000| Untracked 
|  71|0x0000000089100000, 0x0000000089100000, 0x0000000089200000|  0%| F|  |TAMS 0x0000000089100000, 0x0000000089100000| Untracked 
|  72|0x0000000089200000, 0x0000000089200000, 0x0000000089300000|  0%| F|  |TAMS 0x0000000089200000, 0x0000000089200000| Untracked 
|  73|0x0000000089300000, 0x0000000089300000, 0x0000000089400000|  0%| F|  |TAMS 0x0000000089300000, 0x0000000089300000| Untracked 
|  74|0x0000000089400000, 0x0000000089400000, 0x0000000089500000|  0%| F|  |TAMS 0x0000000089400000, 0x0000000089400000| Untracked 
|  75|0x0000000089500000, 0x0000000089500000, 0x0000000089600000|  0%| F|  |TAMS 0x0000000089500000, 0x0000000089500000| Untracked 
|  76|0x0000000089600000, 0x0000000089600000, 0x0000000089700000|  0%| F|  |TAMS 0x0000000089600000, 0x0000000089600000| Untracked 
|  77|0x0000000089700000, 0x0000000089700000, 0x0000000089800000|  0%| F|  |TAMS 0x0000000089700000, 0x0000000089700000| Untracked 
|  78|0x0000000089800000, 0x0000000089800000, 0x0000000089900000|  0%| F|  |TAMS 0x0000000089800000, 0x0000000089800000| Untracked 
|  79|0x0000000089900000, 0x0000000089900000, 0x0000000089a00000|  0%| F|  |TAMS 0x0000000089900000, 0x0000000089900000| Untracked 
|  80|0x0000000089a00000, 0x0000000089a00000, 0x0000000089b00000|  0%| F|  |TAMS 0x0000000089a00000, 0x0000000089a00000| Untracked 
|  81|0x0000000089b00000, 0x0000000089b00000, 0x0000000089c00000|  0%| F|  |TAMS 0x0000000089b00000, 0x0000000089b00000| Untracked 
|  82|0x0000000089c00000, 0x0000000089c00000, 0x0000000089d00000|  0%| F|  |TAMS 0x0000000089c00000, 0x0000000089c00000| Untracked 
|  83|0x0000000089d00000, 0x0000000089d00000, 0x0000000089e00000|  0%| F|  |TAMS 0x0000000089d00000, 0x0000000089d00000| Untracked 
|  84|0x0000000089e00000, 0x0000000089e00000, 0x0000000089f00000|  0%| F|  |TAMS 0x0000000089e00000, 0x0000000089e00000| Untracked 
|  85|0x0000000089f00000, 0x0000000089f00000, 0x000000008a000000|  0%| F|  |TAMS 0x0000000089f00000, 0x0000000089f00000| Untracked 
|  86|0x000000008a000000, 0x000000008a000000, 0x000000008a100000|  0%| F|  |TAMS 0x000000008a000000, 0x000000008a000000| Untracked 
|  87|0x000000008a100000, 0x000000008a100000, 0x000000008a200000|  0%| F|  |TAMS 0x000000008a100000, 0x000000008a100000| Untracked 
|  88|0x000000008a200000, 0x000000008a200000, 0x000000008a300000|  0%| F|  |TAMS 0x000000008a200000, 0x000000008a200000| Untracked 
|  89|0x000000008a300000, 0x000000008a300000, 0x000000008a400000|  0%| F|  |TAMS 0x000000008a300000, 0x000000008a300000| Untracked 
|  90|0x000000008a400000, 0x000000008a400000, 0x000000008a500000|  0%| F|  |TAMS 0x000000008a400000, 0x000000008a400000| Untracked 
|  91|0x000000008a500000, 0x000000008a500000, 0x000000008a600000|  0%| F|  |TAMS 0x000000008a500000, 0x000000008a500000| Untracked 
|  92|0x000000008a600000, 0x000000008a600000, 0x000000008a700000|  0%| F|  |TAMS 0x000000008a600000, 0x000000008a600000| Untracked 
|  93|0x000000008a700000, 0x000000008a700000, 0x000000008a800000|  0%| F|  |TAMS 0x000000008a700000, 0x000000008a700000| Untracked 
|  94|0x000000008a800000, 0x000000008a800000, 0x000000008a900000|  0%| F|  |TAMS 0x000000008a800000, 0x000000008a800000| Untracked 
|  95|0x000000008a900000, 0x000000008a900000, 0x000000008aa00000|  0%| F|  |TAMS 0x000000008a900000, 0x000000008a900000| Untracked 
|  96|0x000000008aa00000, 0x000000008aa00000, 0x000000008ab00000|  0%| F|  |TAMS 0x000000008aa00000, 0x000000008aa00000| Untracked 
|  97|0x000000008ab00000, 0x000000008ab00000, 0x000000008ac00000|  0%| F|  |TAMS 0x000000008ab00000, 0x000000008ab00000| Untracked 
|  98|0x000000008ac00000, 0x000000008ac00000, 0x000000008ad00000|  0%| F|  |TAMS 0x000000008ac00000, 0x000000008ac00000| Untracked 
|  99|0x000000008ad00000, 0x000000008ad00000, 0x000000008ae00000|  0%| F|  |TAMS 0x000000008ad00000, 0x000000008ad00000| Untracked 
| 100|0x000000008ae00000, 0x000000008ae00000, 0x000000008af00000|  0%| F|  |TAMS 0x000000008ae00000, 0x000000008ae00000| Untracked 
| 101|0x000000008af00000, 0x000000008af00000, 0x000000008b000000|  0%| F|  |TAMS 0x000000008af00000, 0x000000008af00000| Untracked 
| 102|0x000000008b000000, 0x000000008b000000, 0x000000008b100000|  0%| F|  |TAMS 0x000000008b000000, 0x000000008b000000| Untracked 
| 103|0x000000008b100000, 0x000000008b100000, 0x000000008b200000|  0%| F|  |TAMS 0x000000008b100000, 0x000000008b100000| Untracked 
| 104|0x000000008b200000, 0x000000008b200000, 0x000000008b300000|  0%| F|  |TAMS 0x000000008b200000, 0x000000008b200000| Untracked 
| 105|0x000000008b300000, 0x000000008b300000, 0x000000008b400000|  0%| F|  |TAMS 0x000000008b300000, 0x000000008b300000| Untracked 
| 106|0x000000008b400000, 0x000000008b400000, 0x000000008b500000|  0%| F|  |TAMS 0x000000008b400000, 0x000000008b400000| Untracked 
| 107|0x000000008b500000, 0x000000008b500000, 0x000000008b600000|  0%| F|  |TAMS 0x000000008b500000, 0x000000008b500000| Untracked 
| 108|0x000000008b600000, 0x000000008b600000, 0x000000008b700000|  0%| F|  |TAMS 0x000000008b600000, 0x000000008b600000| Untracked 
| 109|0x000000008b700000, 0x000000008b800000, 0x000000008b800000|100%| S|CS|TAMS 0x000000008b700000, 0x000000008b700000| Complete 
| 110|0x000000008b800000, 0x000000008b900000, 0x000000008b900000|100%| S|CS|TAMS 0x000000008b800000, 0x000000008b800000| Complete 
| 111|0x000000008b900000, 0x000000008b900000, 0x000000008ba00000|  0%| F|  |TAMS 0x000000008b900000, 0x000000008b900000| Untracked 
| 112|0x000000008ba00000, 0x000000008ba00000, 0x000000008bb00000|  0%| F|  |TAMS 0x000000008ba00000, 0x000000008ba00000| Untracked 
| 113|0x000000008bb00000, 0x000000008bb00000, 0x000000008bc00000|  0%| F|  |TAMS 0x000000008bb00000, 0x000000008bb00000| Untracked 
| 114|0x000000008bc00000, 0x000000008bc00000, 0x000000008bd00000|  0%| F|  |TAMS 0x000000008bc00000, 0x000000008bc00000| Untracked 
| 115|0x000000008bd00000, 0x000000008bd00000, 0x000000008be00000|  0%| F|  |TAMS 0x000000008bd00000, 0x000000008bd00000| Untracked 
| 116|0x000000008be00000, 0x000000008be00000, 0x000000008bf00000|  0%| F|  |TAMS 0x000000008be00000, 0x000000008be00000| Untracked 
| 117|0x000000008bf00000, 0x000000008bf00000, 0x000000008c000000|  0%| F|  |TAMS 0x000000008bf00000, 0x000000008bf00000| Untracked 
| 118|0x000000008c000000, 0x000000008c000000, 0x000000008c100000|  0%| F|  |TAMS 0x000000008c000000, 0x000000008c000000| Untracked 
| 119|0x000000008c100000, 0x000000008c100000, 0x000000008c200000|  0%| F|  |TAMS 0x000000008c100000, 0x000000008c100000| Untracked 
| 120|0x000000008c200000, 0x000000008c200000, 0x000000008c300000|  0%| F|  |TAMS 0x000000008c200000, 0x000000008c200000| Untracked 
| 121|0x000000008c300000, 0x000000008c364c60, 0x000000008c400000| 39%| E|  |TAMS 0x000000008c300000, 0x000000008c300000| Complete 
| 122|0x000000008c400000, 0x000000008c500000, 0x000000008c500000|100%| E|CS|TAMS 0x000000008c400000, 0x000000008c400000| Complete 
| 123|0x000000008c500000, 0x000000008c600000, 0x000000008c600000|100%| E|CS|TAMS 0x000000008c500000, 0x000000008c500000| Complete 

Card table byte_map: [0x0000004973630000,0x0000004973a10000] _byte_map_base: 0x000000497320b000

Marking Bits (Prev, Next): (CMBitMap*) 0x00000049608b4cb0, (CMBitMap*) 0x00000049608b4cf0
 Prev Bits: [0x0000004973df0000, 0x0000004975cc8000)
 Next Bits: [0x0000004975cd0000, 0x0000004977ba8000)

Polling page: 0x0000004960010000

Metaspace:

Usage:
  Non-class:     11.90 MB capacity,    11.79 MB (>99%) used,   110.20 KB ( <1%) free+waste,    11.69 KB ( <1%) overhead. 
      Class:      1.26 MB capacity,     1.22 MB ( 96%) used,    42.34 KB (  3%) free+waste,     3.88 KB ( <1%) overhead. 
       Both:     13.17 MB capacity,    13.00 MB ( 99%) used,   152.55 KB (  1%) free+waste,    15.56 KB ( <1%) overhead. 

Virtual space:
  Non-class space:       12.00 MB reserved,      12.00 MB (100%) committed 
      Class space:        1.00 GB reserved,       1.38 MB ( <1%) committed 
             Both:        1.01 GB reserved,      13.38 MB (  1%) committed 

Chunk freelists:
   Non-Class:  34.00 KB
       Class:  20.00 KB
        Both:  54.00 KB

MaxMetaspaceSize: 17179869184.00 GB
CompressedClassSpaceSize: 1.00 GB

CodeHeap 'non-profiled nmethods': size=120000Kb used=323Kb max_used=323Kb free=119677Kb
 bounds [0x000000496bd20000, 0x000000496bf90000, 0x0000004973250000]
CodeHeap 'profiled nmethods': size=120000Kb used=1660Kb max_used=1660Kb free=118339Kb
 bounds [0x00000049647f0000, 0x0000004964a60000, 0x000000496bd20000]
CodeHeap 'non-nmethods': size=5760Kb used=1252Kb max_used=1271Kb free=4507Kb
 bounds [0x0000004964250000, 0x00000049644c0000, 0x00000049647f0000]
 total_blobs=1396 nmethods=975 adapters=334
 compilation: enabled
              stopped_count=0, restarted_count=0
 full_count=0

Compilation events (20 events):
Event: 0.985 Thread 0x000000497aea7660  963       3       java.util.zip.InflaterInputStream::<init> (79 bytes)
Event: 0.985 Thread 0x000000497aea7660 nmethod 963 0x0000004964989b10 code [0x0000004964989d20, 0x000000496498a558]
Event: 0.985 Thread 0x000000497aea7660  964       3       java.util.zip.ZipFile$InflaterCleanupAction::<init> (15 bytes)
Event: 0.985 Thread 0x000000497aea7660 nmethod 964 0x000000496498a790 code [0x000000496498a940, 0x000000496498ab58]
Event: 0.985 Thread 0x000000497aea7660  965       3       java.util.zip.ZipFile$ZipFileInflaterInputStream::fill (80 bytes)
Event: 0.985 Thread 0x000000497aea7660 nmethod 965 0x000000496498ac10 code [0x000000496498ae00, 0x000000496498b1a8]
Event: 0.985 Thread 0x000000497aea7660  966       3       java.util.zip.ZipFile$ZipFileInputStream::initDataOffset (117 bytes)
Event: 0.986 Thread 0x000000497aea7660 nmethod 966 0x000000496498b390 code [0x000000496498b5c0, 0x000000496498bd68]
Event: 0.986 Thread 0x000000497aea7660  967   !   3       java.util.zip.ZipFile$Source::readAt (39 bytes)
Event: 0.986 Thread 0x000000497aea7660 nmethod 967 0x000000496498c090 code [0x000000496498c280, 0x000000496498c768]
Event: 0.986 Thread 0x000000497aea7660  968       3       java.util.zip.ZipFile$ZipFileInflaterInputStream::<init> (41 bytes)
Event: 0.986 Thread 0x000000497aea7660 nmethod 968 0x000000496498ca90 code [0x000000496498cc60, 0x000000496498d118]
Event: 3480.968 Thread 0x000000497aea7660  970       3       java.lang.ref.ReferenceQueue::reallyPoll (65 bytes)
Event: 3480.968 Thread 0x000000497aea7660 nmethod 970 0x000000496498d310 code [0x000000496498d4e0, 0x000000496498d9d8]
Event: 13201.098 Thread 0x000000497aea7660  973   !   3       java.lang.ref.ReferenceQueue::remove (125 bytes)
Event: 13201.137 Thread 0x000000497aea7660 nmethod 973 0x000000496498db10 code [0x000000496498dd40, 0x000000496498e558]
Event: 13261.099 Thread 0x000000497aea7660  974   !   3       jdk.internal.ref.PhantomCleanable::isListEmpty (34 bytes)
Event: 13261.099 Thread 0x000000497aea7660 nmethod 974 0x000000496498e910 code [0x000000496498eac0, 0x000000496498ed18]
Event: 13261.099 Thread 0x000000497aea7660  975       3       jdk.internal.misc.InnocuousThread::eraseThreadLocals (23 bytes)
Event: 13261.099 Thread 0x000000497aea7660 nmethod 975 0x000000496498ee90 code [0x000000496498f020, 0x000000496498f1f8]

GC Heap History (2 events):
Event: 0.924 GC heap before
{Heap before GC invocations=0 (full 0):
 garbage-first heap   total 126976K, used 17408K [0x0000000084a00000, 0x0000000100000000)
  region size 1024K, 13 young (13312K), 0 survivors (0K)
 Metaspace       used 12628K, capacity 12842K, committed 13056K, reserved 1060864K
  class space    used 1170K, capacity 1228K, committed 1280K, reserved 1048576K
}
Event: 0.930 GC heap after
{Heap after GC invocations=1 (full 0):
 garbage-first heap   total 126976K, used 8755K [0x0000000084a00000, 0x0000000100000000)
  region size 1024K, 2 young (2048K), 2 survivors (2048K)
 Metaspace       used 12628K, capacity 12842K, committed 13056K, reserved 1060864K
  class space    used 1170K, capacity 1228K, committed 1280K, reserved 1048576K
}

Deoptimization events (20 events):
Event: 0.538 Thread 0x0000004960874580 DEOPT PACKING pc=0x0000004964838cf3 sp=0x000000496000ac20
Event: 0.538 Thread 0x0000004960874580 DEOPT UNPACKING pc=0x000000496429e23f sp=0x000000496000a080 mode 0
Event: 0.544 Thread 0x0000004960874580 DEOPT PACKING pc=0x0000004964838cf3 sp=0x000000496000e130
Event: 0.544 Thread 0x0000004960874580 DEOPT UNPACKING pc=0x000000496429e23f sp=0x000000496000d590 mode 0
Event: 0.740 Thread 0x0000004960874580 DEOPT PACKING pc=0x000000496482e603 sp=0x000000496000d880
Event: 0.740 Thread 0x0000004960874580 DEOPT UNPACKING pc=0x000000496429e23f sp=0x000000496000ccf0 mode 0
Event: 0.802 Thread 0x0000004960874580 DEOPT PACKING pc=0x00000049648f700c sp=0x000000496000ec10
Event: 0.802 Thread 0x0000004960874580 DEOPT UNPACKING pc=0x000000496429e23f sp=0x000000496000e0e0 mode 1
Event: 0.880 Thread 0x0000004960874580 DEOPT PACKING pc=0x00000049648c20e4 sp=0x000000496000ec10
Event: 0.880 Thread 0x0000004960874580 DEOPT UNPACKING pc=0x000000496429e23f sp=0x000000496000e0a8 mode 1
Event: 0.880 Thread 0x0000004960874580 DEOPT PACKING pc=0x00000049648c1654 sp=0x000000496000ece0
Event: 0.880 Thread 0x0000004960874580 DEOPT UNPACKING pc=0x000000496429e23f sp=0x000000496000e198 mode 1
Event: 0.881 Thread 0x0000004960874580 DEOPT PACKING pc=0x00000049648c20e4 sp=0x000000496000e1c0
Event: 0.881 Thread 0x0000004960874580 DEOPT UNPACKING pc=0x000000496429e23f sp=0x000000496000d658 mode 1
Event: 0.881 Thread 0x0000004960874580 DEOPT PACKING pc=0x00000049648c1654 sp=0x000000496000e290
Event: 0.881 Thread 0x0000004960874580 DEOPT UNPACKING pc=0x000000496429e23f sp=0x000000496000d748 mode 1
Event: 0.951 Thread 0x0000004960874580 Uncommon trap: trap_request=0xffffff45 fr.pc=0x000000496bd6d270 relative=0x00000000000002d0
Event: 0.951 Thread 0x0000004960874580 Uncommon trap: reason=unstable_if action=reinterpret pc=0x000000496bd6d270 method=java.util.HashMap.hash(Ljava/lang/Object;)I @ 1 c2
Event: 0.951 Thread 0x0000004960874580 DEOPT PACKING pc=0x000000496bd6d270 sp=0x000000496000ebc0
Event: 0.952 Thread 0x0000004960874580 DEOPT UNPACKING pc=0x000000496429e42f sp=0x000000496000ead8 mode 2

Classes unloaded (0 events):
No events

Classes redefined (2 events):
Event: 3893.025 Thread 0x000000497a3e6ab0 redefined class name=com.demo.qa.base.Testbase, count=1
Event: 4396.514 Thread 0x000000497a3e6ab0 redefined class name=com.demo.qa.base.Testbase, count=2

Internal exceptions (8 events):
Event: 0.466 Thread 0x0000004960874580 Exception <a 'java/lang/NoSuchMethodError'{0x000000008c179308}: 'void java.lang.invoke.DirectMethodHandle$Holder.invokeSpecial(java.lang.Object, java.lang.Object, java.lang.Object)'> (0x000000008c179308) 
thrown [./open/src/hotspot/share/interpreter/linkResolver.cpp, line 782]
Event: 0.601 Thread 0x0000004960874580 Exception <a 'java/lang/NoSuchMethodError'{0x000000008bfe4478}: 'java.lang.Object java.lang.invoke.DirectMethodHandle$Holder.invokeStatic(java.lang.Object)'> (0x000000008bfe4478) 
thrown [./open/src/hotspot/share/interpreter/linkResolver.cpp, line 782]
Event: 0.602 Thread 0x0000004960874580 Exception <a 'java/lang/NoSuchMethodError'{0x000000008bfe7bc8}: 'java.lang.Object java.lang.invoke.DirectMethodHandle$Holder.invokeStaticInit(java.lang.Object)'> (0x000000008bfe7bc8) 
thrown [./open/src/hotspot/share/interpreter/linkResolver.cpp, line 782]
Event: 0.632 Thread 0x0000004960874580 Exception <a 'java/lang/NoSuchMethodError'{0x000000008be0a270}: 'void java.lang.invoke.DirectMethodHandle$Holder.invokeStatic(java.lang.Object, java.lang.Object)'> (0x000000008be0a270) 
thrown [./open/src/hotspot/share/interpreter/linkResolver.cpp, line 782]
Event: 0.753 Thread 0x0000004960874580 Exception <a 'java/lang/NoSuchMethodError'{0x000000008bd84d60}: 'void java.lang.invoke.DirectMethodHandle$Holder.invokeStaticInit(java.lang.Object, java.lang.Object)'> (0x000000008bd84d60) 
thrown [./open/src/hotspot/share/interpreter/linkResolver.cpp, line 782]
Event: 0.765 Thread 0x0000004960874580 Exception <a 'java/lang/NoSuchMethodError'{0x000000008bdb1d18}: 'java.lang.Object java.lang.invoke.DirectMethodHandle$Holder.invokeStaticInit(java.lang.Object, int, int, int, int)'> (0x000000008bdb1d18) 
thrown [./open/src/hotspot/share/interpreter/linkResolver.cpp, line 782]
Event: 0.793 Thread 0x0000004960874580 Exception <a 'java/lang/NoSuchMethodError'{0x000000008bc11920}: 'java.lang.Object java.lang.invoke.DirectMethodHandle$Holder.invokeStaticInit(java.lang.Object, java.lang.Object, int, int, int, int)'> (0x000000008bc11920) 
thrown [./open/src/hotspot/share/interpreter/linkResolver.cpp, line 782]
Event: 0.951 Thread 0x0000004960874580 Implicit null exception at 0x000000496bd6cff4 to 0x000000496bd6d248

Events (20 events):
Event: 4396.513 Executing VM operation: RedefineClasses
Event: 4396.517 Executing VM operation: RedefineClasses done
Event: 4396.521 Executing VM operation: ChangeBreakpoints
Event: 4396.521 Executing VM operation: ChangeBreakpoints done
Event: 4396.524 Executing VM operation: ChangeBreakpoints
Event: 4396.525 Executing VM operation: ChangeBreakpoints done
Event: 4396.528 Executing VM operation: ChangeBreakpoints
Event: 4396.529 Executing VM operation: ChangeBreakpoints done
Event: 4396.533 Executing VM operation: ChangeBreakpoints
Event: 4396.533 Executing VM operation: ChangeBreakpoints done
Event: 4396.536 Executing VM operation: ChangeBreakpoints
Event: 4396.537 Executing VM operation: ChangeBreakpoints done
Event: 4396.540 Executing VM operation: ChangeBreakpoints
Event: 4396.541 Executing VM operation: ChangeBreakpoints done
Event: 4396.541 Executing VM operation: GetFrameCount
Event: 4396.542 Executing VM operation: GetFrameCount done
Event: 4396.542 Executing VM operation: GetStackTrace
Event: 4396.542 Executing VM operation: GetStackTrace done
Event: 14145.688 Executing VM operation: GetFrameLocation
Event: 14145.742 Executing VM operation: GetFrameLocation done


Dynamic libraries:
0x00007ff656b00000 - 0x00007ff656b0d000 	C:\Users\Venkatesh Fin\Downloads\eclipse-java-2020-12\eclipse\plugins\org.eclipse.justj.openjdk.hotspot.jre.full.win32.x86_64_15.0.1.v20201027-0507\jre\bin\javaw.exe
0x00007ff8d4e80000 - 0x00007ff8d502d000 	C:\Windows\SYSTEM32\ntdll.dll
0x00007ff8d25d0000 - 0x00007ff8d270f000 	C:\Windows\system32\KERNEL32.DLL
0x00007ff8d21b0000 - 0x00007ff8d22c5000 	C:\Windows\system32\KERNELBASE.dll
0x00007ff8c7300000 - 0x00007ff8c7318000 	C:\Users\Venkatesh Fin\Downloads\eclipse-java-2020-12\eclipse\plugins\org.eclipse.justj.openjdk.hotspot.jre.full.win32.x86_64_15.0.1.v20201027-0507\jre\bin\jli.dll
0x00007ff8c3ea0000 - 0x00007ff8c3eb9000 	C:\Users\Venkatesh Fin\Downloads\eclipse-java-2020-12\eclipse\plugins\org.eclipse.justj.openjdk.hotspot.jre.full.win32.x86_64_15.0.1.v20201027-0507\jre\bin\VCRUNTIME140.dll
0x00007ff8ce2c0000 - 0x00007ff8ce2c4000 	C:\Users\Venkatesh Fin\Downloads\eclipse-java-2020-12\eclipse\plugins\org.eclipse.justj.openjdk.hotspot.jre.full.win32.x86_64_15.0.1.v20201027-0507\jre\bin\api-ms-win-crt-stdio-l1-1-0.dll
0x00007ff8cd2f0000 - 0x00007ff8cd2f4000 	C:\Users\Venkatesh Fin\Downloads\eclipse-java-2020-12\eclipse\plugins\org.eclipse.justj.openjdk.hotspot.jre.full.win32.x86_64_15.0.1.v20201027-0507\jre\bin\api-ms-win-crt-runtime-l1-1-0.dll
0x00007ff8cb9b0000 - 0x00007ff8cb9b3000 	C:\Users\Venkatesh Fin\Downloads\eclipse-java-2020-12\eclipse\plugins\org.eclipse.justj.openjdk.hotspot.jre.full.win32.x86_64_15.0.1.v20201027-0507\jre\bin\api-ms-win-crt-environment-l1-1-0.dll
0x00007ff8c84a0000 - 0x00007ff8c84a5000 	C:\Users\Venkatesh Fin\Downloads\eclipse-java-2020-12\eclipse\plugins\org.eclipse.justj.openjdk.hotspot.jre.full.win32.x86_64_15.0.1.v20201027-0507\jre\bin\api-ms-win-crt-math-l1-1-0.dll
0x00007ff8c72f0000 - 0x00007ff8c72f3000 	C:\Users\Venkatesh Fin\Downloads\eclipse-java-2020-12\eclipse\plugins\org.eclipse.justj.openjdk.hotspot.jre.full.win32.x86_64_15.0.1.v20201027-0507\jre\bin\api-ms-win-crt-locale-l1-1-0.dll
0x00007ff8c5fd0000 - 0x00007ff8c5fd3000 	C:\Users\Venkatesh Fin\Downloads\eclipse-java-2020-12\eclipse\plugins\org.eclipse.justj.openjdk.hotspot.jre.full.win32.x86_64_15.0.1.v20201027-0507\jre\bin\api-ms-win-crt-heap-l1-1-0.dll
0x00007ff8cee50000 - 0x00007ff8cf0cb000 	C:\Windows\WinSxS\amd64_microsoft.windows.common-controls_6595b64144ccf1df_6.0.9600.19394_none_62486577ecb635cf\COMCTL32.dll
0x00007ff8d4650000 - 0x00007ff8d47c7000 	C:\Windows\system32\USER32.dll
0x00007ff8c5e10000 - 0x00007ff8c5e13000 	C:\Users\Venkatesh Fin\Downloads\eclipse-java-2020-12\eclipse\plugins\org.eclipse.justj.openjdk.hotspot.jre.full.win32.x86_64_15.0.1.v20201027-0507\jre\bin\api-ms-win-crt-filesystem-l1-1-0.dll
0x00007ff8c5b70000 - 0x00007ff8c5b74000 	C:\Users\Venkatesh Fin\Downloads\eclipse-java-2020-12\eclipse\plugins\org.eclipse.justj.openjdk.hotspot.jre.full.win32.x86_64_15.0.1.v20201027-0507\jre\bin\api-ms-win-crt-string-l1-1-0.dll
0x00007ff8c3c70000 - 0x00007ff8c3c74000 	C:\Users\Venkatesh Fin\Downloads\eclipse-java-2020-12\eclipse\plugins\org.eclipse.justj.openjdk.hotspot.jre.full.win32.x86_64_15.0.1.v20201027-0507\jre\bin\api-ms-win-crt-convert-l1-1-0.dll
0x00007ff8d47e0000 - 0x00007ff8d488a000 	C:\Windows\system32\msvcrt.dll
0x00007ff8d4cd0000 - 0x00007ff8d4e1d000 	C:\Windows\system32\GDI32.dll
0x00007ff8c1760000 - 0x00007ff8c185a000 	C:\Users\Venkatesh Fin\Downloads\eclipse-java-2020-12\eclipse\plugins\org.eclipse.justj.openjdk.hotspot.jre.full.win32.x86_64_15.0.1.v20201027-0507\jre\bin\ucrtbase.DLL
0x00007ff8d27d0000 - 0x00007ff8d2806000 	C:\Windows\system32\IMM32.DLL
0x00007ff8d4890000 - 0x00007ff8d49e1000 	C:\Windows\system32\MSCTF.dll
0x00007ff8c3c60000 - 0x00007ff8c3c6c000 	C:\Users\Venkatesh Fin\Downloads\eclipse-java-2020-12\eclipse\plugins\org.eclipse.justj.openjdk.hotspot.jre.full.win32.x86_64_15.0.1.v20201027-0507\jre\bin\vcruntime140_1.dll
0x00007ff8c16c0000 - 0x00007ff8c1751000 	C:\Users\Venkatesh Fin\Downloads\eclipse-java-2020-12\eclipse\plugins\org.eclipse.justj.openjdk.hotspot.jre.full.win32.x86_64_15.0.1.v20201027-0507\jre\bin\msvcp140.dll
0x00007ff8c3c50000 - 0x00007ff8c3c53000 	C:\Users\Venkatesh Fin\Downloads\eclipse-java-2020-12\eclipse\plugins\org.eclipse.justj.openjdk.hotspot.jre.full.win32.x86_64_15.0.1.v20201027-0507\jre\bin\api-ms-win-crt-time-l1-1-0.dll
0x00007ff8c16b0000 - 0x00007ff8c16b3000 	C:\Users\Venkatesh Fin\Downloads\eclipse-java-2020-12\eclipse\plugins\org.eclipse.justj.openjdk.hotspot.jre.full.win32.x86_64_15.0.1.v20201027-0507\jre\bin\api-ms-win-crt-utility-l1-1-0.dll
0x00007ff8a9e20000 - 0x00007ff8aa97e000 	C:\Users\Venkatesh Fin\Downloads\eclipse-java-2020-12\eclipse\plugins\org.eclipse.justj.openjdk.hotspot.jre.full.win32.x86_64_15.0.1.v20201027-0507\jre\bin\server\jvm.dll
0x00007ff8d2520000 - 0x00007ff8d25ca000 	C:\Windows\system32\ADVAPI32.dll
0x00007ff8ce2d0000 - 0x00007ff8ce2d9000 	C:\Windows\SYSTEM32\WSOCK32.dll
0x00007ff8c5e70000 - 0x00007ff8c5e92000 	C:\Windows\SYSTEM32\WINMM.dll
0x00007ff8ca430000 - 0x00007ff8ca43a000 	C:\Windows\SYSTEM32\VERSION.dll
0x00007ff8d3dc0000 - 0x00007ff8d3dc7000 	C:\Windows\system32\PSAPI.DLL
0x00007ff8d3dd0000 - 0x00007ff8d3e28000 	C:\Windows\SYSTEM32\sechost.dll
0x00007ff8d4500000 - 0x00007ff8d4640000 	C:\Windows\system32\RPCRT4.dll
0x00007ff8d4e20000 - 0x00007ff8d4e7a000 	C:\Windows\system32\WS2_32.dll
0x00007ff8c5e40000 - 0x00007ff8c5e6a000 	C:\Windows\SYSTEM32\WINMMBASE.dll
0x00007ff8d20d0000 - 0x00007ff8d20fe000 	C:\Windows\system32\SspiCli.dll
0x00007ff8d2810000 - 0x00007ff8d2819000 	C:\Windows\system32\NSI.dll
0x00007ff8d24b0000 - 0x00007ff8d24ff000 	C:\Windows\SYSTEM32\cfgmgr32.dll
0x00007ff8d0dc0000 - 0x00007ff8d0de8000 	C:\Windows\SYSTEM32\DEVOBJ.dll
0x00007ff8cde60000 - 0x00007ff8cde6a000 	C:\Users\Venkatesh Fin\Downloads\eclipse-java-2020-12\eclipse\plugins\org.eclipse.justj.openjdk.hotspot.jre.full.win32.x86_64_15.0.1.v20201027-0507\jre\bin\jimage.dll
0x00007ff8c8e10000 - 0x00007ff8c8f99000 	C:\Windows\SYSTEM32\DBGHELP.DLL
0x00007ff8c0d30000 - 0x00007ff8c0d69000 	C:\Users\Venkatesh Fin\Downloads\eclipse-java-2020-12\eclipse\plugins\org.eclipse.justj.openjdk.hotspot.jre.full.win32.x86_64_15.0.1.v20201027-0507\jre\bin\jdwp.dll
0x00007ff8c6050000 - 0x00007ff8c6075000 	C:\Users\Venkatesh Fin\Downloads\eclipse-java-2020-12\eclipse\plugins\org.eclipse.justj.openjdk.hotspot.jre.full.win32.x86_64_15.0.1.v20201027-0507\jre\bin\java.dll
0x00007ff8cdc00000 - 0x00007ff8cdc18000 	C:\Users\Venkatesh Fin\Downloads\eclipse-java-2020-12\eclipse\plugins\org.eclipse.justj.openjdk.hotspot.jre.full.win32.x86_64_15.0.1.v20201027-0507\jre\bin\zip.dll
0x00007ff8d2820000 - 0x00007ff8d3d4e000 	C:\Windows\system32\SHELL32.dll
0x00007ff8d42e0000 - 0x00007ff8d44f1000 	C:\Windows\SYSTEM32\combase.dll
0x00007ff8d4ab0000 - 0x00007ff8d4b04000 	C:\Windows\system32\SHLWAPI.dll
0x00007ff8d0320000 - 0x00007ff8d03d2000 	C:\Windows\SYSTEM32\SHCORE.dll
0x00007ff8d1fa0000 - 0x00007ff8d1fb5000 	C:\Windows\SYSTEM32\profapi.dll
0x00007ff8c0fe0000 - 0x00007ff8c0feb000 	C:\Users\Venkatesh Fin\Downloads\eclipse-java-2020-12\eclipse\plugins\org.eclipse.justj.openjdk.hotspot.jre.full.win32.x86_64_15.0.1.v20201027-0507\jre\bin\dt_socket.dll
0x00007ff8ccf10000 - 0x00007ff8ccf3a000 	C:\Windows\SYSTEM32\IPHLPAPI.DLL
0x00007ff8ccee0000 - 0x00007ff8cceea000 	C:\Windows\SYSTEM32\WINNSI.DLL
0x00007ff8d17d0000 - 0x00007ff8d1829000 	C:\Windows\system32\mswsock.dll
0x00007ff8d15d0000 - 0x00007ff8d1674000 	C:\Windows\SYSTEM32\DNSAPI.dll
0x0000000075f10000 - 0x0000000075f36000 	C:\Program Files\Bonjour\mdnsNSP.dll
0x00007ff8c7ac0000 - 0x00007ff8c7aca000 	C:\Windows\System32\rasadhlp.dll
0x00007ff8cc7f0000 - 0x00007ff8cc85b000 	C:\Windows\System32\fwpuclnt.dll
0x00007ff8cd0c0000 - 0x00007ff8cd0d9000 	C:\Users\Venkatesh Fin\Downloads\eclipse-java-2020-12\eclipse\plugins\org.eclipse.justj.openjdk.hotspot.jre.full.win32.x86_64_15.0.1.v20201027-0507\jre\bin\net.dll
0x00007ff8ca340000 - 0x00007ff8ca409000 	C:\Windows\SYSTEM32\WINHTTP.dll
0x00007ff8c6030000 - 0x00007ff8c6042000 	C:\Users\Venkatesh Fin\Downloads\eclipse-java-2020-12\eclipse\plugins\org.eclipse.justj.openjdk.hotspot.jre.full.win32.x86_64_15.0.1.v20201027-0507\jre\bin\nio.dll
0x00007ff8d1830000 - 0x00007ff8d1850000 	C:\Windows\SYSTEM32\CRYPTSP.dll
0x00007ff8d1450000 - 0x00007ff8d1486000 	C:\Windows\system32\rsaenh.dll
0x00007ff8d1ad0000 - 0x00007ff8d1af6000 	C:\Windows\SYSTEM32\bcrypt.dll
0x00007ff8d1560000 - 0x00007ff8d1581000 	C:\Windows\SYSTEM32\USERENV.dll
0x00007ff8d1da0000 - 0x00007ff8d1e03000 	C:\Windows\system32\bcryptprimitives.dll
0x00007ff8d1e10000 - 0x00007ff8d1e1b000 	C:\Windows\SYSTEM32\CRYPTBASE.dll
0x00007ff8cc940000 - 0x00007ff8cc956000 	C:\Windows\SYSTEM32\dhcpcsvc6.DLL
0x00007ff8cc920000 - 0x00007ff8cc93a000 	C:\Windows\SYSTEM32\dhcpcsvc.DLL
0x00007ff8cd300000 - 0x00007ff8cd310000 	C:\Users\Venkatesh Fin\Downloads\eclipse-java-2020-12\eclipse\plugins\org.eclipse.justj.openjdk.hotspot.jre.full.win32.x86_64_15.0.1.v20201027-0507\jre\bin\verify.dll

dbghelp: loaded successfully - version: 4.0.5 - missing functions: none
symbol engine: initialized successfully - sym options: 0x614 - pdb path: .;C:\Users\Venkatesh Fin\Downloads\eclipse-java-2020-12\eclipse\plugins\org.eclipse.justj.openjdk.hotspot.jre.full.win32.x86_64_15.0.1.v20201027-0507\jre\bin;C:\Windows\SYSTEM32;C:\Windows\WinSxS\amd64_microsoft.windows.common-controls_6595b64144ccf1df_6.0.9600.19394_none_62486577ecb635cf;C:\Users\Venkatesh Fin\Downloads\eclipse-java-2020-12\eclipse\plugins\org.eclipse.justj.openjdk.hotspot.jre.full.win32.x86_64_15.0.1.v20201027-0507\jre\bin\server;C:\Program Files\Bonjour

VM Arguments:
jvm_args: -XX:+ShowCodeDetailsInExceptionMessages -agentlib:jdwp=transport=dt_socket,suspend=y,address=localhost:52427 -ea -Dfile.encoding=Cp1252 
java_command: org.testng.remote.RemoteTestNG -serport 52425 -protocol json -d C:\Users\Venkatesh Fin\eclipse-workspace\maven-demo\test-output C:\Users\VENKAT~1\AppData\Local\Temp\testng-eclipse-677468474\testng-customsuite.xml
java_class_path (initial): C:\Users\Venkatesh Fin\Downloads\eclipse-java-2020-12\eclipse\configuration\org.eclipse.osgi\443\0\.cp\lib\testng-remote.jar;C:\Users\Venkatesh Fin\eclipse-workspace\maven-demo\target\test-classes;C:\Users\Venkatesh Fin\eclipse-workspace\maven-demo\target\classes;C:\Users\Venkatesh Fin\.m2\repository\org\seleniumhq\selenium\selenium-java\3.5.3\selenium-java-3.5.3.jar;C:\Users\Venkatesh Fin\.m2\repository\org\seleniumhq\selenium\selenium-api\3.5.3\selenium-api-3.5.3.jar;C:\Users\Venkatesh Fin\.m2\repository\org\seleniumhq\selenium\selenium-chrome-driver\3.5.3\selenium-chrome-driver-3.5.3.jar;C:\Users\Venkatesh Fin\.m2\repository\org\seleniumhq\selenium\selenium-edge-driver\3.5.3\selenium-edge-driver-3.5.3.jar;C:\Users\Venkatesh Fin\.m2\repository\org\seleniumhq\selenium\selenium-firefox-driver\3.5.3\selenium-firefox-driver-3.5.3.jar;C:\Users\Venkatesh Fin\.m2\repository\org\seleniumhq\selenium\selenium-ie-driver\3.5.3\selenium-ie-driver-3.5.3.jar;C:\Users\Venkatesh Fin\.m2\repository\org\seleniumhq\selenium\selenium-opera-driver\3.5.3\selenium-opera-driver-3.5.3.jar;C:\Users\Venkatesh Fin\.m2\repository\org\seleniumhq\selenium\selenium-remote-driver\3.5.3\selenium-remote-driver-3.5.3.jar;C:\Users\Venkatesh Fin\.m2\repository\org\seleniumhq\selenium\selenium-safari-driver\3.5.3\selenium-safari-driver-3.5.3.jar;C:\Users\Venkatesh Fin\.m2\repository\org\seleniumhq\selenium\selenium-support\3.5.3\selenium-support-3.5.3.jar;C:\Users\Venkatesh Fin\.m2\repository\cglib\cglib-nodep\3.2.4\cglib-nodep-3.2.4.jar;C:\Users\Venkatesh Fin\.m2\repository\org\apache\commons\commons-exec\1.3\commons-exec-1.3.jar;C:\Users\Venkatesh Fin\.m2\repository\org\apache\commons\commons-lang3\3.5\commons-lang3-3.5.jar;C:\Users\Venkatesh Fin\.m2\repository\commons-codec\commons-codec\1.10\commons-codec-1.10.jar;C:\Users\Venkatesh Fin\.m2\repository\commons-io\commons-io\2.5\commons-io-2.5.jar;C:\Users\Venkatesh Fin\.m2\repository\commons-logging\commons-logging\1.2\co
Launcher Type: SUN_STANDARD

[Global flags]
     intx CICompilerCount                          = 3                                         {product} {ergonomic}
     uint ConcGCThreads                            = 1                                         {product} {ergonomic}
     uint G1ConcRefinementThreads                  = 4                                         {product} {ergonomic}
   size_t G1HeapRegionSize                         = 1048576                                   {product} {ergonomic}
    uintx GCDrainStackTargetSize                   = 64                                        {product} {ergonomic}
   size_t InitialHeapSize                          = 130023424                                 {product} {ergonomic}
   size_t MarkStackSize                            = 4194304                                   {product} {ergonomic}
   size_t MaxHeapSize                              = 2069889024                                {product} {ergonomic}
   size_t MaxNewSize                               = 1241513984                                {product} {ergonomic}
   size_t MinHeapDeltaBytes                        = 1048576                                   {product} {ergonomic}
   size_t MinHeapSize                              = 8388608                                   {product} {ergonomic}
    uintx NonNMethodCodeHeapSize                   = 5832780                                {pd product} {ergonomic}
    uintx NonProfiledCodeHeapSize                  = 122912730                              {pd product} {ergonomic}
    uintx ProfiledCodeHeapSize                     = 122912730                              {pd product} {ergonomic}
    uintx ReservedCodeCacheSize                    = 251658240                              {pd product} {ergonomic}
     bool SegmentedCodeCache                       = true                                      {product} {ergonomic}
     bool ShowCodeDetailsInExceptionMessages       = true                                   {manageable} {command line}
   size_t SoftMaxHeapSize                          = 2069889024                             {manageable} {ergonomic}
     bool UseCompressedClassPointers               = true                                 {lp64_product} {ergonomic}
     bool UseCompressedOops                        = true                                 {lp64_product} {ergonomic}
     bool UseG1GC                                  = true                                      {product} {ergonomic}
     bool UseLargePagesIndividualAllocation        = false                                  {pd product} {ergonomic}

Logging:
Log output configuration:
 #0: stdout all=warning uptime,level,tags
 #1: stderr all=off uptime,level,tags

Environment Variables:
JAVA_HOME=C:\Program Files\Java\jdk1.8.0_281
PATH=C:\Users\Venkatesh Fin\Downloads\eclipse-java-2020-12\eclipse\plugins\org.eclipse.justj.openjdk.hotspot.jre.full.win32.x86_64_15.0.1.v20201027-0507\jre\bin;C:/Users/Venkatesh Fin/Downloads/eclipse-java-2020-12/eclipse//plugins/org.eclipse.justj.openjdk.hotspot.jre.full.win32.x86_64_15.0.1.v20201027-0507/jre/bin/server;C:/Users/Venkatesh Fin/Downloads/eclipse-java-2020-12/eclipse//plugins/org.eclipse.justj.openjdk.hotspot.jre.full.win32.x86_64_15.0.1.v20201027-0507/jre/bin;C:\Program Files\Java\jdk1.8.0_281\bin;C:\Program Files\nodejs;C:\Users\Venkatesh Fin\Downloads\Android\platform-tools;C:\Users\Venkatesh Fin\Downloads\Android\tools;C:\Program Files\MySQL\MySQL Shell 8.0\bin\;C:\Users\Venkatesh Fin\AppData\Local\Programs\Python\Python38\Scripts\;C:\Users\Venkatesh Fin\AppData\Local\Programs\Python\Python38\;C:\Users\Venkatesh Fin\AppData\Local\Programs\Microsoft VS Code\bin;C:\Users\Venkatesh Fin\AppData\Roaming\npm;C:\Users\Venkatesh Fin\Downloads\eclipse-java-2020-12\eclipse;
USERNAME=Harish
OS=Windows_NT
PROCESSOR_IDENTIFIER=Intel64 Family 6 Model 58 Stepping 9, GenuineIntel



---------------  S Y S T E M  ---------------

OS:
 Windows 8.1 , 64 bit Build 9600 (6.3.9600.19843)
OS uptime: 0 days 8:25 hours

CPU: total 4 (initial active 4) (2 cores per cpu, 2 threads per core) family 6 model 58 stepping 9 microcode 0x1b, cmov, cx8, fxsr, mmx, sse, sse2, sse3, ssse3, sse4.1, sse4.2, popcnt, vzeroupper, avx, clmul, erms, ht, tsc, tscinvbit, tscinv, clflush

Memory: 4k page, system-wide physical 7894M (1976M free)
TotalPageFile size 12992M (AvailPageFile size 1908M)
current process WorkingSet (physical memory assigned to process): 53M, peak: 75M
current process commit charge ("private bytes"): 208M, peak: 211M

vm_info: OpenJDK 64-Bit Server VM (15.0.1+9-18) for windows-amd64 JRE (15.0.1+9-18), built on Sep 15 2020 14:39:31 by "mach5one" with unknown MS VC++:1925

END.
